-------------------------------------------------------------------------------
Test set: com.rioiam.iiq.workflow.activatedeactivate.ActivateDeactivateWithExistingUserTest
-------------------------------------------------------------------------------
Tests run: 1, Failures: 1, Errors: 0, Skipped: 0, Time elapsed: 6.92 s <<< FAILURE! - in com.rioiam.iiq.workflow.activatedeactivate.ActivateDeactivateWithExistingUserTest
testActivateExistingUser(com.rioiam.iiq.workflow.activatedeactivate.ActivateDeactivateWithExistingUserTest)  Time elapsed: 0.092 s  <<< FAILURE!
java.lang.AssertionError: Workflow should be launched
	at com.rioiam.iiq.workflow.activatedeactivate.ActivateDeactivateWithExistingUserTest.testActivateExistingUser(ActivateDeactivateWithExistingUserTest.java:88)

