-------------------------------------------------------------------------------
Test set: com.rioiam.iiq.workflow.activatedeactivate.ActivateDeactivateIdentityCompleteTest
-------------------------------------------------------------------------------
Tests run: 1, Failures: 1, Errors: 0, Skipped: 0, Time elapsed: 37.127 s <<< FAILURE! - in com.rioiam.iiq.workflow.activatedeactivate.ActivateDeactivateIdentityCompleteTest
testActivateMultipleUsersWithRequestId(com.rioiam.iiq.workflow.activatedeactivate.ActivateDeactivateIdentityCompleteTest)  Time elapsed: 30.345 s  <<< FAILURE!
java.lang.AssertionError: Request Initiate form should appear
	at com.rioiam.iiq.workflow.activatedeactivate.ActivateDeactivateIdentityCompleteTest.testActivateMultipleUsersWithRequestId(ActivateDeactivateIdentityCompleteTest.java:146)

