-------------------------------------------------------------------------------
Test set: com.rioiam.iiq.workflow.activatedeactivate.ActivateDeactivateIdentityCompleteTest
-------------------------------------------------------------------------------
Tests run: 1, Failures: 1, Errors: 0, Skipped: 0, Time elapsed: 7.144 s <<< FAILURE! - in com.rioiam.iiq.workflow.activatedeactivate.ActivateDeactivateIdentityCompleteTest
testActivateMultipleUsersWithRequestId(com.rioiam.iiq.workflow.activatedeactivate.ActivateDeactivateIdentityCompleteTest)  Time elapsed: 0.112 s  <<< FAILURE!
java.lang.AssertionError: Workflow should be launched
	at com.rioiam.iiq.workflow.activatedeactivate.ActivateDeactivateIdentityCompleteTest.testActivateMultipleUsersWithRequestId(ActivateDeactivateIdentityCompleteTest.java:97)

