<?xml version="1.0" encoding="UTF-8"?>
<testsuite xmlns:xsi="http://www.w3.org/2001/XMLSchema-instance" xsi:noNamespaceSchemaLocation="https://maven.apache.org/surefire/maven-surefire-plugin/xsd/surefire-test-report.xsd" name="com.rioiam.iiq.workflow.activatedeactivate.ActivateDeactivateWithExistingUserTest" time="6.92" tests="1" errors="0" skipped="0" failures="1">
  <properties>
[...]
</properties>
  <testcase name="testActivateExistingUser" classname="com.rioiam.iiq.workflow.activatedeactivate.ActivateDeactivateWithExistingUserTest" time="0.092">
    <failure message="Workflow should be launched" type="java.lang.AssertionError">java.lang.AssertionError: Workflow should be launched
	at com.rioiam.iiq.workflow.activatedeactivate.ActivateDeactivateWithExistingUserTest.testActivateExistingUser(ActivateDeactivateWithExistingUserTest.java:88)
</failure>
    <system-out><![CDATA[2025-11-19 18:43:16 INFO  o.s.t.c.s.DefaultTestContextBootstrapper - Loaded default TestExecutionListener class names from location [META-INF/spring.factories]: [org.springframework.boot.test.mock.mockito.MockitoTestExecutionListener, org.springframework.boot.test.mock.mockito.ResetMocksTestExecutionListener, org.springframework.boot.test.autoconfigure.restdocs.RestDocsTestExecutionListener, org.springframework.boot.test.autoconfigure.web.client.MockRestServiceServerResetTestExecutionListener, org.springframework.boot.test.autoconfigure.web.servlet.MockMvcPrintOnlyOnFailureTestExecutionListener, org.springframework.boot.test.autoconfigure.web.servlet.WebDriverTestExecutionListener, org.springframework.boot.test.autoconfigure.webservices.client.MockWebServiceServerTestExecutionListener, org.springframework.test.context.web.ServletTestExecutionListener, org.springframework.test.context.support.DirtiesContextBeforeModesTestExecutionListener, org.springframework.test.context.event.ApplicationEventsTestExecutionListener, org.springframework.test.context.support.DependencyInjectionTestExecutionListener, org.springframework.test.context.support.DirtiesContextTestExecutionListener, org.springframework.test.context.transaction.TransactionalTestExecutionListener, org.springframework.test.context.jdbc.SqlScriptsTestExecutionListener, org.springframework.test.context.event.EventPublishingTestExecutionListener]
2025-11-19 18:43:16 INFO  o.s.t.c.s.DefaultTestContextBootstrapper - Using TestExecutionListeners: [org.springframework.test.context.web.ServletTestExecutionListener@1a942c18, org.springframework.test.context.support.DirtiesContextBeforeModesTestExecutionListener@55a147cc, org.springframework.test.context.event.ApplicationEventsTestExecutionListener@71ba6d4e, org.springframework.boot.test.mock.mockito.MockitoTestExecutionListener@738dc9b, org.springframework.test.context.support.DependencyInjectionTestExecutionListener@3c77d488, org.springframework.test.context.support.DirtiesContextTestExecutionListener@63376bed, org.springframework.test.context.transaction.TransactionalTestExecutionListener@4145bad8, org.springframework.test.context.jdbc.SqlScriptsTestExecutionListener@d86a6f, org.springframework.test.context.event.EventPublishingTestExecutionListener@2892d68, org.springframework.boot.test.mock.mockito.ResetMocksTestExecutionListener@5ab956d7, org.springframework.boot.test.autoconfigure.restdocs.RestDocsTestExecutionListener@3646a422, org.springframework.boot.test.autoconfigure.web.client.MockRestServiceServerResetTestExecutionListener@750e2b97, org.springframework.boot.test.autoconfigure.web.servlet.MockMvcPrintOnlyOnFailureTestExecutionListener@3e27aa33, org.springframework.boot.test.autoconfigure.web.servlet.WebDriverTestExecutionListener@2e385cce, org.springframework.boot.test.autoconfigure.webservices.client.MockWebServiceServerTestExecutionListener@2ddc9a9f]
2025-11-19 18:43:16 WARN  o.s.b.t.j.DuplicateJsonObjectContextCustomizerFactory$DuplicateJsonObjectContextCustomizer - 

Found multiple occurrences of org.json.JSONObject on the class path:

	jar:file:/Users/dineshjadhav/.m2/repository/com/vaadin/external/google/android-json/0.0.20131108.vaadin1/android-json-0.0.20131108.vaadin1.jar!/org/json/JSONObject.class
	jar:file:/Users/dineshjadhav/.m2/repository/org/json/json/20210307/json-20210307.jar!/org/json/JSONObject.class

You may wish to exclude one of them to ensure predictable runtime behavior

2025-11-19 18:43:16 INFO  c.r.iiq.config.EnvironmentConfig - ========================================
2025-11-19 18:43:16 INFO  c.r.iiq.config.EnvironmentConfig - Initializing Environment Configuration
2025-11-19 18:43:16 INFO  c.r.iiq.config.EnvironmentConfig - ========================================
2025-11-19 18:43:16 INFO  c.r.iiq.config.EnvironmentConfig - Active Profile: dev
2025-11-19 18:43:16 INFO  c.r.iiq.config.EnvironmentConfig - Environment Name: UNKNOWN
2025-11-19 18:43:16 INFO  c.r.iiq.config.EnvironmentConfig - IIQ Server URL: http://localhost:8080/identityiq
2025-11-19 18:43:16 INFO  c.r.iiq.config.EnvironmentConfig - IIQ Properties Location: classpath:iiq.properties
2025-11-19 18:43:16 INFO  c.r.iiq.config.EnvironmentConfig - ========================================
2025-11-19 18:43:16 INFO  c.r.iiq.config.EnvironmentConfig - Successfully loaded IIQ properties from: classpath:iiq.properties
2025-11-19 18:43:16 INFO  c.r.iiq.config.EnvironmentConfig - Validating environment configuration...
2025-11-19 18:43:16 INFO  c.r.iiq.config.EnvironmentConfig - ✓ Database URL configured: jdbc:mysql://localhost:3306/****
2025-11-19 18:43:16 INFO  c.r.iiq.config.EnvironmentConfig - ✓ IIQ Server URL configured: http://localhost:8080/identityiq
2025-11-19 18:43:16 INFO  c.r.iiq.config.EnvironmentConfig - ✓ Environment validation successful
2025-11-19 18:43:16 INFO  c.r.iiq.config.EnvironmentConfig - 
╔════════════════════════════════════════════╗
║        ENVIRONMENT CONFIGURATION           ║
╠════════════════════════════════════════════╣
║ Profile:     {:30}║
║ Environment: {:30}║
║ IIQ Server:  {:30}║
║ Database:    {:30}║
║ User:        {:30}║
╚════════════════════════════════════════════╝
2025-11-19 18:43:16 INFO  c.r.iiq.context.IIQRemoteContext - ========================================
2025-11-19 18:43:16 INFO  c.r.iiq.context.IIQRemoteContext - Initializing IIQ Remote Context
2025-11-19 18:43:16 INFO  c.r.iiq.context.IIQRemoteContext - ========================================
2025-11-19 18:43:16 INFO  c.r.iiq.context.IIQRemoteContext - Loading IIQ properties...
2025-11-19 18:43:16 INFO  c.r.iiq.context.IIQRemoteContext - sailpoint.home set to: /Users/dineshjadhav/Sailpoint/iiq85/tomcat/webapps/identityiq
2025-11-19 18:43:16 INFO  c.r.iiq.context.IIQRemoteContext - Initializing Spring Starter...
2025-11-19 18:43:16 INFO  sailpoint.spring.SpringStarter - Starting spring
2025-11-19 18:43:16 INFO  s.server.SpringPropertyOverrider - Could not set value on non-existent bean: org.springframework.beans.factory.NoSuchBeanDefinitionException: No bean named 'test' available
2025-11-19 18:43:16 INFO  s.server.SpringPropertyOverrider - Could not set value on non-existent bean: org.springframework.beans.factory.NoSuchBeanDefinitionException: No bean named 'test' available
2025-11-19 18:43:16 INFO  s.server.SpringPropertyOverrider - Could not set value on non-existent bean: org.springframework.beans.factory.NoSuchBeanDefinitionException: No bean named 'task' available
2025-11-19 18:43:16 INFO  s.server.SpringPropertyOverrider - Could not set value on non-existent bean: org.springframework.beans.factory.NoSuchBeanDefinitionException: No bean named 'database' available
2025-11-19 18:43:16 INFO  s.server.SpringPropertyOverrider - Could not set value on non-existent bean: org.springframework.beans.factory.NoSuchBeanDefinitionException: No bean named 'iiq' available
2025-11-19 18:43:16 INFO  s.server.SpringPropertyOverrider - Could not set value on non-existent bean: org.springframework.beans.factory.NoSuchBeanDefinitionException: No bean named 'iiq' available
2025-11-19 18:43:16 INFO  s.server.SpringPropertyOverrider - Could not set value on non-existent bean: org.springframework.beans.factory.NoSuchBeanDefinitionException: No bean named 'test' available
2025-11-19 18:43:16 INFO  s.server.SpringPropertyOverrider - Could not set value on non-existent bean: org.springframework.beans.factory.NoSuchBeanDefinitionException: No bean named 'test' available
2025-11-19 18:43:16 INFO  s.server.SpringPropertyOverrider - Could not set value on non-existent bean: org.springframework.beans.factory.NoSuchBeanDefinitionException: No bean named 'test' available
2025-11-19 18:43:16 INFO  s.server.SpringPropertyOverrider - Could not set value on non-existent bean: org.springframework.beans.factory.NoSuchBeanDefinitionException: No bean named 'iiq' available
2025-11-19 18:43:17 INFO  s.persistence.SailPointDataSource - getConnection 1
2025-11-19 18:43:17 INFO  sailpoint.api.SailPointFactory - Creating SailPointFactory
2025-11-19 18:43:17 INFO  s.persistence.SailPointDataSource - closeConnection 1
2025-11-19 18:43:17 INFO  s.persistence.SailPointDataSource - getConnection 2
2025-11-19 18:43:17 INFO  s.persistence.SailPointDataSource - closeConnection 2
2025-11-19 18:43:17 INFO  org.hibernate.Version - HHH000412: Hibernate ORM core version 5.6.15.Final
2025-11-19 18:43:17 INFO  org.hibernate.cfg.Environment - HHH000205: Loaded properties from resource hibernate.properties: {hibernate.bytecode.use_reflection_optimizer=false}
2025-11-19 18:43:17 INFO  o.h.annotations.common.Version - HCANN000001: Hibernate Commons Annotations {5.1.2.Final}
2025-11-19 18:43:17 WARN  org.hibernate.orm.deprecation - HHH90000012: Recognized obsolete hibernate namespace http://hibernate.sourceforge.net/hibernate-mapping. Use namespace http://www.hibernate.org/dtd/hibernate-mapping instead.  Support for obsolete DTD/XSD namespaces may be removed at any time.
2025-11-19 18:43:17 INFO  s.persistence.SailPointDataSource - getConnection 3
2025-11-19 18:43:17 INFO  org.hibernate.dialect.Dialect - HHH000400: Using dialect: org.hibernate.dialect.MySQL57Dialect
2025-11-19 18:43:17 INFO  s.persistence.SailPointDataSource - closeConnection 3
2025-11-19 18:43:18 WARN  org.hibernate.orm.deprecation - HHH90000025: Encountered multiple component mappings for the same java class [sailpoint.object.Permission] with different property mappings. This is deprecated and will be removed in a future version. Every property mapping combination should have its own java class
2025-11-19 18:43:18 WARN  org.hibernate.orm.deprecation - HHH90000025: Encountered multiple component mappings for the same java class [sailpoint.object.Permission] with different property mappings. This is deprecated and will be removed in a future version. Every property mapping combination should have its own java class
2025-11-19 18:43:18 WARN  org.hibernate.orm.deprecation - HHH90000025: Encountered multiple component mappings for the same java class [sailpoint.object.Permission] with different property mappings. This is deprecated and will be removed in a future version. Every property mapping combination should have its own java class
2025-11-19 18:43:18 WARN  org.hibernate.orm.deprecation - HHH90000025: Encountered multiple component mappings for the same java class [sailpoint.object.Permission] with different property mappings. This is deprecated and will be removed in a future version. Every property mapping combination should have its own java class
2025-11-19 18:43:18 WARN  org.hibernate.orm.deprecation - HHH90000025: Encountered multiple component mappings for the same java class [sailpoint.object.Permission] with different property mappings. This is deprecated and will be removed in a future version. Every property mapping combination should have its own java class
2025-11-19 18:43:18 WARN  org.hibernate.orm.deprecation - HHH90000025: Encountered multiple component mappings for the same java class [sailpoint.object.Permission] with different property mappings. This is deprecated and will be removed in a future version. Every property mapping combination should have its own java class
2025-11-19 18:43:18 WARN  org.hibernate.orm.deprecation - HHH90000025: Encountered multiple component mappings for the same java class [sailpoint.object.Permission] with different property mappings. This is deprecated and will be removed in a future version. Every property mapping combination should have its own java class
2025-11-19 18:43:18 WARN  org.hibernate.orm.deprecation - HHH90000025: Encountered multiple component mappings for the same java class [sailpoint.object.Permission] with different property mappings. This is deprecated and will be removed in a future version. Every property mapping combination should have its own java class
2025-11-19 18:43:18 WARN  org.hibernate.orm.deprecation - HHH90000025: Encountered multiple component mappings for the same java class [sailpoint.object.Permission] with different property mappings. This is deprecated and will be removed in a future version. Every property mapping combination should have its own java class
2025-11-19 18:43:18 WARN  org.hibernate.orm.deprecation - HHH90000025: Encountered multiple component mappings for the same java class [sailpoint.object.Permission] with different property mappings. This is deprecated and will be removed in a future version. Every property mapping combination should have its own java class
2025-11-19 18:43:18 INFO  o.h.e.t.j.p.i.JtaPlatformInitiator - HHH000490: Using JtaPlatform implementation: [org.hibernate.engine.transaction.jta.platform.internal.NoJtaPlatform]
2025-11-19 18:43:18 INFO  s.persistence.SailPointDataSource - getConnection 4
2025-11-19 18:43:18 INFO  org.hibernate.dialect.Dialect - HHH000400: Using dialect: org.hibernate.dialect.MySQL57Dialect
2025-11-19 18:43:18 INFO  s.persistence.SailPointDataSource - closeConnection 4
2025-11-19 18:43:19 INFO  org.ehcache.core.EhcacheManager - Cache 'sailpoint.object.ServiceStatus' created in EhcacheManager.
2025-11-19 18:43:19 INFO  org.ehcache.core.EhcacheManager - Cache 'default-query-results-region' created in EhcacheManager.
2025-11-19 18:43:19 INFO  org.ehcache.core.EhcacheManager - Cache 'sailpoint.object.JasperTemplate' created in EhcacheManager.
2025-11-19 18:43:19 INFO  org.ehcache.core.EhcacheManager - Cache 'sailpoint.object.TaskDefinition.signature.returns' created in EhcacheManager.
2025-11-19 18:43:19 INFO  org.ehcache.core.EhcacheManager - Cache 'sailpoint.object.Application.passwordPolicies' created in EhcacheManager.
2025-11-19 18:43:19 INFO  org.ehcache.core.EhcacheManager - Cache 'sailpoint.object.IdentityArchive' created in EhcacheManager.
2025-11-19 18:43:19 INFO  org.ehcache.core.EhcacheManager - Cache 'sailpoint.object.ScoreDefinition' created in EhcacheManager.
2025-11-19 18:43:19 INFO  org.ehcache.core.EhcacheManager - Cache 'sailpoint.object.GroupIndex' created in EhcacheManager.
2025-11-19 18:43:19 INFO  org.ehcache.core.EhcacheManager - Cache 'sailpoint.object.Bundle.profiles' created in EhcacheManager.
2025-11-19 18:43:19 INFO  org.ehcache.core.EhcacheManager - Cache 'sailpoint.object.AbstractCertificationItem' created in EhcacheManager.
2025-11-19 18:43:19 INFO  org.ehcache.core.EhcacheManager - Cache 'sailpoint.object.WorkItem.remediationItems' created in EhcacheManager.
2025-11-19 18:43:19 INFO  org.ehcache.core.EhcacheManager - Cache 'sailpoint.object.Certification.entities' created in EhcacheManager.
2025-11-19 18:43:19 INFO  org.ehcache.core.EhcacheManager - Cache 'sailpoint.object.Category' created in EhcacheManager.
2025-11-19 18:43:19 INFO  org.ehcache.core.EhcacheManager - Cache 'sailpoint.object.CertificationDelegation' created in EhcacheManager.
2025-11-19 18:43:19 INFO  org.ehcache.core.EhcacheManager - Cache 'sailpoint.object.GroupDefinition' created in EhcacheManager.
2025-11-19 18:43:19 INFO  org.ehcache.core.EhcacheManager - Cache 'sailpoint.object.Identity.links' created in EhcacheManager.
2025-11-19 18:43:19 INFO  org.ehcache.core.EhcacheManager - Cache 'sailpoint.object.Identity.exceptions' created in EhcacheManager.
2025-11-19 18:43:19 INFO  org.ehcache.core.EhcacheManager - Cache 'sailpoint.object.Scope.childScopes' created in EhcacheManager.
2025-11-19 18:43:19 INFO  org.ehcache.core.EhcacheManager - Cache 'sailpoint.object.ManagedAttribute' created in EhcacheManager.
2025-11-19 18:43:19 INFO  org.ehcache.core.EhcacheManager - Cache 'sailpoint.object.Application' created in EhcacheManager.
2025-11-19 18:43:19 INFO  org.ehcache.core.EhcacheManager - Cache 'sailpoint.object.UIPreferences' created in EhcacheManager.
2025-11-19 18:43:19 INFO  org.ehcache.core.EhcacheManager - Cache 'sailpoint.object.Request' created in EhcacheManager.
2025-11-19 18:43:19 INFO  org.ehcache.core.EhcacheManager - Cache 'sailpoint.object.ScoreConfig' created in EhcacheManager.
2025-11-19 18:43:19 INFO  org.ehcache.core.EhcacheManager - Cache 'sailpoint.object.DynamicScope.inclusions' created in EhcacheManager.
2025-11-19 18:43:19 INFO  org.ehcache.core.EhcacheManager - Cache 'sailpoint.object.MessageTemplate' created in EhcacheManager.
2025-11-19 18:43:19 INFO  org.ehcache.core.EhcacheManager - Cache 'sailpoint.object.EntitlementSnapshot.permissions' created in EhcacheManager.
2025-11-19 18:43:19 INFO  org.ehcache.core.EhcacheManager - Cache 'sailpoint.object.QuickLink.dynamicScopes' created in EhcacheManager.
2025-11-19 18:43:19 INFO  org.ehcache.core.EhcacheManager - Cache 'sailpoint.object.WorkItem' created in EhcacheManager.
2025-11-19 18:43:19 INFO  org.ehcache.core.EhcacheManager - Cache 'sailpoint.object.CertificationItem.entitlements' created in EhcacheManager.
2025-11-19 18:43:19 INFO  org.ehcache.core.EhcacheManager - Cache 'sailpoint.object.BundleArchive' created in EhcacheManager.
2025-11-19 18:43:19 INFO  org.ehcache.core.EhcacheManager - Cache 'sailpoint.object.RuleRegistry' created in EhcacheManager.
2025-11-19 18:43:19 INFO  org.ehcache.core.EhcacheManager - Cache 'sailpoint.object.RoleMiningResult' created in EhcacheManager.
2025-11-19 18:43:19 INFO  org.ehcache.core.EhcacheManager - Cache 'sailpoint.object.AuditEvent' created in EhcacheManager.
2025-11-19 18:43:19 INFO  org.ehcache.core.EhcacheManager - Cache 'sailpoint.object.TaskDefinition.signature.arguments' created in EhcacheManager.
2025-11-19 18:43:19 INFO  org.ehcache.core.EhcacheManager - Cache 'sailpoint.object.Profile.constraints' created in EhcacheManager.
2025-11-19 18:43:19 INFO  org.ehcache.core.EhcacheManager - Cache 'sailpoint.object.ServiceDefinition' created in EhcacheManager.
2025-11-19 18:43:19 INFO  org.ehcache.core.EhcacheManager - Cache 'sailpoint.object.Tag' created in EhcacheManager.
2025-11-19 18:43:19 INFO  org.ehcache.core.EhcacheManager - Cache 'sailpoint.object.UIConfig' created in EhcacheManager.
2025-11-19 18:43:19 INFO  org.ehcache.core.EhcacheManager - Cache 'sailpoint.object.Schema.attributes' created in EhcacheManager.
2025-11-19 18:43:19 INFO  org.ehcache.core.EhcacheManager - Cache 'sailpoint.object.Scorecard' created in EhcacheManager.
2025-11-19 18:43:19 INFO  org.ehcache.core.EhcacheManager - Cache 'sailpoint.object.CertificationEntity.items' created in EhcacheManager.
2025-11-19 18:43:19 INFO  org.ehcache.core.EhcacheManager - Cache 'sailpoint.object.Rule.referencedRules' created in EhcacheManager.
2025-11-19 18:43:19 INFO  org.ehcache.core.EhcacheManager - Cache 'sailpoint.object.ActivityDataSource' created in EhcacheManager.
2025-11-19 18:43:19 INFO  org.ehcache.core.EhcacheManager - Cache 'sailpoint.object.CertificationDefinition' created in EhcacheManager.
2025-11-19 18:43:19 INFO  org.ehcache.core.EhcacheManager - Cache 'sailpoint.object.PasswordPolicy' created in EhcacheManager.
2025-11-19 18:43:19 INFO  org.ehcache.core.EhcacheManager - Cache 'sailpoint.object.RemediationItem' created in EhcacheManager.
2025-11-19 18:43:19 INFO  org.ehcache.core.EhcacheManager - Cache 'sailpoint.object.AuditConfig' created in EhcacheManager.
2025-11-19 18:43:19 INFO  org.ehcache.core.EhcacheManager - Cache 'sailpoint.object.RequestDefinition.signature.returns' created in EhcacheManager.
2025-11-19 18:43:19 INFO  org.ehcache.core.EhcacheManager - Cache 'sailpoint.object.Identity.controlledScopes' created in EhcacheManager.
2025-11-19 18:43:19 INFO  org.ehcache.core.EhcacheManager - Cache 'sailpoint.object.RequestDefinition.rights' created in EhcacheManager.
2025-11-19 18:43:19 INFO  org.ehcache.core.EhcacheManager - Cache 'sailpoint.object.Rule.signature.arguments' created in EhcacheManager.
2025-11-19 18:43:19 INFO  org.ehcache.core.EhcacheManager - Cache 'sailpoint.object.EntitlementGroup.permissions' created in EhcacheManager.
2025-11-19 18:43:19 INFO  org.ehcache.core.EhcacheManager - Cache 'sailpoint.object.Bundle.permits' created in EhcacheManager.
2025-11-19 18:43:19 INFO  org.ehcache.core.EhcacheManager - Cache 'sailpoint.object.Application.secondaryOwners' created in EhcacheManager.
2025-11-19 18:43:19 INFO  org.ehcache.core.EhcacheManager - Cache 'sailpoint.object.AggregateScore' created in EhcacheManager.
2025-11-19 18:43:19 INFO  org.ehcache.core.EhcacheManager - Cache 'sailpoint.object.IdentityTrigger' created in EhcacheManager.
2025-11-19 18:43:19 INFO  org.ehcache.core.EhcacheManager - Cache 'sailpoint.object.WorkflowCase' created in EhcacheManager.
2025-11-19 18:43:19 INFO  org.ehcache.core.EhcacheManager - Cache 'sailpoint.object.Identity.mitigationExpirations' created in EhcacheManager.
2025-11-19 18:43:19 INFO  org.ehcache.core.EhcacheManager - Cache 'sailpoint.object.TaskDefinition.rights' created in EhcacheManager.
2025-11-19 18:43:19 INFO  org.ehcache.core.EhcacheManager - Cache 'sailpoint.object.Rule' created in EhcacheManager.
2025-11-19 18:43:19 INFO  org.ehcache.core.EhcacheManager - Cache 'sailpoint.object.Application.remediators' created in EhcacheManager.
2025-11-19 18:43:19 INFO  org.ehcache.core.EhcacheManager - Cache 'sailpoint.object.Bundle.requirements' created in EhcacheManager.
2025-11-19 18:43:19 INFO  org.ehcache.core.EhcacheManager - Cache 'sailpoint.object.Capability' created in EhcacheManager.
2025-11-19 18:43:19 INFO  org.ehcache.core.EhcacheManager - Cache 'sailpoint.object.QuickLink' created in EhcacheManager.
2025-11-19 18:43:19 INFO  org.ehcache.core.EhcacheManager - Cache 'sailpoint.object.AuthenticationQuestion' created in EhcacheManager.
2025-11-19 18:43:19 INFO  org.ehcache.core.EhcacheManager - Cache 'sailpoint.object.Link' created in EhcacheManager.
2025-11-19 18:43:19 INFO  org.ehcache.core.EhcacheManager - Cache 'sailpoint.object.TaskResult' created in EhcacheManager.
2025-11-19 18:43:19 INFO  org.ehcache.core.EhcacheManager - Cache 'sailpoint.object.Configuration' created in EhcacheManager.
2025-11-19 18:43:19 INFO  org.ehcache.core.EhcacheManager - Cache 'sailpoint.object.Identity.bundles' created in EhcacheManager.
2025-11-19 18:43:19 INFO  org.ehcache.core.EhcacheManager - Cache 'sailpoint.object.RuleRegistry.registry' created in EhcacheManager.
2025-11-19 18:43:19 INFO  org.ehcache.core.EhcacheManager - Cache 'sailpoint.object.Capability.inheritedCapabilities' created in EhcacheManager.
2025-11-19 18:43:19 INFO  org.ehcache.core.EhcacheManager - Cache 'sailpoint.object.Rule.signature.returns' created in EhcacheManager.
2025-11-19 18:43:19 INFO  org.ehcache.core.EhcacheManager - Cache 'sailpoint.object.MiningConfig' created in EhcacheManager.
2025-11-19 18:43:19 INFO  org.ehcache.core.EhcacheManager - Cache 'sailpoint.object.Scope' created in EhcacheManager.
2025-11-19 18:43:19 INFO  org.ehcache.core.EhcacheManager - Cache 'sailpoint.object.DatabaseVersion' created in EhcacheManager.
2025-11-19 18:43:19 INFO  org.ehcache.core.EhcacheManager - Cache 'sailpoint.object.TaskDefinition' created in EhcacheManager.
2025-11-19 18:43:19 INFO  org.ehcache.core.EhcacheManager - Cache 'sailpoint.object.AccountGroup' created in EhcacheManager.
2025-11-19 18:43:19 INFO  org.ehcache.core.EhcacheManager - Cache 'sailpoint.object.CertificationItem.bundleEntitlements' created in EhcacheManager.
2025-11-19 18:43:19 INFO  org.ehcache.core.EhcacheManager - Cache 'sailpoint.object.EntitlementGroup' created in EhcacheManager.
2025-11-19 18:43:19 INFO  org.ehcache.core.EhcacheManager - Cache 'sailpoint.object.EntitlementSnapshot' created in EhcacheManager.
2025-11-19 18:43:19 INFO  org.ehcache.core.EhcacheManager - Cache 'sailpoint.object.Application.schemas' created in EhcacheManager.
2025-11-19 18:43:19 INFO  org.ehcache.core.EhcacheManager - Cache 'sailpoint.object.GroupFactory' created in EhcacheManager.
2025-11-19 18:43:19 INFO  org.ehcache.core.EhcacheManager - Cache 'sailpoint.object.CertificationChallenge' created in EhcacheManager.
2025-11-19 18:43:19 INFO  org.ehcache.core.EhcacheManager - Cache 'sailpoint.object.AuthenticationAnswer' created in EhcacheManager.
2025-11-19 18:43:19 INFO  org.ehcache.core.EhcacheManager - Cache 'sailpoint.object.FullTextIndex' created in EhcacheManager.
2025-11-19 18:43:19 INFO  org.ehcache.core.EhcacheManager - Cache 'sailpoint.object.IntegrationConfig' created in EhcacheManager.
2025-11-19 18:43:19 INFO  org.ehcache.core.EhcacheManager - Cache 'sailpoint.object.RemediationItem.comments' created in EhcacheManager.
2025-11-19 18:43:19 INFO  org.ehcache.core.EhcacheManager - Cache 'sailpoint.object.Widget' created in EhcacheManager.
2025-11-19 18:43:19 INFO  org.ehcache.core.EhcacheManager - Cache 'sailpoint.object.Profile.permissions' created in EhcacheManager.
2025-11-19 18:43:19 INFO  org.ehcache.core.EhcacheManager - Cache 'sailpoint.object.Form' created in EhcacheManager.
2025-11-19 18:43:19 INFO  org.ehcache.core.EhcacheManager - Cache 'sailpoint.object.QuickLinkOptions' created in EhcacheManager.
2025-11-19 18:43:19 INFO  org.ehcache.core.EhcacheManager - Cache 'sailpoint.object.ApplicationScorecard' created in EhcacheManager.
2025-11-19 18:43:19 INFO  org.ehcache.core.EhcacheManager - Cache 'sailpoint.object.Certification.hibernateCertifications' created in EhcacheManager.
2025-11-19 18:43:19 INFO  org.ehcache.core.EhcacheManager - Cache 'default-update-timestamps-region' created in EhcacheManager.
2025-11-19 18:43:19 INFO  org.ehcache.core.EhcacheManager - Cache 'sailpoint.object.JasperResult' created in EhcacheManager.
2025-11-19 18:43:19 INFO  org.ehcache.core.EhcacheManager - Cache 'sailpoint.object.MitigationExpiration' created in EhcacheManager.
2025-11-19 18:43:19 INFO  org.ehcache.core.EhcacheManager - Cache 'sailpoint.object.CertificationAction' created in EhcacheManager.
2025-11-19 18:43:19 INFO  org.ehcache.core.EhcacheManager - Cache 'sailpoint.object.PasswordPolicyHolder' created in EhcacheManager.
2025-11-19 18:43:19 INFO  org.ehcache.core.EhcacheManager - Cache 'sailpoint.object.RightConfig' created in EhcacheManager.
2025-11-19 18:43:19 INFO  org.ehcache.core.EhcacheManager - Cache 'sailpoint.object.Workflow' created in EhcacheManager.
2025-11-19 18:43:19 INFO  org.ehcache.core.EhcacheManager - Cache 'sailpoint.object.Identity.capabilities' created in EhcacheManager.
2025-11-19 18:43:19 INFO  org.ehcache.core.EhcacheManager - Cache 'sailpoint.object.Profile' created in EhcacheManager.
2025-11-19 18:43:19 INFO  org.ehcache.core.EhcacheManager - Cache 'sailpoint.object.Bundle' created in EhcacheManager.
2025-11-19 18:43:19 INFO  org.ehcache.core.EhcacheManager - Cache 'sailpoint.object.Certification.tags' created in EhcacheManager.
2025-11-19 18:43:19 INFO  org.ehcache.core.EhcacheManager - Cache 'sailpoint.object.Bundle.inheritance' created in EhcacheManager.
2025-11-19 18:43:19 INFO  org.ehcache.core.EhcacheManager - Cache 'sailpoint.object.CertificationArchive' created in EhcacheManager.
2025-11-19 18:43:19 INFO  org.ehcache.core.EhcacheManager - Cache 'sailpoint.object.IdentitySnapshot' created in EhcacheManager.
2025-11-19 18:43:19 INFO  org.ehcache.core.EhcacheManager - Cache 'sailpoint.object.Application.activityDataSources' created in EhcacheManager.
2025-11-19 18:43:19 INFO  org.ehcache.core.EhcacheManager - Cache 'sailpoint.object.Identity.authenticationAnswers' created in EhcacheManager.
2025-11-19 18:43:19 INFO  org.ehcache.core.EhcacheManager - Cache 'sailpoint.object.Capability.rights' created in EhcacheManager.
2025-11-19 18:43:19 INFO  org.ehcache.core.EhcacheManager - Cache 'sailpoint.object.RequestDefinition.signature.arguments' created in EhcacheManager.
2025-11-19 18:43:19 INFO  org.ehcache.core.EhcacheManager - Cache 'sailpoint.object.ArchivedCertificationEntity' created in EhcacheManager.
2025-11-19 18:43:19 INFO  org.ehcache.core.EhcacheManager - Cache 'sailpoint.object.AbstractCertificationItem.items' created in EhcacheManager.
2025-11-19 18:43:19 INFO  org.ehcache.core.EhcacheManager - Cache 'sailpoint.object.PartitionResult' created in EhcacheManager.
2025-11-19 18:43:19 INFO  org.ehcache.core.EhcacheManager - Cache 'sailpoint.object.DynamicScope.exclusions' created in EhcacheManager.
2025-11-19 18:43:19 INFO  org.ehcache.core.EhcacheManager - Cache 'sailpoint.object.CertificationDefinition.tags' created in EhcacheManager.
2025-11-19 18:43:19 INFO  org.ehcache.core.EhcacheManager - Cache 'sailpoint.object.DynamicScope' created in EhcacheManager.
2025-11-19 18:43:19 INFO  org.ehcache.core.EhcacheManager - Cache 'sailpoint.object.Schema' created in EhcacheManager.
2025-11-19 18:43:19 INFO  org.ehcache.core.EhcacheManager - Cache 'sailpoint.object.IntegrationConfig.synchronizedRoles' created in EhcacheManager.
2025-11-19 18:43:19 INFO  org.ehcache.core.EhcacheManager - Cache 'sailpoint.object.WorkItem.comments' created in EhcacheManager.
2025-11-19 18:43:19 INFO  org.ehcache.core.EhcacheManager - Cache 'sailpoint.object.TimePeriod' created in EhcacheManager.
2025-11-19 18:43:19 INFO  org.ehcache.core.EhcacheManager - Cache 'sailpoint.object.Certification' created in EhcacheManager.
2025-11-19 18:43:19 INFO  org.ehcache.core.EhcacheManager - Cache 'sailpoint.object.EmailTemplate' created in EhcacheManager.
2025-11-19 18:43:19 INFO  org.ehcache.core.EhcacheManager - Cache 'sailpoint.object.Identity' created in EhcacheManager.
2025-11-19 18:43:19 INFO  org.ehcache.core.EhcacheManager - Cache 'sailpoint.object.Certification.archivedEntities' created in EhcacheManager.
2025-11-19 18:43:19 INFO  org.ehcache.core.EhcacheManager - Cache 'sailpoint.object.RequestDefinition' created in EhcacheManager.
2025-11-19 18:43:19 INFO  org.ehcache.core.EhcacheManager - Cache 'sailpoint.object.WorkItemConfig' created in EhcacheManager.
2025-11-19 18:43:19 INFO  org.ehcache.core.EhcacheManager - Cache 'sailpoint.object.ObjectConfig' created in EhcacheManager.
2025-11-19 18:43:19 INFO  org.ehcache.core.EhcacheManager - Cache 'sailpoint.object.WorkItemConfig.owners' created in EhcacheManager.
2025-11-19 18:43:19 INFO  org.ehcache.core.EhcacheManager - Cache 'sailpoint.object.EmailTemplate.sessionProperties' created in EhcacheManager.
2025-11-19 18:43:19 INFO  org.ehcache.jsr107.Eh107CacheManager - Registering Ehcache MBean javax.cache:type=CacheConfiguration,CacheManager=jar.file./Users/dineshjadhav/Sailpoint/rioiam-remote-test-framework/lib/identityiq.jar!/ehcache.xml,Cache=sailpoint.object.ServiceStatus
2025-11-19 18:43:19 INFO  org.ehcache.jsr107.Eh107CacheManager - Registering Ehcache MBean javax.cache:type=CacheStatistics,CacheManager=jar.file./Users/dineshjadhav/Sailpoint/rioiam-remote-test-framework/lib/identityiq.jar!/ehcache.xml,Cache=sailpoint.object.ServiceStatus
2025-11-19 18:43:19 INFO  org.ehcache.jsr107.Eh107CacheManager - Registering Ehcache MBean javax.cache:type=CacheConfiguration,CacheManager=jar.file./Users/dineshjadhav/Sailpoint/rioiam-remote-test-framework/lib/identityiq.jar!/ehcache.xml,Cache=default-query-results-region
2025-11-19 18:43:19 INFO  org.ehcache.jsr107.Eh107CacheManager - Registering Ehcache MBean javax.cache:type=CacheStatistics,CacheManager=jar.file./Users/dineshjadhav/Sailpoint/rioiam-remote-test-framework/lib/identityiq.jar!/ehcache.xml,Cache=default-query-results-region
2025-11-19 18:43:19 INFO  org.ehcache.jsr107.Eh107CacheManager - Registering Ehcache MBean javax.cache:type=CacheConfiguration,CacheManager=jar.file./Users/dineshjadhav/Sailpoint/rioiam-remote-test-framework/lib/identityiq.jar!/ehcache.xml,Cache=sailpoint.object.JasperTemplate
2025-11-19 18:43:19 INFO  org.ehcache.jsr107.Eh107CacheManager - Registering Ehcache MBean javax.cache:type=CacheStatistics,CacheManager=jar.file./Users/dineshjadhav/Sailpoint/rioiam-remote-test-framework/lib/identityiq.jar!/ehcache.xml,Cache=sailpoint.object.JasperTemplate
2025-11-19 18:43:19 INFO  org.ehcache.jsr107.Eh107CacheManager - Registering Ehcache MBean javax.cache:type=CacheConfiguration,CacheManager=jar.file./Users/dineshjadhav/Sailpoint/rioiam-remote-test-framework/lib/identityiq.jar!/ehcache.xml,Cache=sailpoint.object.TaskDefinition.signature.returns
2025-11-19 18:43:19 INFO  org.ehcache.jsr107.Eh107CacheManager - Registering Ehcache MBean javax.cache:type=CacheStatistics,CacheManager=jar.file./Users/dineshjadhav/Sailpoint/rioiam-remote-test-framework/lib/identityiq.jar!/ehcache.xml,Cache=sailpoint.object.TaskDefinition.signature.returns
2025-11-19 18:43:19 INFO  org.ehcache.jsr107.Eh107CacheManager - Registering Ehcache MBean javax.cache:type=CacheConfiguration,CacheManager=jar.file./Users/dineshjadhav/Sailpoint/rioiam-remote-test-framework/lib/identityiq.jar!/ehcache.xml,Cache=sailpoint.object.Application.passwordPolicies
2025-11-19 18:43:19 INFO  org.ehcache.jsr107.Eh107CacheManager - Registering Ehcache MBean javax.cache:type=CacheStatistics,CacheManager=jar.file./Users/dineshjadhav/Sailpoint/rioiam-remote-test-framework/lib/identityiq.jar!/ehcache.xml,Cache=sailpoint.object.Application.passwordPolicies
2025-11-19 18:43:19 INFO  org.ehcache.jsr107.Eh107CacheManager - Registering Ehcache MBean javax.cache:type=CacheConfiguration,CacheManager=jar.file./Users/dineshjadhav/Sailpoint/rioiam-remote-test-framework/lib/identityiq.jar!/ehcache.xml,Cache=sailpoint.object.IdentityArchive
2025-11-19 18:43:19 INFO  org.ehcache.jsr107.Eh107CacheManager - Registering Ehcache MBean javax.cache:type=CacheStatistics,CacheManager=jar.file./Users/dineshjadhav/Sailpoint/rioiam-remote-test-framework/lib/identityiq.jar!/ehcache.xml,Cache=sailpoint.object.IdentityArchive
2025-11-19 18:43:19 INFO  org.ehcache.jsr107.Eh107CacheManager - Registering Ehcache MBean javax.cache:type=CacheConfiguration,CacheManager=jar.file./Users/dineshjadhav/Sailpoint/rioiam-remote-test-framework/lib/identityiq.jar!/ehcache.xml,Cache=sailpoint.object.ScoreDefinition
2025-11-19 18:43:19 INFO  org.ehcache.jsr107.Eh107CacheManager - Registering Ehcache MBean javax.cache:type=CacheStatistics,CacheManager=jar.file./Users/dineshjadhav/Sailpoint/rioiam-remote-test-framework/lib/identityiq.jar!/ehcache.xml,Cache=sailpoint.object.ScoreDefinition
2025-11-19 18:43:19 INFO  org.ehcache.jsr107.Eh107CacheManager - Registering Ehcache MBean javax.cache:type=CacheConfiguration,CacheManager=jar.file./Users/dineshjadhav/Sailpoint/rioiam-remote-test-framework/lib/identityiq.jar!/ehcache.xml,Cache=sailpoint.object.GroupIndex
2025-11-19 18:43:19 INFO  org.ehcache.jsr107.Eh107CacheManager - Registering Ehcache MBean javax.cache:type=CacheStatistics,CacheManager=jar.file./Users/dineshjadhav/Sailpoint/rioiam-remote-test-framework/lib/identityiq.jar!/ehcache.xml,Cache=sailpoint.object.GroupIndex
2025-11-19 18:43:19 INFO  org.ehcache.jsr107.Eh107CacheManager - Registering Ehcache MBean javax.cache:type=CacheConfiguration,CacheManager=jar.file./Users/dineshjadhav/Sailpoint/rioiam-remote-test-framework/lib/identityiq.jar!/ehcache.xml,Cache=sailpoint.object.Bundle.profiles
2025-11-19 18:43:19 INFO  org.ehcache.jsr107.Eh107CacheManager - Registering Ehcache MBean javax.cache:type=CacheStatistics,CacheManager=jar.file./Users/dineshjadhav/Sailpoint/rioiam-remote-test-framework/lib/identityiq.jar!/ehcache.xml,Cache=sailpoint.object.Bundle.profiles
2025-11-19 18:43:19 INFO  org.ehcache.jsr107.Eh107CacheManager - Registering Ehcache MBean javax.cache:type=CacheConfiguration,CacheManager=jar.file./Users/dineshjadhav/Sailpoint/rioiam-remote-test-framework/lib/identityiq.jar!/ehcache.xml,Cache=sailpoint.object.AbstractCertificationItem
2025-11-19 18:43:19 INFO  org.ehcache.jsr107.Eh107CacheManager - Registering Ehcache MBean javax.cache:type=CacheStatistics,CacheManager=jar.file./Users/dineshjadhav/Sailpoint/rioiam-remote-test-framework/lib/identityiq.jar!/ehcache.xml,Cache=sailpoint.object.AbstractCertificationItem
2025-11-19 18:43:19 INFO  org.ehcache.jsr107.Eh107CacheManager - Registering Ehcache MBean javax.cache:type=CacheConfiguration,CacheManager=jar.file./Users/dineshjadhav/Sailpoint/rioiam-remote-test-framework/lib/identityiq.jar!/ehcache.xml,Cache=sailpoint.object.WorkItem.remediationItems
2025-11-19 18:43:19 INFO  org.ehcache.jsr107.Eh107CacheManager - Registering Ehcache MBean javax.cache:type=CacheStatistics,CacheManager=jar.file./Users/dineshjadhav/Sailpoint/rioiam-remote-test-framework/lib/identityiq.jar!/ehcache.xml,Cache=sailpoint.object.WorkItem.remediationItems
2025-11-19 18:43:19 INFO  org.ehcache.jsr107.Eh107CacheManager - Registering Ehcache MBean javax.cache:type=CacheConfiguration,CacheManager=jar.file./Users/dineshjadhav/Sailpoint/rioiam-remote-test-framework/lib/identityiq.jar!/ehcache.xml,Cache=sailpoint.object.Certification.entities
2025-11-19 18:43:19 INFO  org.ehcache.jsr107.Eh107CacheManager - Registering Ehcache MBean javax.cache:type=CacheStatistics,CacheManager=jar.file./Users/dineshjadhav/Sailpoint/rioiam-remote-test-framework/lib/identityiq.jar!/ehcache.xml,Cache=sailpoint.object.Certification.entities
2025-11-19 18:43:19 INFO  org.ehcache.jsr107.Eh107CacheManager - Registering Ehcache MBean javax.cache:type=CacheConfiguration,CacheManager=jar.file./Users/dineshjadhav/Sailpoint/rioiam-remote-test-framework/lib/identityiq.jar!/ehcache.xml,Cache=sailpoint.object.Category
2025-11-19 18:43:19 INFO  org.ehcache.jsr107.Eh107CacheManager - Registering Ehcache MBean javax.cache:type=CacheStatistics,CacheManager=jar.file./Users/dineshjadhav/Sailpoint/rioiam-remote-test-framework/lib/identityiq.jar!/ehcache.xml,Cache=sailpoint.object.Category
2025-11-19 18:43:19 INFO  org.ehcache.jsr107.Eh107CacheManager - Registering Ehcache MBean javax.cache:type=CacheConfiguration,CacheManager=jar.file./Users/dineshjadhav/Sailpoint/rioiam-remote-test-framework/lib/identityiq.jar!/ehcache.xml,Cache=sailpoint.object.CertificationDelegation
2025-11-19 18:43:19 INFO  org.ehcache.jsr107.Eh107CacheManager - Registering Ehcache MBean javax.cache:type=CacheStatistics,CacheManager=jar.file./Users/dineshjadhav/Sailpoint/rioiam-remote-test-framework/lib/identityiq.jar!/ehcache.xml,Cache=sailpoint.object.CertificationDelegation
2025-11-19 18:43:19 INFO  org.ehcache.jsr107.Eh107CacheManager - Registering Ehcache MBean javax.cache:type=CacheConfiguration,CacheManager=jar.file./Users/dineshjadhav/Sailpoint/rioiam-remote-test-framework/lib/identityiq.jar!/ehcache.xml,Cache=sailpoint.object.GroupDefinition
2025-11-19 18:43:19 INFO  org.ehcache.jsr107.Eh107CacheManager - Registering Ehcache MBean javax.cache:type=CacheStatistics,CacheManager=jar.file./Users/dineshjadhav/Sailpoint/rioiam-remote-test-framework/lib/identityiq.jar!/ehcache.xml,Cache=sailpoint.object.GroupDefinition
2025-11-19 18:43:19 INFO  org.ehcache.jsr107.Eh107CacheManager - Registering Ehcache MBean javax.cache:type=CacheConfiguration,CacheManager=jar.file./Users/dineshjadhav/Sailpoint/rioiam-remote-test-framework/lib/identityiq.jar!/ehcache.xml,Cache=sailpoint.object.Identity.links
2025-11-19 18:43:19 INFO  org.ehcache.jsr107.Eh107CacheManager - Registering Ehcache MBean javax.cache:type=CacheStatistics,CacheManager=jar.file./Users/dineshjadhav/Sailpoint/rioiam-remote-test-framework/lib/identityiq.jar!/ehcache.xml,Cache=sailpoint.object.Identity.links
2025-11-19 18:43:19 INFO  org.ehcache.jsr107.Eh107CacheManager - Registering Ehcache MBean javax.cache:type=CacheConfiguration,CacheManager=jar.file./Users/dineshjadhav/Sailpoint/rioiam-remote-test-framework/lib/identityiq.jar!/ehcache.xml,Cache=sailpoint.object.Identity.exceptions
2025-11-19 18:43:19 INFO  org.ehcache.jsr107.Eh107CacheManager - Registering Ehcache MBean javax.cache:type=CacheStatistics,CacheManager=jar.file./Users/dineshjadhav/Sailpoint/rioiam-remote-test-framework/lib/identityiq.jar!/ehcache.xml,Cache=sailpoint.object.Identity.exceptions
2025-11-19 18:43:19 INFO  org.ehcache.jsr107.Eh107CacheManager - Registering Ehcache MBean javax.cache:type=CacheConfiguration,CacheManager=jar.file./Users/dineshjadhav/Sailpoint/rioiam-remote-test-framework/lib/identityiq.jar!/ehcache.xml,Cache=sailpoint.object.Scope.childScopes
2025-11-19 18:43:19 INFO  org.ehcache.jsr107.Eh107CacheManager - Registering Ehcache MBean javax.cache:type=CacheStatistics,CacheManager=jar.file./Users/dineshjadhav/Sailpoint/rioiam-remote-test-framework/lib/identityiq.jar!/ehcache.xml,Cache=sailpoint.object.Scope.childScopes
2025-11-19 18:43:19 INFO  org.ehcache.jsr107.Eh107CacheManager - Registering Ehcache MBean javax.cache:type=CacheConfiguration,CacheManager=jar.file./Users/dineshjadhav/Sailpoint/rioiam-remote-test-framework/lib/identityiq.jar!/ehcache.xml,Cache=sailpoint.object.ManagedAttribute
2025-11-19 18:43:19 INFO  org.ehcache.jsr107.Eh107CacheManager - Registering Ehcache MBean javax.cache:type=CacheStatistics,CacheManager=jar.file./Users/dineshjadhav/Sailpoint/rioiam-remote-test-framework/lib/identityiq.jar!/ehcache.xml,Cache=sailpoint.object.ManagedAttribute
2025-11-19 18:43:19 INFO  org.ehcache.jsr107.Eh107CacheManager - Registering Ehcache MBean javax.cache:type=CacheConfiguration,CacheManager=jar.file./Users/dineshjadhav/Sailpoint/rioiam-remote-test-framework/lib/identityiq.jar!/ehcache.xml,Cache=sailpoint.object.Application
2025-11-19 18:43:19 INFO  org.ehcache.jsr107.Eh107CacheManager - Registering Ehcache MBean javax.cache:type=CacheStatistics,CacheManager=jar.file./Users/dineshjadhav/Sailpoint/rioiam-remote-test-framework/lib/identityiq.jar!/ehcache.xml,Cache=sailpoint.object.Application
2025-11-19 18:43:19 INFO  org.ehcache.jsr107.Eh107CacheManager - Registering Ehcache MBean javax.cache:type=CacheConfiguration,CacheManager=jar.file./Users/dineshjadhav/Sailpoint/rioiam-remote-test-framework/lib/identityiq.jar!/ehcache.xml,Cache=sailpoint.object.UIPreferences
2025-11-19 18:43:19 INFO  org.ehcache.jsr107.Eh107CacheManager - Registering Ehcache MBean javax.cache:type=CacheStatistics,CacheManager=jar.file./Users/dineshjadhav/Sailpoint/rioiam-remote-test-framework/lib/identityiq.jar!/ehcache.xml,Cache=sailpoint.object.UIPreferences
2025-11-19 18:43:19 INFO  org.ehcache.jsr107.Eh107CacheManager - Registering Ehcache MBean javax.cache:type=CacheConfiguration,CacheManager=jar.file./Users/dineshjadhav/Sailpoint/rioiam-remote-test-framework/lib/identityiq.jar!/ehcache.xml,Cache=sailpoint.object.Request
2025-11-19 18:43:19 INFO  org.ehcache.jsr107.Eh107CacheManager - Registering Ehcache MBean javax.cache:type=CacheStatistics,CacheManager=jar.file./Users/dineshjadhav/Sailpoint/rioiam-remote-test-framework/lib/identityiq.jar!/ehcache.xml,Cache=sailpoint.object.Request
2025-11-19 18:43:19 INFO  org.ehcache.jsr107.Eh107CacheManager - Registering Ehcache MBean javax.cache:type=CacheConfiguration,CacheManager=jar.file./Users/dineshjadhav/Sailpoint/rioiam-remote-test-framework/lib/identityiq.jar!/ehcache.xml,Cache=sailpoint.object.ScoreConfig
2025-11-19 18:43:19 INFO  org.ehcache.jsr107.Eh107CacheManager - Registering Ehcache MBean javax.cache:type=CacheStatistics,CacheManager=jar.file./Users/dineshjadhav/Sailpoint/rioiam-remote-test-framework/lib/identityiq.jar!/ehcache.xml,Cache=sailpoint.object.ScoreConfig
2025-11-19 18:43:19 INFO  org.ehcache.jsr107.Eh107CacheManager - Registering Ehcache MBean javax.cache:type=CacheConfiguration,CacheManager=jar.file./Users/dineshjadhav/Sailpoint/rioiam-remote-test-framework/lib/identityiq.jar!/ehcache.xml,Cache=sailpoint.object.DynamicScope.inclusions
2025-11-19 18:43:19 INFO  org.ehcache.jsr107.Eh107CacheManager - Registering Ehcache MBean javax.cache:type=CacheStatistics,CacheManager=jar.file./Users/dineshjadhav/Sailpoint/rioiam-remote-test-framework/lib/identityiq.jar!/ehcache.xml,Cache=sailpoint.object.DynamicScope.inclusions
2025-11-19 18:43:19 INFO  org.ehcache.jsr107.Eh107CacheManager - Registering Ehcache MBean javax.cache:type=CacheConfiguration,CacheManager=jar.file./Users/dineshjadhav/Sailpoint/rioiam-remote-test-framework/lib/identityiq.jar!/ehcache.xml,Cache=sailpoint.object.MessageTemplate
2025-11-19 18:43:19 INFO  org.ehcache.jsr107.Eh107CacheManager - Registering Ehcache MBean javax.cache:type=CacheStatistics,CacheManager=jar.file./Users/dineshjadhav/Sailpoint/rioiam-remote-test-framework/lib/identityiq.jar!/ehcache.xml,Cache=sailpoint.object.MessageTemplate
2025-11-19 18:43:19 INFO  org.ehcache.jsr107.Eh107CacheManager - Registering Ehcache MBean javax.cache:type=CacheConfiguration,CacheManager=jar.file./Users/dineshjadhav/Sailpoint/rioiam-remote-test-framework/lib/identityiq.jar!/ehcache.xml,Cache=sailpoint.object.EntitlementSnapshot.permissions
2025-11-19 18:43:19 INFO  org.ehcache.jsr107.Eh107CacheManager - Registering Ehcache MBean javax.cache:type=CacheStatistics,CacheManager=jar.file./Users/dineshjadhav/Sailpoint/rioiam-remote-test-framework/lib/identityiq.jar!/ehcache.xml,Cache=sailpoint.object.EntitlementSnapshot.permissions
2025-11-19 18:43:19 INFO  org.ehcache.jsr107.Eh107CacheManager - Registering Ehcache MBean javax.cache:type=CacheConfiguration,CacheManager=jar.file./Users/dineshjadhav/Sailpoint/rioiam-remote-test-framework/lib/identityiq.jar!/ehcache.xml,Cache=sailpoint.object.QuickLink.dynamicScopes
2025-11-19 18:43:19 INFO  org.ehcache.jsr107.Eh107CacheManager - Registering Ehcache MBean javax.cache:type=CacheStatistics,CacheManager=jar.file./Users/dineshjadhav/Sailpoint/rioiam-remote-test-framework/lib/identityiq.jar!/ehcache.xml,Cache=sailpoint.object.QuickLink.dynamicScopes
2025-11-19 18:43:19 INFO  org.ehcache.jsr107.Eh107CacheManager - Registering Ehcache MBean javax.cache:type=CacheConfiguration,CacheManager=jar.file./Users/dineshjadhav/Sailpoint/rioiam-remote-test-framework/lib/identityiq.jar!/ehcache.xml,Cache=sailpoint.object.WorkItem
2025-11-19 18:43:19 INFO  org.ehcache.jsr107.Eh107CacheManager - Registering Ehcache MBean javax.cache:type=CacheStatistics,CacheManager=jar.file./Users/dineshjadhav/Sailpoint/rioiam-remote-test-framework/lib/identityiq.jar!/ehcache.xml,Cache=sailpoint.object.WorkItem
2025-11-19 18:43:19 INFO  org.ehcache.jsr107.Eh107CacheManager - Registering Ehcache MBean javax.cache:type=CacheConfiguration,CacheManager=jar.file./Users/dineshjadhav/Sailpoint/rioiam-remote-test-framework/lib/identityiq.jar!/ehcache.xml,Cache=sailpoint.object.CertificationItem.entitlements
2025-11-19 18:43:19 INFO  org.ehcache.jsr107.Eh107CacheManager - Registering Ehcache MBean javax.cache:type=CacheStatistics,CacheManager=jar.file./Users/dineshjadhav/Sailpoint/rioiam-remote-test-framework/lib/identityiq.jar!/ehcache.xml,Cache=sailpoint.object.CertificationItem.entitlements
2025-11-19 18:43:19 INFO  org.ehcache.jsr107.Eh107CacheManager - Registering Ehcache MBean javax.cache:type=CacheConfiguration,CacheManager=jar.file./Users/dineshjadhav/Sailpoint/rioiam-remote-test-framework/lib/identityiq.jar!/ehcache.xml,Cache=sailpoint.object.BundleArchive
2025-11-19 18:43:19 INFO  org.ehcache.jsr107.Eh107CacheManager - Registering Ehcache MBean javax.cache:type=CacheStatistics,CacheManager=jar.file./Users/dineshjadhav/Sailpoint/rioiam-remote-test-framework/lib/identityiq.jar!/ehcache.xml,Cache=sailpoint.object.BundleArchive
2025-11-19 18:43:19 INFO  org.ehcache.jsr107.Eh107CacheManager - Registering Ehcache MBean javax.cache:type=CacheConfiguration,CacheManager=jar.file./Users/dineshjadhav/Sailpoint/rioiam-remote-test-framework/lib/identityiq.jar!/ehcache.xml,Cache=sailpoint.object.RuleRegistry
2025-11-19 18:43:19 INFO  org.ehcache.jsr107.Eh107CacheManager - Registering Ehcache MBean javax.cache:type=CacheStatistics,CacheManager=jar.file./Users/dineshjadhav/Sailpoint/rioiam-remote-test-framework/lib/identityiq.jar!/ehcache.xml,Cache=sailpoint.object.RuleRegistry
2025-11-19 18:43:19 INFO  org.ehcache.jsr107.Eh107CacheManager - Registering Ehcache MBean javax.cache:type=CacheConfiguration,CacheManager=jar.file./Users/dineshjadhav/Sailpoint/rioiam-remote-test-framework/lib/identityiq.jar!/ehcache.xml,Cache=sailpoint.object.RoleMiningResult
2025-11-19 18:43:19 INFO  org.ehcache.jsr107.Eh107CacheManager - Registering Ehcache MBean javax.cache:type=CacheStatistics,CacheManager=jar.file./Users/dineshjadhav/Sailpoint/rioiam-remote-test-framework/lib/identityiq.jar!/ehcache.xml,Cache=sailpoint.object.RoleMiningResult
2025-11-19 18:43:19 INFO  org.ehcache.jsr107.Eh107CacheManager - Registering Ehcache MBean javax.cache:type=CacheConfiguration,CacheManager=jar.file./Users/dineshjadhav/Sailpoint/rioiam-remote-test-framework/lib/identityiq.jar!/ehcache.xml,Cache=sailpoint.object.AuditEvent
2025-11-19 18:43:19 INFO  org.ehcache.jsr107.Eh107CacheManager - Registering Ehcache MBean javax.cache:type=CacheStatistics,CacheManager=jar.file./Users/dineshjadhav/Sailpoint/rioiam-remote-test-framework/lib/identityiq.jar!/ehcache.xml,Cache=sailpoint.object.AuditEvent
2025-11-19 18:43:19 INFO  org.ehcache.jsr107.Eh107CacheManager - Registering Ehcache MBean javax.cache:type=CacheConfiguration,CacheManager=jar.file./Users/dineshjadhav/Sailpoint/rioiam-remote-test-framework/lib/identityiq.jar!/ehcache.xml,Cache=sailpoint.object.TaskDefinition.signature.arguments
2025-11-19 18:43:19 INFO  org.ehcache.jsr107.Eh107CacheManager - Registering Ehcache MBean javax.cache:type=CacheStatistics,CacheManager=jar.file./Users/dineshjadhav/Sailpoint/rioiam-remote-test-framework/lib/identityiq.jar!/ehcache.xml,Cache=sailpoint.object.TaskDefinition.signature.arguments
2025-11-19 18:43:19 INFO  org.ehcache.jsr107.Eh107CacheManager - Registering Ehcache MBean javax.cache:type=CacheConfiguration,CacheManager=jar.file./Users/dineshjadhav/Sailpoint/rioiam-remote-test-framework/lib/identityiq.jar!/ehcache.xml,Cache=sailpoint.object.Profile.constraints
2025-11-19 18:43:19 INFO  org.ehcache.jsr107.Eh107CacheManager - Registering Ehcache MBean javax.cache:type=CacheStatistics,CacheManager=jar.file./Users/dineshjadhav/Sailpoint/rioiam-remote-test-framework/lib/identityiq.jar!/ehcache.xml,Cache=sailpoint.object.Profile.constraints
2025-11-19 18:43:19 INFO  org.ehcache.jsr107.Eh107CacheManager - Registering Ehcache MBean javax.cache:type=CacheConfiguration,CacheManager=jar.file./Users/dineshjadhav/Sailpoint/rioiam-remote-test-framework/lib/identityiq.jar!/ehcache.xml,Cache=sailpoint.object.ServiceDefinition
2025-11-19 18:43:19 INFO  org.ehcache.jsr107.Eh107CacheManager - Registering Ehcache MBean javax.cache:type=CacheStatistics,CacheManager=jar.file./Users/dineshjadhav/Sailpoint/rioiam-remote-test-framework/lib/identityiq.jar!/ehcache.xml,Cache=sailpoint.object.ServiceDefinition
2025-11-19 18:43:19 INFO  org.ehcache.jsr107.Eh107CacheManager - Registering Ehcache MBean javax.cache:type=CacheConfiguration,CacheManager=jar.file./Users/dineshjadhav/Sailpoint/rioiam-remote-test-framework/lib/identityiq.jar!/ehcache.xml,Cache=sailpoint.object.Tag
2025-11-19 18:43:19 INFO  org.ehcache.jsr107.Eh107CacheManager - Registering Ehcache MBean javax.cache:type=CacheStatistics,CacheManager=jar.file./Users/dineshjadhav/Sailpoint/rioiam-remote-test-framework/lib/identityiq.jar!/ehcache.xml,Cache=sailpoint.object.Tag
2025-11-19 18:43:19 INFO  org.ehcache.jsr107.Eh107CacheManager - Registering Ehcache MBean javax.cache:type=CacheConfiguration,CacheManager=jar.file./Users/dineshjadhav/Sailpoint/rioiam-remote-test-framework/lib/identityiq.jar!/ehcache.xml,Cache=sailpoint.object.UIConfig
2025-11-19 18:43:19 INFO  org.ehcache.jsr107.Eh107CacheManager - Registering Ehcache MBean javax.cache:type=CacheStatistics,CacheManager=jar.file./Users/dineshjadhav/Sailpoint/rioiam-remote-test-framework/lib/identityiq.jar!/ehcache.xml,Cache=sailpoint.object.UIConfig
2025-11-19 18:43:19 INFO  org.ehcache.jsr107.Eh107CacheManager - Registering Ehcache MBean javax.cache:type=CacheConfiguration,CacheManager=jar.file./Users/dineshjadhav/Sailpoint/rioiam-remote-test-framework/lib/identityiq.jar!/ehcache.xml,Cache=sailpoint.object.Schema.attributes
2025-11-19 18:43:19 INFO  org.ehcache.jsr107.Eh107CacheManager - Registering Ehcache MBean javax.cache:type=CacheStatistics,CacheManager=jar.file./Users/dineshjadhav/Sailpoint/rioiam-remote-test-framework/lib/identityiq.jar!/ehcache.xml,Cache=sailpoint.object.Schema.attributes
2025-11-19 18:43:19 INFO  org.ehcache.jsr107.Eh107CacheManager - Registering Ehcache MBean javax.cache:type=CacheConfiguration,CacheManager=jar.file./Users/dineshjadhav/Sailpoint/rioiam-remote-test-framework/lib/identityiq.jar!/ehcache.xml,Cache=sailpoint.object.Scorecard
2025-11-19 18:43:19 INFO  org.ehcache.jsr107.Eh107CacheManager - Registering Ehcache MBean javax.cache:type=CacheStatistics,CacheManager=jar.file./Users/dineshjadhav/Sailpoint/rioiam-remote-test-framework/lib/identityiq.jar!/ehcache.xml,Cache=sailpoint.object.Scorecard
2025-11-19 18:43:19 INFO  org.ehcache.jsr107.Eh107CacheManager - Registering Ehcache MBean javax.cache:type=CacheConfiguration,CacheManager=jar.file./Users/dineshjadhav/Sailpoint/rioiam-remote-test-framework/lib/identityiq.jar!/ehcache.xml,Cache=sailpoint.object.CertificationEntity.items
2025-11-19 18:43:19 INFO  org.ehcache.jsr107.Eh107CacheManager - Registering Ehcache MBean javax.cache:type=CacheStatistics,CacheManager=jar.file./Users/dineshjadhav/Sailpoint/rioiam-remote-test-framework/lib/identityiq.jar!/ehcache.xml,Cache=sailpoint.object.CertificationEntity.items
2025-11-19 18:43:19 INFO  org.ehcache.jsr107.Eh107CacheManager - Registering Ehcache MBean javax.cache:type=CacheConfiguration,CacheManager=jar.file./Users/dineshjadhav/Sailpoint/rioiam-remote-test-framework/lib/identityiq.jar!/ehcache.xml,Cache=sailpoint.object.Rule.referencedRules
2025-11-19 18:43:19 INFO  org.ehcache.jsr107.Eh107CacheManager - Registering Ehcache MBean javax.cache:type=CacheStatistics,CacheManager=jar.file./Users/dineshjadhav/Sailpoint/rioiam-remote-test-framework/lib/identityiq.jar!/ehcache.xml,Cache=sailpoint.object.Rule.referencedRules
2025-11-19 18:43:19 INFO  org.ehcache.jsr107.Eh107CacheManager - Registering Ehcache MBean javax.cache:type=CacheConfiguration,CacheManager=jar.file./Users/dineshjadhav/Sailpoint/rioiam-remote-test-framework/lib/identityiq.jar!/ehcache.xml,Cache=sailpoint.object.ActivityDataSource
2025-11-19 18:43:19 INFO  org.ehcache.jsr107.Eh107CacheManager - Registering Ehcache MBean javax.cache:type=CacheStatistics,CacheManager=jar.file./Users/dineshjadhav/Sailpoint/rioiam-remote-test-framework/lib/identityiq.jar!/ehcache.xml,Cache=sailpoint.object.ActivityDataSource
2025-11-19 18:43:19 INFO  org.ehcache.jsr107.Eh107CacheManager - Registering Ehcache MBean javax.cache:type=CacheConfiguration,CacheManager=jar.file./Users/dineshjadhav/Sailpoint/rioiam-remote-test-framework/lib/identityiq.jar!/ehcache.xml,Cache=sailpoint.object.CertificationDefinition
2025-11-19 18:43:19 INFO  org.ehcache.jsr107.Eh107CacheManager - Registering Ehcache MBean javax.cache:type=CacheStatistics,CacheManager=jar.file./Users/dineshjadhav/Sailpoint/rioiam-remote-test-framework/lib/identityiq.jar!/ehcache.xml,Cache=sailpoint.object.CertificationDefinition
2025-11-19 18:43:19 INFO  org.ehcache.jsr107.Eh107CacheManager - Registering Ehcache MBean javax.cache:type=CacheConfiguration,CacheManager=jar.file./Users/dineshjadhav/Sailpoint/rioiam-remote-test-framework/lib/identityiq.jar!/ehcache.xml,Cache=sailpoint.object.PasswordPolicy
2025-11-19 18:43:19 INFO  org.ehcache.jsr107.Eh107CacheManager - Registering Ehcache MBean javax.cache:type=CacheStatistics,CacheManager=jar.file./Users/dineshjadhav/Sailpoint/rioiam-remote-test-framework/lib/identityiq.jar!/ehcache.xml,Cache=sailpoint.object.PasswordPolicy
2025-11-19 18:43:19 INFO  org.ehcache.jsr107.Eh107CacheManager - Registering Ehcache MBean javax.cache:type=CacheConfiguration,CacheManager=jar.file./Users/dineshjadhav/Sailpoint/rioiam-remote-test-framework/lib/identityiq.jar!/ehcache.xml,Cache=sailpoint.object.RemediationItem
2025-11-19 18:43:19 INFO  org.ehcache.jsr107.Eh107CacheManager - Registering Ehcache MBean javax.cache:type=CacheStatistics,CacheManager=jar.file./Users/dineshjadhav/Sailpoint/rioiam-remote-test-framework/lib/identityiq.jar!/ehcache.xml,Cache=sailpoint.object.RemediationItem
2025-11-19 18:43:19 INFO  org.ehcache.jsr107.Eh107CacheManager - Registering Ehcache MBean javax.cache:type=CacheConfiguration,CacheManager=jar.file./Users/dineshjadhav/Sailpoint/rioiam-remote-test-framework/lib/identityiq.jar!/ehcache.xml,Cache=sailpoint.object.AuditConfig
2025-11-19 18:43:19 INFO  org.ehcache.jsr107.Eh107CacheManager - Registering Ehcache MBean javax.cache:type=CacheStatistics,CacheManager=jar.file./Users/dineshjadhav/Sailpoint/rioiam-remote-test-framework/lib/identityiq.jar!/ehcache.xml,Cache=sailpoint.object.AuditConfig
2025-11-19 18:43:19 INFO  org.ehcache.jsr107.Eh107CacheManager - Registering Ehcache MBean javax.cache:type=CacheConfiguration,CacheManager=jar.file./Users/dineshjadhav/Sailpoint/rioiam-remote-test-framework/lib/identityiq.jar!/ehcache.xml,Cache=sailpoint.object.RequestDefinition.signature.returns
2025-11-19 18:43:19 INFO  org.ehcache.jsr107.Eh107CacheManager - Registering Ehcache MBean javax.cache:type=CacheStatistics,CacheManager=jar.file./Users/dineshjadhav/Sailpoint/rioiam-remote-test-framework/lib/identityiq.jar!/ehcache.xml,Cache=sailpoint.object.RequestDefinition.signature.returns
2025-11-19 18:43:19 INFO  org.ehcache.jsr107.Eh107CacheManager - Registering Ehcache MBean javax.cache:type=CacheConfiguration,CacheManager=jar.file./Users/dineshjadhav/Sailpoint/rioiam-remote-test-framework/lib/identityiq.jar!/ehcache.xml,Cache=sailpoint.object.Identity.controlledScopes
2025-11-19 18:43:19 INFO  org.ehcache.jsr107.Eh107CacheManager - Registering Ehcache MBean javax.cache:type=CacheStatistics,CacheManager=jar.file./Users/dineshjadhav/Sailpoint/rioiam-remote-test-framework/lib/identityiq.jar!/ehcache.xml,Cache=sailpoint.object.Identity.controlledScopes
2025-11-19 18:43:19 INFO  org.ehcache.jsr107.Eh107CacheManager - Registering Ehcache MBean javax.cache:type=CacheConfiguration,CacheManager=jar.file./Users/dineshjadhav/Sailpoint/rioiam-remote-test-framework/lib/identityiq.jar!/ehcache.xml,Cache=sailpoint.object.RequestDefinition.rights
2025-11-19 18:43:19 INFO  org.ehcache.jsr107.Eh107CacheManager - Registering Ehcache MBean javax.cache:type=CacheStatistics,CacheManager=jar.file./Users/dineshjadhav/Sailpoint/rioiam-remote-test-framework/lib/identityiq.jar!/ehcache.xml,Cache=sailpoint.object.RequestDefinition.rights
2025-11-19 18:43:19 INFO  org.ehcache.jsr107.Eh107CacheManager - Registering Ehcache MBean javax.cache:type=CacheConfiguration,CacheManager=jar.file./Users/dineshjadhav/Sailpoint/rioiam-remote-test-framework/lib/identityiq.jar!/ehcache.xml,Cache=sailpoint.object.Rule.signature.arguments
2025-11-19 18:43:19 INFO  org.ehcache.jsr107.Eh107CacheManager - Registering Ehcache MBean javax.cache:type=CacheStatistics,CacheManager=jar.file./Users/dineshjadhav/Sailpoint/rioiam-remote-test-framework/lib/identityiq.jar!/ehcache.xml,Cache=sailpoint.object.Rule.signature.arguments
2025-11-19 18:43:19 INFO  org.ehcache.jsr107.Eh107CacheManager - Registering Ehcache MBean javax.cache:type=CacheConfiguration,CacheManager=jar.file./Users/dineshjadhav/Sailpoint/rioiam-remote-test-framework/lib/identityiq.jar!/ehcache.xml,Cache=sailpoint.object.EntitlementGroup.permissions
2025-11-19 18:43:19 INFO  org.ehcache.jsr107.Eh107CacheManager - Registering Ehcache MBean javax.cache:type=CacheStatistics,CacheManager=jar.file./Users/dineshjadhav/Sailpoint/rioiam-remote-test-framework/lib/identityiq.jar!/ehcache.xml,Cache=sailpoint.object.EntitlementGroup.permissions
2025-11-19 18:43:19 INFO  org.ehcache.jsr107.Eh107CacheManager - Registering Ehcache MBean javax.cache:type=CacheConfiguration,CacheManager=jar.file./Users/dineshjadhav/Sailpoint/rioiam-remote-test-framework/lib/identityiq.jar!/ehcache.xml,Cache=sailpoint.object.Bundle.permits
2025-11-19 18:43:19 INFO  org.ehcache.jsr107.Eh107CacheManager - Registering Ehcache MBean javax.cache:type=CacheStatistics,CacheManager=jar.file./Users/dineshjadhav/Sailpoint/rioiam-remote-test-framework/lib/identityiq.jar!/ehcache.xml,Cache=sailpoint.object.Bundle.permits
2025-11-19 18:43:19 INFO  org.ehcache.jsr107.Eh107CacheManager - Registering Ehcache MBean javax.cache:type=CacheConfiguration,CacheManager=jar.file./Users/dineshjadhav/Sailpoint/rioiam-remote-test-framework/lib/identityiq.jar!/ehcache.xml,Cache=sailpoint.object.Application.secondaryOwners
2025-11-19 18:43:19 INFO  org.ehcache.jsr107.Eh107CacheManager - Registering Ehcache MBean javax.cache:type=CacheStatistics,CacheManager=jar.file./Users/dineshjadhav/Sailpoint/rioiam-remote-test-framework/lib/identityiq.jar!/ehcache.xml,Cache=sailpoint.object.Application.secondaryOwners
2025-11-19 18:43:19 INFO  org.ehcache.jsr107.Eh107CacheManager - Registering Ehcache MBean javax.cache:type=CacheConfiguration,CacheManager=jar.file./Users/dineshjadhav/Sailpoint/rioiam-remote-test-framework/lib/identityiq.jar!/ehcache.xml,Cache=sailpoint.object.AggregateScore
2025-11-19 18:43:19 INFO  org.ehcache.jsr107.Eh107CacheManager - Registering Ehcache MBean javax.cache:type=CacheStatistics,CacheManager=jar.file./Users/dineshjadhav/Sailpoint/rioiam-remote-test-framework/lib/identityiq.jar!/ehcache.xml,Cache=sailpoint.object.AggregateScore
2025-11-19 18:43:19 INFO  org.ehcache.jsr107.Eh107CacheManager - Registering Ehcache MBean javax.cache:type=CacheConfiguration,CacheManager=jar.file./Users/dineshjadhav/Sailpoint/rioiam-remote-test-framework/lib/identityiq.jar!/ehcache.xml,Cache=sailpoint.object.IdentityTrigger
2025-11-19 18:43:19 INFO  org.ehcache.jsr107.Eh107CacheManager - Registering Ehcache MBean javax.cache:type=CacheStatistics,CacheManager=jar.file./Users/dineshjadhav/Sailpoint/rioiam-remote-test-framework/lib/identityiq.jar!/ehcache.xml,Cache=sailpoint.object.IdentityTrigger
2025-11-19 18:43:19 INFO  org.ehcache.jsr107.Eh107CacheManager - Registering Ehcache MBean javax.cache:type=CacheConfiguration,CacheManager=jar.file./Users/dineshjadhav/Sailpoint/rioiam-remote-test-framework/lib/identityiq.jar!/ehcache.xml,Cache=sailpoint.object.WorkflowCase
2025-11-19 18:43:19 INFO  org.ehcache.jsr107.Eh107CacheManager - Registering Ehcache MBean javax.cache:type=CacheStatistics,CacheManager=jar.file./Users/dineshjadhav/Sailpoint/rioiam-remote-test-framework/lib/identityiq.jar!/ehcache.xml,Cache=sailpoint.object.WorkflowCase
2025-11-19 18:43:19 INFO  org.ehcache.jsr107.Eh107CacheManager - Registering Ehcache MBean javax.cache:type=CacheConfiguration,CacheManager=jar.file./Users/dineshjadhav/Sailpoint/rioiam-remote-test-framework/lib/identityiq.jar!/ehcache.xml,Cache=sailpoint.object.Identity.mitigationExpirations
2025-11-19 18:43:19 INFO  org.ehcache.jsr107.Eh107CacheManager - Registering Ehcache MBean javax.cache:type=CacheStatistics,CacheManager=jar.file./Users/dineshjadhav/Sailpoint/rioiam-remote-test-framework/lib/identityiq.jar!/ehcache.xml,Cache=sailpoint.object.Identity.mitigationExpirations
2025-11-19 18:43:19 INFO  org.ehcache.jsr107.Eh107CacheManager - Registering Ehcache MBean javax.cache:type=CacheConfiguration,CacheManager=jar.file./Users/dineshjadhav/Sailpoint/rioiam-remote-test-framework/lib/identityiq.jar!/ehcache.xml,Cache=sailpoint.object.TaskDefinition.rights
2025-11-19 18:43:19 INFO  org.ehcache.jsr107.Eh107CacheManager - Registering Ehcache MBean javax.cache:type=CacheStatistics,CacheManager=jar.file./Users/dineshjadhav/Sailpoint/rioiam-remote-test-framework/lib/identityiq.jar!/ehcache.xml,Cache=sailpoint.object.TaskDefinition.rights
2025-11-19 18:43:19 INFO  org.ehcache.jsr107.Eh107CacheManager - Registering Ehcache MBean javax.cache:type=CacheConfiguration,CacheManager=jar.file./Users/dineshjadhav/Sailpoint/rioiam-remote-test-framework/lib/identityiq.jar!/ehcache.xml,Cache=sailpoint.object.Rule
2025-11-19 18:43:19 INFO  org.ehcache.jsr107.Eh107CacheManager - Registering Ehcache MBean javax.cache:type=CacheStatistics,CacheManager=jar.file./Users/dineshjadhav/Sailpoint/rioiam-remote-test-framework/lib/identityiq.jar!/ehcache.xml,Cache=sailpoint.object.Rule
2025-11-19 18:43:19 INFO  org.ehcache.jsr107.Eh107CacheManager - Registering Ehcache MBean javax.cache:type=CacheConfiguration,CacheManager=jar.file./Users/dineshjadhav/Sailpoint/rioiam-remote-test-framework/lib/identityiq.jar!/ehcache.xml,Cache=sailpoint.object.Application.remediators
2025-11-19 18:43:19 INFO  org.ehcache.jsr107.Eh107CacheManager - Registering Ehcache MBean javax.cache:type=CacheStatistics,CacheManager=jar.file./Users/dineshjadhav/Sailpoint/rioiam-remote-test-framework/lib/identityiq.jar!/ehcache.xml,Cache=sailpoint.object.Application.remediators
2025-11-19 18:43:19 INFO  org.ehcache.jsr107.Eh107CacheManager - Registering Ehcache MBean javax.cache:type=CacheConfiguration,CacheManager=jar.file./Users/dineshjadhav/Sailpoint/rioiam-remote-test-framework/lib/identityiq.jar!/ehcache.xml,Cache=sailpoint.object.Bundle.requirements
2025-11-19 18:43:19 INFO  org.ehcache.jsr107.Eh107CacheManager - Registering Ehcache MBean javax.cache:type=CacheStatistics,CacheManager=jar.file./Users/dineshjadhav/Sailpoint/rioiam-remote-test-framework/lib/identityiq.jar!/ehcache.xml,Cache=sailpoint.object.Bundle.requirements
2025-11-19 18:43:19 INFO  org.ehcache.jsr107.Eh107CacheManager - Registering Ehcache MBean javax.cache:type=CacheConfiguration,CacheManager=jar.file./Users/dineshjadhav/Sailpoint/rioiam-remote-test-framework/lib/identityiq.jar!/ehcache.xml,Cache=sailpoint.object.Capability
2025-11-19 18:43:19 INFO  org.ehcache.jsr107.Eh107CacheManager - Registering Ehcache MBean javax.cache:type=CacheStatistics,CacheManager=jar.file./Users/dineshjadhav/Sailpoint/rioiam-remote-test-framework/lib/identityiq.jar!/ehcache.xml,Cache=sailpoint.object.Capability
2025-11-19 18:43:19 INFO  org.ehcache.jsr107.Eh107CacheManager - Registering Ehcache MBean javax.cache:type=CacheConfiguration,CacheManager=jar.file./Users/dineshjadhav/Sailpoint/rioiam-remote-test-framework/lib/identityiq.jar!/ehcache.xml,Cache=sailpoint.object.QuickLink
2025-11-19 18:43:19 INFO  org.ehcache.jsr107.Eh107CacheManager - Registering Ehcache MBean javax.cache:type=CacheStatistics,CacheManager=jar.file./Users/dineshjadhav/Sailpoint/rioiam-remote-test-framework/lib/identityiq.jar!/ehcache.xml,Cache=sailpoint.object.QuickLink
2025-11-19 18:43:19 INFO  org.ehcache.jsr107.Eh107CacheManager - Registering Ehcache MBean javax.cache:type=CacheConfiguration,CacheManager=jar.file./Users/dineshjadhav/Sailpoint/rioiam-remote-test-framework/lib/identityiq.jar!/ehcache.xml,Cache=sailpoint.object.AuthenticationQuestion
2025-11-19 18:43:19 INFO  org.ehcache.jsr107.Eh107CacheManager - Registering Ehcache MBean javax.cache:type=CacheStatistics,CacheManager=jar.file./Users/dineshjadhav/Sailpoint/rioiam-remote-test-framework/lib/identityiq.jar!/ehcache.xml,Cache=sailpoint.object.AuthenticationQuestion
2025-11-19 18:43:19 INFO  org.ehcache.jsr107.Eh107CacheManager - Registering Ehcache MBean javax.cache:type=CacheConfiguration,CacheManager=jar.file./Users/dineshjadhav/Sailpoint/rioiam-remote-test-framework/lib/identityiq.jar!/ehcache.xml,Cache=sailpoint.object.Link
2025-11-19 18:43:19 INFO  org.ehcache.jsr107.Eh107CacheManager - Registering Ehcache MBean javax.cache:type=CacheStatistics,CacheManager=jar.file./Users/dineshjadhav/Sailpoint/rioiam-remote-test-framework/lib/identityiq.jar!/ehcache.xml,Cache=sailpoint.object.Link
2025-11-19 18:43:19 INFO  org.ehcache.jsr107.Eh107CacheManager - Registering Ehcache MBean javax.cache:type=CacheConfiguration,CacheManager=jar.file./Users/dineshjadhav/Sailpoint/rioiam-remote-test-framework/lib/identityiq.jar!/ehcache.xml,Cache=sailpoint.object.TaskResult
2025-11-19 18:43:19 INFO  org.ehcache.jsr107.Eh107CacheManager - Registering Ehcache MBean javax.cache:type=CacheStatistics,CacheManager=jar.file./Users/dineshjadhav/Sailpoint/rioiam-remote-test-framework/lib/identityiq.jar!/ehcache.xml,Cache=sailpoint.object.TaskResult
2025-11-19 18:43:19 INFO  org.ehcache.jsr107.Eh107CacheManager - Registering Ehcache MBean javax.cache:type=CacheConfiguration,CacheManager=jar.file./Users/dineshjadhav/Sailpoint/rioiam-remote-test-framework/lib/identityiq.jar!/ehcache.xml,Cache=sailpoint.object.Configuration
2025-11-19 18:43:19 INFO  org.ehcache.jsr107.Eh107CacheManager - Registering Ehcache MBean javax.cache:type=CacheStatistics,CacheManager=jar.file./Users/dineshjadhav/Sailpoint/rioiam-remote-test-framework/lib/identityiq.jar!/ehcache.xml,Cache=sailpoint.object.Configuration
2025-11-19 18:43:19 INFO  org.ehcache.jsr107.Eh107CacheManager - Registering Ehcache MBean javax.cache:type=CacheConfiguration,CacheManager=jar.file./Users/dineshjadhav/Sailpoint/rioiam-remote-test-framework/lib/identityiq.jar!/ehcache.xml,Cache=sailpoint.object.Identity.bundles
2025-11-19 18:43:19 INFO  org.ehcache.jsr107.Eh107CacheManager - Registering Ehcache MBean javax.cache:type=CacheStatistics,CacheManager=jar.file./Users/dineshjadhav/Sailpoint/rioiam-remote-test-framework/lib/identityiq.jar!/ehcache.xml,Cache=sailpoint.object.Identity.bundles
2025-11-19 18:43:19 INFO  org.ehcache.jsr107.Eh107CacheManager - Registering Ehcache MBean javax.cache:type=CacheConfiguration,CacheManager=jar.file./Users/dineshjadhav/Sailpoint/rioiam-remote-test-framework/lib/identityiq.jar!/ehcache.xml,Cache=sailpoint.object.RuleRegistry.registry
2025-11-19 18:43:19 INFO  org.ehcache.jsr107.Eh107CacheManager - Registering Ehcache MBean javax.cache:type=CacheStatistics,CacheManager=jar.file./Users/dineshjadhav/Sailpoint/rioiam-remote-test-framework/lib/identityiq.jar!/ehcache.xml,Cache=sailpoint.object.RuleRegistry.registry
2025-11-19 18:43:19 INFO  org.ehcache.jsr107.Eh107CacheManager - Registering Ehcache MBean javax.cache:type=CacheConfiguration,CacheManager=jar.file./Users/dineshjadhav/Sailpoint/rioiam-remote-test-framework/lib/identityiq.jar!/ehcache.xml,Cache=sailpoint.object.Capability.inheritedCapabilities
2025-11-19 18:43:19 INFO  org.ehcache.jsr107.Eh107CacheManager - Registering Ehcache MBean javax.cache:type=CacheStatistics,CacheManager=jar.file./Users/dineshjadhav/Sailpoint/rioiam-remote-test-framework/lib/identityiq.jar!/ehcache.xml,Cache=sailpoint.object.Capability.inheritedCapabilities
2025-11-19 18:43:19 INFO  org.ehcache.jsr107.Eh107CacheManager - Registering Ehcache MBean javax.cache:type=CacheConfiguration,CacheManager=jar.file./Users/dineshjadhav/Sailpoint/rioiam-remote-test-framework/lib/identityiq.jar!/ehcache.xml,Cache=sailpoint.object.Rule.signature.returns
2025-11-19 18:43:19 INFO  org.ehcache.jsr107.Eh107CacheManager - Registering Ehcache MBean javax.cache:type=CacheStatistics,CacheManager=jar.file./Users/dineshjadhav/Sailpoint/rioiam-remote-test-framework/lib/identityiq.jar!/ehcache.xml,Cache=sailpoint.object.Rule.signature.returns
2025-11-19 18:43:19 INFO  org.ehcache.jsr107.Eh107CacheManager - Registering Ehcache MBean javax.cache:type=CacheConfiguration,CacheManager=jar.file./Users/dineshjadhav/Sailpoint/rioiam-remote-test-framework/lib/identityiq.jar!/ehcache.xml,Cache=sailpoint.object.MiningConfig
2025-11-19 18:43:19 INFO  org.ehcache.jsr107.Eh107CacheManager - Registering Ehcache MBean javax.cache:type=CacheStatistics,CacheManager=jar.file./Users/dineshjadhav/Sailpoint/rioiam-remote-test-framework/lib/identityiq.jar!/ehcache.xml,Cache=sailpoint.object.MiningConfig
2025-11-19 18:43:19 INFO  org.ehcache.jsr107.Eh107CacheManager - Registering Ehcache MBean javax.cache:type=CacheConfiguration,CacheManager=jar.file./Users/dineshjadhav/Sailpoint/rioiam-remote-test-framework/lib/identityiq.jar!/ehcache.xml,Cache=sailpoint.object.Scope
2025-11-19 18:43:19 INFO  org.ehcache.jsr107.Eh107CacheManager - Registering Ehcache MBean javax.cache:type=CacheStatistics,CacheManager=jar.file./Users/dineshjadhav/Sailpoint/rioiam-remote-test-framework/lib/identityiq.jar!/ehcache.xml,Cache=sailpoint.object.Scope
2025-11-19 18:43:19 INFO  org.ehcache.jsr107.Eh107CacheManager - Registering Ehcache MBean javax.cache:type=CacheConfiguration,CacheManager=jar.file./Users/dineshjadhav/Sailpoint/rioiam-remote-test-framework/lib/identityiq.jar!/ehcache.xml,Cache=sailpoint.object.DatabaseVersion
2025-11-19 18:43:19 INFO  org.ehcache.jsr107.Eh107CacheManager - Registering Ehcache MBean javax.cache:type=CacheStatistics,CacheManager=jar.file./Users/dineshjadhav/Sailpoint/rioiam-remote-test-framework/lib/identityiq.jar!/ehcache.xml,Cache=sailpoint.object.DatabaseVersion
2025-11-19 18:43:19 INFO  org.ehcache.jsr107.Eh107CacheManager - Registering Ehcache MBean javax.cache:type=CacheConfiguration,CacheManager=jar.file./Users/dineshjadhav/Sailpoint/rioiam-remote-test-framework/lib/identityiq.jar!/ehcache.xml,Cache=sailpoint.object.TaskDefinition
2025-11-19 18:43:19 INFO  org.ehcache.jsr107.Eh107CacheManager - Registering Ehcache MBean javax.cache:type=CacheStatistics,CacheManager=jar.file./Users/dineshjadhav/Sailpoint/rioiam-remote-test-framework/lib/identityiq.jar!/ehcache.xml,Cache=sailpoint.object.TaskDefinition
2025-11-19 18:43:19 INFO  org.ehcache.jsr107.Eh107CacheManager - Registering Ehcache MBean javax.cache:type=CacheConfiguration,CacheManager=jar.file./Users/dineshjadhav/Sailpoint/rioiam-remote-test-framework/lib/identityiq.jar!/ehcache.xml,Cache=sailpoint.object.AccountGroup
2025-11-19 18:43:19 INFO  org.ehcache.jsr107.Eh107CacheManager - Registering Ehcache MBean javax.cache:type=CacheStatistics,CacheManager=jar.file./Users/dineshjadhav/Sailpoint/rioiam-remote-test-framework/lib/identityiq.jar!/ehcache.xml,Cache=sailpoint.object.AccountGroup
2025-11-19 18:43:19 INFO  org.ehcache.jsr107.Eh107CacheManager - Registering Ehcache MBean javax.cache:type=CacheConfiguration,CacheManager=jar.file./Users/dineshjadhav/Sailpoint/rioiam-remote-test-framework/lib/identityiq.jar!/ehcache.xml,Cache=sailpoint.object.CertificationItem.bundleEntitlements
2025-11-19 18:43:19 INFO  org.ehcache.jsr107.Eh107CacheManager - Registering Ehcache MBean javax.cache:type=CacheStatistics,CacheManager=jar.file./Users/dineshjadhav/Sailpoint/rioiam-remote-test-framework/lib/identityiq.jar!/ehcache.xml,Cache=sailpoint.object.CertificationItem.bundleEntitlements
2025-11-19 18:43:19 INFO  org.ehcache.jsr107.Eh107CacheManager - Registering Ehcache MBean javax.cache:type=CacheConfiguration,CacheManager=jar.file./Users/dineshjadhav/Sailpoint/rioiam-remote-test-framework/lib/identityiq.jar!/ehcache.xml,Cache=sailpoint.object.EntitlementGroup
2025-11-19 18:43:19 INFO  org.ehcache.jsr107.Eh107CacheManager - Registering Ehcache MBean javax.cache:type=CacheStatistics,CacheManager=jar.file./Users/dineshjadhav/Sailpoint/rioiam-remote-test-framework/lib/identityiq.jar!/ehcache.xml,Cache=sailpoint.object.EntitlementGroup
2025-11-19 18:43:19 INFO  org.ehcache.jsr107.Eh107CacheManager - Registering Ehcache MBean javax.cache:type=CacheConfiguration,CacheManager=jar.file./Users/dineshjadhav/Sailpoint/rioiam-remote-test-framework/lib/identityiq.jar!/ehcache.xml,Cache=sailpoint.object.EntitlementSnapshot
2025-11-19 18:43:19 INFO  org.ehcache.jsr107.Eh107CacheManager - Registering Ehcache MBean javax.cache:type=CacheStatistics,CacheManager=jar.file./Users/dineshjadhav/Sailpoint/rioiam-remote-test-framework/lib/identityiq.jar!/ehcache.xml,Cache=sailpoint.object.EntitlementSnapshot
2025-11-19 18:43:19 INFO  org.ehcache.jsr107.Eh107CacheManager - Registering Ehcache MBean javax.cache:type=CacheConfiguration,CacheManager=jar.file./Users/dineshjadhav/Sailpoint/rioiam-remote-test-framework/lib/identityiq.jar!/ehcache.xml,Cache=sailpoint.object.Application.schemas
2025-11-19 18:43:19 INFO  org.ehcache.jsr107.Eh107CacheManager - Registering Ehcache MBean javax.cache:type=CacheStatistics,CacheManager=jar.file./Users/dineshjadhav/Sailpoint/rioiam-remote-test-framework/lib/identityiq.jar!/ehcache.xml,Cache=sailpoint.object.Application.schemas
2025-11-19 18:43:19 INFO  org.ehcache.jsr107.Eh107CacheManager - Registering Ehcache MBean javax.cache:type=CacheConfiguration,CacheManager=jar.file./Users/dineshjadhav/Sailpoint/rioiam-remote-test-framework/lib/identityiq.jar!/ehcache.xml,Cache=sailpoint.object.GroupFactory
2025-11-19 18:43:19 INFO  org.ehcache.jsr107.Eh107CacheManager - Registering Ehcache MBean javax.cache:type=CacheStatistics,CacheManager=jar.file./Users/dineshjadhav/Sailpoint/rioiam-remote-test-framework/lib/identityiq.jar!/ehcache.xml,Cache=sailpoint.object.GroupFactory
2025-11-19 18:43:19 INFO  org.ehcache.jsr107.Eh107CacheManager - Registering Ehcache MBean javax.cache:type=CacheConfiguration,CacheManager=jar.file./Users/dineshjadhav/Sailpoint/rioiam-remote-test-framework/lib/identityiq.jar!/ehcache.xml,Cache=sailpoint.object.CertificationChallenge
2025-11-19 18:43:19 INFO  org.ehcache.jsr107.Eh107CacheManager - Registering Ehcache MBean javax.cache:type=CacheStatistics,CacheManager=jar.file./Users/dineshjadhav/Sailpoint/rioiam-remote-test-framework/lib/identityiq.jar!/ehcache.xml,Cache=sailpoint.object.CertificationChallenge
2025-11-19 18:43:19 INFO  org.ehcache.jsr107.Eh107CacheManager - Registering Ehcache MBean javax.cache:type=CacheConfiguration,CacheManager=jar.file./Users/dineshjadhav/Sailpoint/rioiam-remote-test-framework/lib/identityiq.jar!/ehcache.xml,Cache=sailpoint.object.AuthenticationAnswer
2025-11-19 18:43:19 INFO  org.ehcache.jsr107.Eh107CacheManager - Registering Ehcache MBean javax.cache:type=CacheStatistics,CacheManager=jar.file./Users/dineshjadhav/Sailpoint/rioiam-remote-test-framework/lib/identityiq.jar!/ehcache.xml,Cache=sailpoint.object.AuthenticationAnswer
2025-11-19 18:43:19 INFO  org.ehcache.jsr107.Eh107CacheManager - Registering Ehcache MBean javax.cache:type=CacheConfiguration,CacheManager=jar.file./Users/dineshjadhav/Sailpoint/rioiam-remote-test-framework/lib/identityiq.jar!/ehcache.xml,Cache=sailpoint.object.FullTextIndex
2025-11-19 18:43:19 INFO  org.ehcache.jsr107.Eh107CacheManager - Registering Ehcache MBean javax.cache:type=CacheStatistics,CacheManager=jar.file./Users/dineshjadhav/Sailpoint/rioiam-remote-test-framework/lib/identityiq.jar!/ehcache.xml,Cache=sailpoint.object.FullTextIndex
2025-11-19 18:43:19 INFO  org.ehcache.jsr107.Eh107CacheManager - Registering Ehcache MBean javax.cache:type=CacheConfiguration,CacheManager=jar.file./Users/dineshjadhav/Sailpoint/rioiam-remote-test-framework/lib/identityiq.jar!/ehcache.xml,Cache=sailpoint.object.IntegrationConfig
2025-11-19 18:43:19 INFO  org.ehcache.jsr107.Eh107CacheManager - Registering Ehcache MBean javax.cache:type=CacheStatistics,CacheManager=jar.file./Users/dineshjadhav/Sailpoint/rioiam-remote-test-framework/lib/identityiq.jar!/ehcache.xml,Cache=sailpoint.object.IntegrationConfig
2025-11-19 18:43:19 INFO  org.ehcache.jsr107.Eh107CacheManager - Registering Ehcache MBean javax.cache:type=CacheConfiguration,CacheManager=jar.file./Users/dineshjadhav/Sailpoint/rioiam-remote-test-framework/lib/identityiq.jar!/ehcache.xml,Cache=sailpoint.object.RemediationItem.comments
2025-11-19 18:43:19 INFO  org.ehcache.jsr107.Eh107CacheManager - Registering Ehcache MBean javax.cache:type=CacheStatistics,CacheManager=jar.file./Users/dineshjadhav/Sailpoint/rioiam-remote-test-framework/lib/identityiq.jar!/ehcache.xml,Cache=sailpoint.object.RemediationItem.comments
2025-11-19 18:43:19 INFO  org.ehcache.jsr107.Eh107CacheManager - Registering Ehcache MBean javax.cache:type=CacheConfiguration,CacheManager=jar.file./Users/dineshjadhav/Sailpoint/rioiam-remote-test-framework/lib/identityiq.jar!/ehcache.xml,Cache=sailpoint.object.Widget
[...]
2025-11-19 18:43:23 INFO  s.server.AbstractSailPointContext - Resolved sailpoint.object.Application@28bed583[id=7f00000199e314818199e3b4d2f50326,name=Carisma]
2025-11-19 18:43:23 INFO  s.server.AbstractSailPointContext - Resolved sailpoint.object.Application@74f8f0f2[id=7f00000199e314818199e3b4dd1f038d,name=SSBS]
2025-11-19 18:43:23 INFO  s.server.AbstractSailPointContext - Resolved sailpoint.object.Application@397be465[id=7f00000199e314818199e3b4d6d3034d,name=GCB]
2025-11-19 18:43:23 INFO  s.server.AbstractSailPointContext - Resolved sailpoint.object.Application@6334208[id=7f00000199e314818199e3b4dada0377,name=Mediation Zone]
2025-11-19 18:43:23 INFO  sailpoint.persistence.XmlType - XmlType::deepCopyInternal PersistentArrayList
2025-11-19 18:43:23 DEBUG s.p.SailPointBaseInterceptor - Not a compressible object. No work to do.
2025-11-19 18:43:23 INFO  sailpoint.persistence.XmlType - XmlType::deepCopy null
2025-11-19 18:43:23 INFO  sailpoint.persistence.XmlType - XmlType::deepCopy Attributes
2025-11-19 18:43:23 INFO  sailpoint.persistence.XmlType - XmlType::deepCopy null
2025-11-19 18:43:23 DEBUG s.p.SailPointBaseInterceptor - Not a compressible object. No work to do.
2025-11-19 18:43:23 INFO  sailpoint.persistence.XmlType - XmlType::deepCopy null
2025-11-19 18:43:23 DEBUG s.p.SailPointBaseInterceptor - Not a compressible object. No work to do.
2025-11-19 18:43:23 INFO  sailpoint.persistence.XmlType - XmlType::deepCopy null
2025-11-19 18:43:23 DEBUG s.p.SailPointBaseInterceptor - Not a compressible object. No work to do.
2025-11-19 18:43:23 INFO  sailpoint.persistence.XmlType - XmlType::deepCopy null
2025-11-19 18:43:23 DEBUG s.p.SailPointBaseInterceptor - Not a compressible object. No work to do.
2025-11-19 18:43:23 INFO  sailpoint.persistence.XmlType - XmlType::deepCopy null
2025-11-19 18:43:23 DEBUG sailpoint.server.BSFRuleRunner - Evaluating script source:
2025-11-19 18:43:23 DEBUG s.p.SailPointBaseInterceptor - Not a compressible object. No work to do.
2025-11-19 18:43:23 DEBUG sailpoint.server.BSFRuleRunner - import sailpoint.object.Identity;
        import sailpoint.tools.Util;
		
		String launcherNm = "";
        Identity identity = context.getObjectByName(Identity.class, launcher);
        if (identity != null )
        {       
			launcherNm = identity.getDisplayableName();
			return launcherNm;
        }
        return "not available";
2025-11-19 18:43:23 INFO  sailpoint.persistence.XmlType - XmlType::deepCopy null
2025-11-19 18:43:23 DEBUG s.p.SailPointBaseInterceptor - Not a compressible object. No work to do.
2025-11-19 18:43:23 INFO  sailpoint.persistence.XmlType - XmlType::deepCopy null
2025-11-19 18:43:23 DEBUG s.p.SailPointBaseInterceptor - Not a compressible object. No work to do.
2025-11-19 18:43:23 INFO  sailpoint.persistence.XmlType - XmlType::deepCopy null
2025-11-19 18:43:23 DEBUG s.p.IntegrationConfigFinder$IntegrationConfigCache - ...Done loading IntegrationConfigs.
2025-11-19 18:43:23 DEBUG s.p.IntegrationConfigFinder$IntegrationConfigCache - Caching IntegrationConfig DelimitedIntegrationConfig
2025-11-19 18:43:23 DEBUG s.p.IntegrationConfigFinder$IntegrationConfigCache - Caching IntegrationConfig DelimitedIntegrationConfig with age 1760606704502
2025-11-19 18:43:23 DEBUG s.p.IntegrationConfigFinder$IntegrationConfigCache - Caching IntegrationConfig MockIntegrationConfig
2025-11-19 18:43:23 DEBUG s.p.IntegrationConfigFinder$IntegrationConfigCache - Caching IntegrationConfig MockIntegrationConfig with age 1760606704512
2025-11-19 18:43:23 DEBUG sailpoint.server.ResultScoper - Scoping enablement set by context: false
2025-11-19 18:43:23 DEBUG s.p.HibernatePersistenceManager - HQL: select applicationAlias from sailpoint.object.Application applicationAlias where applicationAlias.managesOtherApps = :param0 order by applicationAlias.name
2025-11-19 18:43:23 DEBUG s.p.HibernatePersistenceManager - Params: {param0=true}
2025-11-19 18:43:23 DEBUG sailpoint.persistence.hql - select applicationAlias from sailpoint.object.Application applicationAlias where applicationAlias.managesOtherApps = :param0 order by applicationAlias.name
2025-11-19 18:43:23 DEBUG sailpoint.persistence.hql - Query parameters: {param0=true}
2025-11-19 18:43:23 INFO  s.workflow.StandardWorkflowHandler - Starting step: Start
2025-11-19 18:43:23 INFO  s.workflow.StandardWorkflowHandler - Ending step: Start
2025-11-19 18:43:23 INFO  s.workflow.StandardWorkflowHandler - Starting step: Initialize
2025-11-19 18:43:23 INFO  sailpoint.persistence.XmlType - XmlType::nullSafeGet Attributes
2025-11-19 18:43:23 DEBUG sailpoint.server.BSFRuleRunner - *** Evaluating script ***
2025-11-19 18:43:23 DEBUG sailpoint.server.BSFRuleRunner - New BSFManager created: -284291736
2025-11-19 18:43:23 DEBUG sailpoint.server.BSFRuleRunner - Evaluating rule source: Workflow Library
2025-11-19 18:43:23 DEBUG sailpoint.server.BSFRuleRunner - 
    
      import sailpoint.object.Filter;
      import sailpoint.object.Identity;
      import sailpoint.object.ProvisioningPlan;
      import sailpoint.object.ProvisioningPlan.AccountRequest;
      import sailpoint.object.ProvisioningPlan.AttributeRequest;
      import sailpoint.object.QueryOptions;
      import sailpoint.tools.GeneralException;
      import sailpoint.tools.Util;
      import sailpoint.api.ObjectUtil;

      boolean otob(Object o) { return Util.otob(o); }
      boolean isTrue(Object o) {otob(o); } 
      boolean isFalse(Object o) {!otob(o); }
      boolean isNull(Object o) {o == null; } 
      int size(Collection o) { return Util.size(o); }
      String toString(Object o) {(o == null) ? "*null*" : o.toString(); }
      void println(Object o) {System.out.println(o); }
      void print(String str) { System.out.print(str); }
      void printval(String n, Object o) {println(n + " = " + toString(o)); }


      public List csvToList(String csv) {
        return Util.csvToList(csv);
      }

      /** 
       * resolve displayName by doing a projection query.
       */ 
      public String resolveDisplayName(String identityName) {
          String displayName = getIdentityProperty(identityName, "displayName"); 
          if ( displayName == null ) {
              displayName = identityName;
          }
          return displayName;
      }
      
      /** 
       * If the identityDisplayName is null resolve it by doing
       * a projection query.
       */ 
      public String resolveDisplayName(String identityName, String currentDisplayName) {
          // allow it to be passed in to avoid the query
          String displayName = null;
          if ( currentDisplayName != void ) {
              displayName = currentDisplayName;
          }
          if ( displayName == null ) {
              displayName = resolveDisplayName(identityName);
          }
          return displayName;
      }

      /**
       * Given an Identity's name or workgroup, return the email address.
       * First, we try to get the identities email address and if that doesn't exist
       * assume it is a workgroup and get the email addresses accordingly.
       */
      public String getEmail(String name) {
          // Try to get the email address from the identity
          String email = getIdentityProperty(name, "email");

          // If there is no identity email defined try to get workgroup email.
          if (null == email && null!=name) {
              Identity identity = context.getObject(Identity.class, name);
              if (identity != null) {
                  email = Util.listToCsv(ObjectUtil.getEffectiveEmails(context, identity));
              }
          }

          return email;
      }

      /**
       * Given an Identity's name and a ProvisioningPlan, return the email address.
       * This can be used for user notifications when a request to create an
       * identity was rejected.  In this case there will not be an identity in
       * the database, so we will try to extract the email address from the plan.
       */
      public String getUserEmail(String name, ProvisioningPlan plan) {
          String email = getEmail(name);

          if (null == email) {
              email = getIIQCreateRequestValue(plan, "email");
          }

          return email;
      }

      /**
       * Given an Identity's name, return the manager's email address.
       */
      public String getManagersEmail(String name) {
          return getIdentityProperty(name, "manager.email"); 
      }

      /**
       * Given an Identity's name, return the manager's email address.
       * This can be used for user notifications when a request to create an
       * identity was rejected.  In this case there will not be an identity in
       * the database, so we will try to extract the manager from the plan to
       * lookup the email address.
       */
      public String getManagersEmail(String name, ProvisioningPlan plan) {
          String email = getManagersEmail(name);

          if (null == email) {
              String manager = getIIQCreateRequestValue(plan, "manager");
              if (null != manager) {
                  Identity identity = context.getObject(Identity.class, manager);
                  if (null != identity) {
                      email = identity.getEmail();
                  }
              }
          }

          return email;
      }

      /**
       * Return the value for the requested attribute from the ProvisioningPlan
       * if this is an identity creation request.
       */
      private String getIIQCreateRequestValue(ProvisioningPlan plan, String attr) {
          String value = null;

          if (null != plan) {
              AccountRequest acctReq = plan.getIIQAccountRequest();
              if ((null != acctReq) &&
                  AccountRequest.Operation.Create.equals(acctReq.getOperation())) {
                  AttributeRequest attrReq = acctReq.getAttributeRequest(attr);
                  if (null != attrReq) {
                      value = (String) attrReq.getValue();
                  }
              }
          }

          return value;
      }

      /** 
       * Return a single string property value from an identity.
       */
      public String getIdentityProperty(String identity, String property) {
          QueryOptions ops = new QueryOptions();
          Filter nameFilter = Filter.eq("name", identity);
          ops.add(new Filter[]{nameFilter});

          String val = null; 
          Iterator it = context.search(Identity.class, ops, property);
          while ( it.hasNext() ) {
              Object[] row = (Object[])it.next();
              val = (String)row[0];
              if ( it.hasNext() ) {
                  // shouldn't happen but guard
                  throw new GeneralException("More then one ["+property+"] value returned for ["+identity+"]");
              }
          } 
          return val;
      }

      /**
       * Return the value of a system configuration property.
       * The value is always returned as a string.
       */
      public String getConfiguration(String name) {
          return context.getConfiguration().getString(name);
      }

    
  
2025-11-19 18:43:23 INFO  sailpoint.persistence.XmlType - XmlType::nullSafeGet Attributes
2025-11-19 18:43:23 DEBUG s.p.SailPointBaseInterceptor - Not a compressible object. No work to do.
2025-11-19 18:43:23 DEBUG sailpoint.tools.RFC4180LineParser - Line to Parse[MANAGER_LOOKUP, SEARCH, UNSTRUCTURED_TARGETS, AUTHENTICATE]
2025-11-19 18:43:23 INFO  sailpoint.persistence.XmlType - XmlType::deepCopy Attributes
2025-11-19 18:43:23 INFO  sailpoint.persistence.XmlType - XmlType::deepCopy null
2025-11-19 18:43:23 INFO  sailpoint.persistence.XmlType - XmlType::deepCopy null
2025-11-19 18:43:23 INFO  sailpoint.persistence.XmlType - XmlType::deepCopy null
2025-11-19 18:43:23 INFO  s.server.AbstractSailPointContext - Resolved sailpoint.object.Application@5aeb7c70[id=7f00000199e314818199e3b4cd7a02ef,name=Active Directory (Group)]
2025-11-19 18:43:23 INFO  sailpoint.persistence.XmlType - XmlType::nullSafeGet Attributes
2025-11-19 18:43:23 DEBUG s.p.SailPointBaseInterceptor - Not a compressible object. No work to do.
2025-11-19 18:43:23 DEBUG sailpoint.tools.RFC4180LineParser - Line to Parse[MANAGER_LOOKUP, SEARCH, UNSTRUCTURED_TARGETS, AUTHENTICATE]
2025-11-19 18:43:23 INFO  sailpoint.persistence.XmlType - XmlType::deepCopy Attributes
2025-11-19 18:43:23 INFO  sailpoint.persistence.XmlType - XmlType::deepCopy null
2025-11-19 18:43:23 INFO  sailpoint.persistence.XmlType - XmlType::deepCopy null
2025-11-19 18:43:23 INFO  sailpoint.persistence.XmlType - XmlType::deepCopy null
2025-11-19 18:43:23 INFO  s.server.AbstractSailPointContext - Resolved sailpoint.object.Application@715e63ac[id=7f00000199e314818199e3b4ce2f02f7,name=Active Directory (Group) Deprovisioned]
2025-11-19 18:43:23 INFO  sailpoint.persistence.XmlType - XmlType::nullSafeGet ProvisioningConfig
2025-11-19 18:43:23 DEBUG s.p.SailPointBaseInterceptor - Not a compressible object. No work to do.
2025-11-19 18:43:23 DEBUG sailpoint.tools.RFC4180LineParser - Line to Parse[PROVISIONING, SYNC_PROVISIONING, AUTHENTICATE, MANAGER_LOOKUP, SEARCH, UNSTRUCTURED_TARGETS, UNLOCK, ENABLE, PASSWORD, CURRENT_PASSWORD]
2025-11-19 18:43:23 INFO  sailpoint.persistence.XmlType - XmlType::deepCopy Attributes
2025-11-19 18:43:23 INFO  sailpoint.persistence.XmlType - XmlType::deepCopy null
2025-11-19 18:43:23 INFO  sailpoint.persistence.XmlType - XmlType::deepCopy null
2025-11-19 18:43:23 INFO  sailpoint.persistence.XmlType - XmlType::deepCopy ProvisioningConfig
2025-11-19 18:43:23 DEBUG sailpoint.server.BSFRuleRunner - Evaluating script source:
2025-11-19 18:43:23 DEBUG sailpoint.server.BSFRuleRunner - import sailpoint.transformer.IdentityTransformer;
        import sailpoint.object.Identity;
          
	    IdentityTransformer transformer = new IdentityTransformer(context);
        
        String launcherName = "";
        Identity launcherIden = context.getObjectByName(Identity.class, launcher);
        if (launcherIden != null)
        {
        	launcherName = launcherIden.getDisplayableName();
        }
        
          HashMap model = null;
          
          if(maModel == null || maModel.isEmpty()) {
	          model = new HashMap();
	          model.put(IdentityTransformer.ATTR_TRANSFORMER_CLASS, transformer.getClass().getName());
	          model.put(IdentityTransformer.ATTR_TRANSFORMER_OPTIONS, "");
	          model.put("launcher", launcher);
        	  model.put("identityName", identityName);
        	  model.put("launcherName", launcherName);
		      
		      model.put("userLocaleLanguage", userLocale.getLanguage());
		      model.put("userLocaleCountry", userLocale.getCountry());
		      model.put("clientTimeZoneID", clientTimeZone.getID());
          }
         return model;
2025-11-19 18:43:23 INFO  s.server.AbstractSailPointContext - Resolved sailpoint.object.Application@5aeb7c70[id=7f00000199e314818199e3b4cd7a02ef,name=Active Directory (Group)]
2025-11-19 18:43:23 INFO  s.server.AbstractSailPointContext - Resolved sailpoint.object.Application@715e63ac[id=7f00000199e314818199e3b4ce2f02f7,name=Active Directory (Group) Deprovisioned]
2025-11-19 18:43:23 INFO  sailpoint.persistence.XmlType - XmlType::deepCopyInternal ProvisioningConfig
2025-11-19 18:43:23 DEBUG s.p.SailPointBaseInterceptor - Not a compressible object. No work to do.
2025-11-19 18:43:23 INFO  sailpoint.persistence.XmlType - XmlType::deepCopy null
2025-11-19 18:43:23 DEBUG s.p.SailPointBaseInterceptor - Not a compressible object. No work to do.
2025-11-19 18:43:23 DEBUG sailpoint.tools.RFC4180LineParser - Line to Parse[PROVISIONING]
2025-11-19 18:43:23 INFO  sailpoint.persistence.XmlType - XmlType::deepCopy null
2025-11-19 18:43:23 INFO  sailpoint.persistence.XmlType - XmlType::nullSafeGet Attributes
2025-11-19 18:43:23 DEBUG s.p.SailPointBaseInterceptor - Not a compressible object. No work to do.
2025-11-19 18:43:23 INFO  sailpoint.persistence.XmlType - XmlType::deepCopy null
2025-11-19 18:43:23 DEBUG s.p.SailPointBaseInterceptor - Not a compressible object. No work to do.
2025-11-19 18:43:23 DEBUG sailpoint.tools.RFC4180LineParser - Line to Parse[PROVISIONING, GROUPS_HAVE_MEMBERS]
2025-11-19 18:43:23 INFO  sailpoint.persistence.XmlType - XmlType::deepCopy Attributes
2025-11-19 18:43:23 INFO  s.workflow.StandardWorkflowHandler - Ending step: Initialize
2025-11-19 18:43:23 INFO  s.workflow.StandardWorkflowHandler - Starting step: Show Request Initiate Form
2025-11-19 18:43:23 DEBUG sailpoint.tools.RFC4180LineParser - Line to Parse[spadmin]
2025-11-19 18:43:23 INFO  sailpoint.persistence.XmlType - XmlType::nullSafeGet Attributes
2025-11-19 18:43:23 DEBUG s.p.SailPointBaseInterceptor - Not a compressible object. No work to do.
2025-11-19 18:43:23 INFO  sailpoint.persistence.XmlType - XmlType::deepCopy null
2025-11-19 18:43:23 DEBUG s.p.SailPointBaseInterceptor - Not a compressible object. No work to do.
2025-11-19 18:43:23 DEBUG sailpoint.tools.RFC4180LineParser - Line to Parse[PROVISIONING, GROUPS_HAVE_MEMBERS]
2025-11-19 18:43:23 INFO  sailpoint.persistence.XmlType - XmlType::deepCopy Attributes
2025-11-19 18:43:23 DEBUG s.p.IntegrationConfigFinder$IntegrationConfigCache - Processing managing application TPS (PP-VF-ROOT)
2025-11-19 18:43:23 INFO  sailpoint.persistence.XmlType - XmlType::nullSafeGet PersistentArrayList
2025-11-19 18:43:23 INFO  sailpoint.persistence.XmlType - XmlType::nullSafeGet Attributes
2025-11-19 18:43:23 DEBUG s.p.SailPointBaseInterceptor - Not a compressible object. No work to do.
2025-11-19 18:43:23 INFO  sailpoint.persistence.XmlType - XmlType::deepCopy PersistentArrayList
2025-11-19 18:43:23 INFO  sailpoint.persistence.XmlType - XmlType::deepCopyInternal PersistentArrayList
2025-11-19 18:43:23 INFO  sailpoint.persistence.XmlType - XmlType::deepCopy null
2025-11-19 18:43:23 INFO  sailpoint.persistence.XmlType - XmlType::deepCopy Attributes
2025-11-19 18:43:23 INFO  c.r.iiq.workflow.WorkflowExecutor - ✓ Workflow launched successfully
2025-11-19 18:43:23 INFO  c.r.iiq.workflow.WorkflowExecutor -   Workflow Case ID: null
2025-11-19 18:43:23 INFO  c.r.iiq.workflow.WorkflowExecutor -   Workflow Case Name: spadmin
2025-11-19 18:43:23 INFO  c.r.iiq.workflow.WorkflowExecutor -   Initial Status: null
2025-11-19 18:43:23 DEBUG s.p.SailPointBaseInterceptor - Not a compressible object. No work to do.
2025-11-19 18:43:23 INFO  sailpoint.persistence.XmlType - XmlType::deepCopy null
2025-11-19 18:43:23 INFO  sailpoint.persistence.XmlType - XmlType::deepCopy null
2025-11-19 18:43:23 INFO  c.r.i.w.a.ActivateDeactivateWithExistingUserTest - Cleaning up workflow test environment
2025-11-19 18:43:23 INFO  c.r.i.w.a.ActivateDeactivateWithExistingUserTest - ========================================
2025-11-19 18:43:23 INFO  c.r.i.w.a.ActivateDeactivateWithExistingUserTest - Test completed: ActivateDeactivateWithExistingUserTest
2025-11-19 18:43:23 INFO  c.r.i.w.a.ActivateDeactivateWithExistingUserTest - ========================================
2025-11-19 18:43:23 INFO  s.server.AbstractSailPointContext - Resolved sailpoint.object.Identity@79eabf24[id=7f00000199e314818199e3b4b7fc00fe,name=spadmin]
2025-11-19 18:43:23 INFO  s.server.AbstractSailPointContext - Resolved sailpoint.object.Application@5aeb7c70[id=7f00000199e314818199e3b4cd7a02ef,name=Active Directory (Group)]
2025-11-19 18:43:23 INFO  s.server.AbstractSailPointContext - Resolved sailpoint.object.Application@715e63ac[id=7f00000199e314818199e3b4ce2f02f7,name=Active Directory (Group) Deprovisioned]
2025-11-19 18:43:23 DEBUG sailpoint.tools.RFC4180LineParser - Line to Parse[PROVISIONING]
2025-11-19 18:43:23 DEBUG sailpoint.tools.RFC4180LineParser - Line to Parse[PROVISIONING, SYNC_PROVISIONING, AUTHENTICATE, MANAGER_LOOKUP, SEARCH, UNSTRUCTURED_TARGETS, UNLOCK, ENABLE, PASSWORD, CURRENT_PASSWORD]
]]></system-out>
  </testcase>
</testsuite>