<?xml version="1.0" encoding="UTF-8"?>
<testsuite xmlns:xsi="http://www.w3.org/2001/XMLSchema-instance" xsi:noNamespaceSchemaLocation="https://maven.apache.org/surefire/maven-surefire-plugin/xsd/surefire-test-report.xsd" name="com.rioiam.iiq.workflow.activatedeactivate.ActivateDeactivateIdentityCompleteTest" time="37.122" tests="1" errors="0" skipped="0" failures="1">
  <properties>
[...]
</properties>
  <testcase name="testActivateMultipleUsersWithRequestId" classname="com.rioiam.iiq.workflow.activatedeactivate.ActivateDeactivateIdentityCompleteTest" time="30.374">
    <failure message="Request Initiate form should appear" type="java.lang.AssertionError">java.lang.AssertionError: Request Initiate form should appear
	at com.rioiam.iiq.workflow.activatedeactivate.ActivateDeactivateIdentityCompleteTest.testActivateMultipleUsersWithRequestId(ActivateDeactivateIdentityCompleteTest.java:141)
</failure>
    <system-out><![CDATA[2025-11-25 15:17:06 INFO  o.s.t.c.s.DefaultTestContextBootstrapper - Loaded default TestExecutionListener class names from location [META-INF/spring.factories]: [org.springframework.boot.test.mock.mockito.MockitoTestExecutionListener, org.springframework.boot.test.mock.mockito.ResetMocksTestExecutionListener, org.springframework.boot.test.autoconfigure.restdocs.RestDocsTestExecutionListener, org.springframework.boot.test.autoconfigure.web.client.MockRestServiceServerResetTestExecutionListener, org.springframework.boot.test.autoconfigure.web.servlet.MockMvcPrintOnlyOnFailureTestExecutionListener, org.springframework.boot.test.autoconfigure.web.servlet.WebDriverTestExecutionListener, org.springframework.boot.test.autoconfigure.webservices.client.MockWebServiceServerTestExecutionListener, org.springframework.test.context.web.ServletTestExecutionListener, org.springframework.test.context.support.DirtiesContextBeforeModesTestExecutionListener, org.springframework.test.context.event.ApplicationEventsTestExecutionListener, org.springframework.test.context.support.DependencyInjectionTestExecutionListener, org.springframework.test.context.support.DirtiesContextTestExecutionListener, org.springframework.test.context.transaction.TransactionalTestExecutionListener, org.springframework.test.context.jdbc.SqlScriptsTestExecutionListener, org.springframework.test.context.event.EventPublishingTestExecutionListener]
2025-11-25 15:17:06 INFO  o.s.t.c.s.DefaultTestContextBootstrapper - Using TestExecutionListeners: [org.springframework.test.context.web.ServletTestExecutionListener@71ba6d4e, org.springframework.test.context.support.DirtiesContextBeforeModesTestExecutionListener@738dc9b, org.springframework.test.context.event.ApplicationEventsTestExecutionListener@3c77d488, org.springframework.boot.test.mock.mockito.MockitoTestExecutionListener@63376bed, org.springframework.test.context.support.DependencyInjectionTestExecutionListener@4145bad8, org.springframework.test.context.support.DirtiesContextTestExecutionListener@d86a6f, org.springframework.test.context.transaction.TransactionalTestExecutionListener@2892d68, org.springframework.test.context.jdbc.SqlScriptsTestExecutionListener@5ab956d7, org.springframework.test.context.event.EventPublishingTestExecutionListener@3646a422, org.springframework.boot.test.mock.mockito.ResetMocksTestExecutionListener@750e2b97, org.springframework.boot.test.autoconfigure.restdocs.RestDocsTestExecutionListener@3e27aa33, org.springframework.boot.test.autoconfigure.web.client.MockRestServiceServerResetTestExecutionListener@2e385cce, org.springframework.boot.test.autoconfigure.web.servlet.MockMvcPrintOnlyOnFailureTestExecutionListener@2ddc9a9f, org.springframework.boot.test.autoconfigure.web.servlet.WebDriverTestExecutionListener@298a5e20, org.springframework.boot.test.autoconfigure.webservices.client.MockWebServiceServerTestExecutionListener@2a7f1f10]
2025-11-25 15:17:06 WARN  o.s.b.t.j.DuplicateJsonObjectContextCustomizerFactory$DuplicateJsonObjectContextCustomizer - 

Found multiple occurrences of org.json.JSONObject on the class path:

	jar:file:/Users/dineshjadhav/.m2/repository/com/vaadin/external/google/android-json/0.0.20131108.vaadin1/android-json-0.0.20131108.vaadin1.jar!/org/json/JSONObject.class
	jar:file:/Users/dineshjadhav/.m2/repository/org/json/json/20210307/json-20210307.jar!/org/json/JSONObject.class

You may wish to exclude one of them to ensure predictable runtime behavior

2025-11-25 15:17:06 INFO  c.r.iiq.config.EnvironmentConfig - ========================================
2025-11-25 15:17:06 INFO  c.r.iiq.config.EnvironmentConfig - Initializing Environment Configuration
2025-11-25 15:17:06 INFO  c.r.iiq.config.EnvironmentConfig - ========================================
2025-11-25 15:17:06 INFO  c.r.iiq.config.EnvironmentConfig - Active Profile: dev
2025-11-25 15:17:06 INFO  c.r.iiq.config.EnvironmentConfig - Environment Name: UNKNOWN
2025-11-25 15:17:06 INFO  c.r.iiq.config.EnvironmentConfig - IIQ Server URL: http://localhost:8080/identityiq
2025-11-25 15:17:06 INFO  c.r.iiq.config.EnvironmentConfig - IIQ Properties Location: classpath:iiq.properties
2025-11-25 15:17:06 INFO  c.r.iiq.config.EnvironmentConfig - ========================================
2025-11-25 15:17:06 INFO  c.r.iiq.config.EnvironmentConfig - Successfully loaded IIQ properties from: classpath:iiq.properties
2025-11-25 15:17:06 INFO  c.r.iiq.config.EnvironmentConfig - Validating environment configuration...
2025-11-25 15:17:06 INFO  c.r.iiq.config.EnvironmentConfig - ✓ Database URL configured: jdbc:mysql://localhost:3306/****
2025-11-25 15:17:06 INFO  c.r.iiq.config.EnvironmentConfig - ✓ IIQ Server URL configured: http://localhost:8080/identityiq
2025-11-25 15:17:06 INFO  c.r.iiq.config.EnvironmentConfig - ✓ Environment validation successful
2025-11-25 15:17:06 INFO  c.r.iiq.config.EnvironmentConfig - 
╔════════════════════════════════════════════╗
║        ENVIRONMENT CONFIGURATION           ║
╠════════════════════════════════════════════╣
║ Profile:     {:30}║
║ Environment: {:30}║
║ IIQ Server:  {:30}║
║ Database:    {:30}║
║ User:        {:30}║
╚════════════════════════════════════════════╝
2025-11-25 15:17:06 INFO  c.r.iiq.context.IIQRemoteContext - ========================================
2025-11-25 15:17:06 INFO  c.r.iiq.context.IIQRemoteContext - Initializing IIQ Remote Context
2025-11-25 15:17:06 INFO  c.r.iiq.context.IIQRemoteContext - ========================================
2025-11-25 15:17:06 INFO  c.r.iiq.context.IIQRemoteContext - Loading IIQ properties...
2025-11-25 15:17:06 INFO  c.r.iiq.context.IIQRemoteContext - sailpoint.home set to: /Users/dineshjadhav/Sailpoint/iiq85/tomcat/webapps/identityiq
2025-11-25 15:17:06 INFO  c.r.iiq.context.IIQRemoteContext - Initializing Spring Starter...
2025-11-25 15:17:06 INFO  sailpoint.spring.SpringStarter - Starting spring
2025-11-25 15:17:06 INFO  s.server.SpringPropertyOverrider - Could not set value on non-existent bean: org.springframework.beans.factory.NoSuchBeanDefinitionException: No bean named 'test' available
2025-11-25 15:17:06 INFO  s.server.SpringPropertyOverrider - Could not set value on non-existent bean: org.springframework.beans.factory.NoSuchBeanDefinitionException: No bean named 'test' available
2025-11-25 15:17:06 INFO  s.server.SpringPropertyOverrider - Could not set value on non-existent bean: org.springframework.beans.factory.NoSuchBeanDefinitionException: No bean named 'task' available
2025-11-25 15:17:06 INFO  s.server.SpringPropertyOverrider - Could not set value on non-existent bean: org.springframework.beans.factory.NoSuchBeanDefinitionException: No bean named 'database' available
2025-11-25 15:17:06 INFO  s.server.SpringPropertyOverrider - Could not set value on non-existent bean: org.springframework.beans.factory.NoSuchBeanDefinitionException: No bean named 'iiq' available
2025-11-25 15:17:06 INFO  s.server.SpringPropertyOverrider - Could not set value on non-existent bean: org.springframework.beans.factory.NoSuchBeanDefinitionException: No bean named 'iiq' available
2025-11-25 15:17:06 INFO  s.server.SpringPropertyOverrider - Could not set value on non-existent bean: org.springframework.beans.factory.NoSuchBeanDefinitionException: No bean named 'test' available
2025-11-25 15:17:06 INFO  s.server.SpringPropertyOverrider - Could not set value on non-existent bean: org.springframework.beans.factory.NoSuchBeanDefinitionException: No bean named 'test' available
2025-11-25 15:17:06 INFO  s.server.SpringPropertyOverrider - Could not set value on non-existent bean: org.springframework.beans.factory.NoSuchBeanDefinitionException: No bean named 'test' available
2025-11-25 15:17:06 INFO  s.server.SpringPropertyOverrider - Could not set value on non-existent bean: org.springframework.beans.factory.NoSuchBeanDefinitionException: No bean named 'iiq' available
2025-11-25 15:17:06 INFO  s.persistence.SailPointDataSource - getConnection 1
2025-11-25 15:17:06 INFO  sailpoint.api.SailPointFactory - Creating SailPointFactory
2025-11-25 15:17:06 INFO  s.persistence.SailPointDataSource - closeConnection 1
2025-11-25 15:17:06 INFO  s.persistence.SailPointDataSource - getConnection 2
2025-11-25 15:17:06 INFO  s.persistence.SailPointDataSource - closeConnection 2
2025-11-25 15:17:06 INFO  org.hibernate.Version - HHH000412: Hibernate ORM core version 5.6.15.Final
2025-11-25 15:17:06 INFO  org.hibernate.cfg.Environment - HHH000205: Loaded properties from resource hibernate.properties: {hibernate.bytecode.use_reflection_optimizer=false}
2025-11-25 15:17:06 INFO  o.h.annotations.common.Version - HCANN000001: Hibernate Commons Annotations {5.1.2.Final}
2025-11-25 15:17:06 WARN  org.hibernate.orm.deprecation - HHH90000012: Recognized obsolete hibernate namespace http://hibernate.sourceforge.net/hibernate-mapping. Use namespace http://www.hibernate.org/dtd/hibernate-mapping instead.  Support for obsolete DTD/XSD namespaces may be removed at any time.
2025-11-25 15:17:07 INFO  s.persistence.SailPointDataSource - getConnection 3
2025-11-25 15:17:07 INFO  org.hibernate.dialect.Dialect - HHH000400: Using dialect: org.hibernate.dialect.MySQL57Dialect
2025-11-25 15:17:07 INFO  s.persistence.SailPointDataSource - closeConnection 3
2025-11-25 15:17:08 WARN  org.hibernate.orm.deprecation - HHH90000025: Encountered multiple component mappings for the same java class [sailpoint.object.Permission] with different property mappings. This is deprecated and will be removed in a future version. Every property mapping combination should have its own java class
2025-11-25 15:17:08 WARN  org.hibernate.orm.deprecation - HHH90000025: Encountered multiple component mappings for the same java class [sailpoint.object.Permission] with different property mappings. This is deprecated and will be removed in a future version. Every property mapping combination should have its own java class
2025-11-25 15:17:08 WARN  org.hibernate.orm.deprecation - HHH90000025: Encountered multiple component mappings for the same java class [sailpoint.object.Permission] with different property mappings. This is deprecated and will be removed in a future version. Every property mapping combination should have its own java class
2025-11-25 15:17:08 WARN  org.hibernate.orm.deprecation - HHH90000025: Encountered multiple component mappings for the same java class [sailpoint.object.Permission] with different property mappings. This is deprecated and will be removed in a future version. Every property mapping combination should have its own java class
2025-11-25 15:17:08 WARN  org.hibernate.orm.deprecation - HHH90000025: Encountered multiple component mappings for the same java class [sailpoint.object.Permission] with different property mappings. This is deprecated and will be removed in a future version. Every property mapping combination should have its own java class
2025-11-25 15:17:08 WARN  org.hibernate.orm.deprecation - HHH90000025: Encountered multiple component mappings for the same java class [sailpoint.object.Permission] with different property mappings. This is deprecated and will be removed in a future version. Every property mapping combination should have its own java class
2025-11-25 15:17:08 WARN  org.hibernate.orm.deprecation - HHH90000025: Encountered multiple component mappings for the same java class [sailpoint.object.Permission] with different property mappings. This is deprecated and will be removed in a future version. Every property mapping combination should have its own java class
2025-11-25 15:17:08 WARN  org.hibernate.orm.deprecation - HHH90000025: Encountered multiple component mappings for the same java class [sailpoint.object.Permission] with different property mappings. This is deprecated and will be removed in a future version. Every property mapping combination should have its own java class
2025-11-25 15:17:08 WARN  org.hibernate.orm.deprecation - HHH90000025: Encountered multiple component mappings for the same java class [sailpoint.object.Permission] with different property mappings. This is deprecated and will be removed in a future version. Every property mapping combination should have its own java class
2025-11-25 15:17:08 WARN  org.hibernate.orm.deprecation - HHH90000025: Encountered multiple component mappings for the same java class [sailpoint.object.Permission] with different property mappings. This is deprecated and will be removed in a future version. Every property mapping combination should have its own java class
2025-11-25 15:17:08 INFO  o.h.e.t.j.p.i.JtaPlatformInitiator - HHH000490: Using JtaPlatform implementation: [org.hibernate.engine.transaction.jta.platform.internal.NoJtaPlatform]
2025-11-25 15:17:08 INFO  s.persistence.SailPointDataSource - getConnection 4
2025-11-25 15:17:08 INFO  org.hibernate.dialect.Dialect - HHH000400: Using dialect: org.hibernate.dialect.MySQL57Dialect
2025-11-25 15:17:08 INFO  s.persistence.SailPointDataSource - closeConnection 4
2025-11-25 15:17:08 INFO  org.ehcache.core.EhcacheManager - Cache 'sailpoint.object.ServiceStatus' created in EhcacheManager.
2025-11-25 15:17:08 INFO  org.ehcache.core.EhcacheManager - Cache 'default-query-results-region' created in EhcacheManager.
2025-11-25 15:17:08 INFO  org.ehcache.core.EhcacheManager - Cache 'sailpoint.object.JasperTemplate' created in EhcacheManager.
2025-11-25 15:17:08 INFO  org.ehcache.core.EhcacheManager - Cache 'sailpoint.object.TaskDefinition.signature.returns' created in EhcacheManager.
2025-11-25 15:17:08 INFO  org.ehcache.core.EhcacheManager - Cache 'sailpoint.object.Application.passwordPolicies' created in EhcacheManager.
2025-11-25 15:17:08 INFO  org.ehcache.core.EhcacheManager - Cache 'sailpoint.object.IdentityArchive' created in EhcacheManager.
2025-11-25 15:17:08 INFO  org.ehcache.core.EhcacheManager - Cache 'sailpoint.object.ScoreDefinition' created in EhcacheManager.
2025-11-25 15:17:08 INFO  org.ehcache.core.EhcacheManager - Cache 'sailpoint.object.GroupIndex' created in EhcacheManager.
2025-11-25 15:17:08 INFO  org.ehcache.core.EhcacheManager - Cache 'sailpoint.object.Bundle.profiles' created in EhcacheManager.
2025-11-25 15:17:08 INFO  org.ehcache.core.EhcacheManager - Cache 'sailpoint.object.AbstractCertificationItem' created in EhcacheManager.
2025-11-25 15:17:08 INFO  org.ehcache.core.EhcacheManager - Cache 'sailpoint.object.WorkItem.remediationItems' created in EhcacheManager.
2025-11-25 15:17:08 INFO  org.ehcache.core.EhcacheManager - Cache 'sailpoint.object.Certification.entities' created in EhcacheManager.
2025-11-25 15:17:08 INFO  org.ehcache.core.EhcacheManager - Cache 'sailpoint.object.Category' created in EhcacheManager.
2025-11-25 15:17:08 INFO  org.ehcache.core.EhcacheManager - Cache 'sailpoint.object.CertificationDelegation' created in EhcacheManager.
2025-11-25 15:17:08 INFO  org.ehcache.core.EhcacheManager - Cache 'sailpoint.object.GroupDefinition' created in EhcacheManager.
2025-11-25 15:17:08 INFO  org.ehcache.core.EhcacheManager - Cache 'sailpoint.object.Identity.links' created in EhcacheManager.
2025-11-25 15:17:08 INFO  org.ehcache.core.EhcacheManager - Cache 'sailpoint.object.Identity.exceptions' created in EhcacheManager.
2025-11-25 15:17:08 INFO  org.ehcache.core.EhcacheManager - Cache 'sailpoint.object.Scope.childScopes' created in EhcacheManager.
2025-11-25 15:17:08 INFO  org.ehcache.core.EhcacheManager - Cache 'sailpoint.object.ManagedAttribute' created in EhcacheManager.
2025-11-25 15:17:08 INFO  org.ehcache.core.EhcacheManager - Cache 'sailpoint.object.Application' created in EhcacheManager.
2025-11-25 15:17:08 INFO  org.ehcache.core.EhcacheManager - Cache 'sailpoint.object.UIPreferences' created in EhcacheManager.
2025-11-25 15:17:08 INFO  org.ehcache.core.EhcacheManager - Cache 'sailpoint.object.Request' created in EhcacheManager.
2025-11-25 15:17:08 INFO  org.ehcache.core.EhcacheManager - Cache 'sailpoint.object.ScoreConfig' created in EhcacheManager.
2025-11-25 15:17:08 INFO  org.ehcache.core.EhcacheManager - Cache 'sailpoint.object.DynamicScope.inclusions' created in EhcacheManager.
2025-11-25 15:17:08 INFO  org.ehcache.core.EhcacheManager - Cache 'sailpoint.object.MessageTemplate' created in EhcacheManager.
2025-11-25 15:17:08 INFO  org.ehcache.core.EhcacheManager - Cache 'sailpoint.object.EntitlementSnapshot.permissions' created in EhcacheManager.
2025-11-25 15:17:08 INFO  org.ehcache.core.EhcacheManager - Cache 'sailpoint.object.QuickLink.dynamicScopes' created in EhcacheManager.
2025-11-25 15:17:08 INFO  org.ehcache.core.EhcacheManager - Cache 'sailpoint.object.WorkItem' created in EhcacheManager.
2025-11-25 15:17:08 INFO  org.ehcache.core.EhcacheManager - Cache 'sailpoint.object.CertificationItem.entitlements' created in EhcacheManager.
2025-11-25 15:17:08 INFO  org.ehcache.core.EhcacheManager - Cache 'sailpoint.object.BundleArchive' created in EhcacheManager.
2025-11-25 15:17:08 INFO  org.ehcache.core.EhcacheManager - Cache 'sailpoint.object.RuleRegistry' created in EhcacheManager.
2025-11-25 15:17:08 INFO  org.ehcache.core.EhcacheManager - Cache 'sailpoint.object.RoleMiningResult' created in EhcacheManager.
2025-11-25 15:17:08 INFO  org.ehcache.core.EhcacheManager - Cache 'sailpoint.object.AuditEvent' created in EhcacheManager.
2025-11-25 15:17:08 INFO  org.ehcache.core.EhcacheManager - Cache 'sailpoint.object.TaskDefinition.signature.arguments' created in EhcacheManager.
2025-11-25 15:17:08 INFO  org.ehcache.core.EhcacheManager - Cache 'sailpoint.object.Profile.constraints' created in EhcacheManager.
2025-11-25 15:17:08 INFO  org.ehcache.core.EhcacheManager - Cache 'sailpoint.object.ServiceDefinition' created in EhcacheManager.
2025-11-25 15:17:08 INFO  org.ehcache.core.EhcacheManager - Cache 'sailpoint.object.Tag' created in EhcacheManager.
2025-11-25 15:17:08 INFO  org.ehcache.core.EhcacheManager - Cache 'sailpoint.object.UIConfig' created in EhcacheManager.
2025-11-25 15:17:08 INFO  org.ehcache.core.EhcacheManager - Cache 'sailpoint.object.Schema.attributes' created in EhcacheManager.
2025-11-25 15:17:08 INFO  org.ehcache.core.EhcacheManager - Cache 'sailpoint.object.Scorecard' created in EhcacheManager.
2025-11-25 15:17:08 INFO  org.ehcache.core.EhcacheManager - Cache 'sailpoint.object.CertificationEntity.items' created in EhcacheManager.
2025-11-25 15:17:08 INFO  org.ehcache.core.EhcacheManager - Cache 'sailpoint.object.Rule.referencedRules' created in EhcacheManager.
2025-11-25 15:17:08 INFO  org.ehcache.core.EhcacheManager - Cache 'sailpoint.object.ActivityDataSource' created in EhcacheManager.
2025-11-25 15:17:08 INFO  org.ehcache.core.EhcacheManager - Cache 'sailpoint.object.CertificationDefinition' created in EhcacheManager.
2025-11-25 15:17:08 INFO  org.ehcache.core.EhcacheManager - Cache 'sailpoint.object.PasswordPolicy' created in EhcacheManager.
2025-11-25 15:17:08 INFO  org.ehcache.core.EhcacheManager - Cache 'sailpoint.object.RemediationItem' created in EhcacheManager.
2025-11-25 15:17:08 INFO  org.ehcache.core.EhcacheManager - Cache 'sailpoint.object.AuditConfig' created in EhcacheManager.
2025-11-25 15:17:08 INFO  org.ehcache.core.EhcacheManager - Cache 'sailpoint.object.RequestDefinition.signature.returns' created in EhcacheManager.
2025-11-25 15:17:08 INFO  org.ehcache.core.EhcacheManager - Cache 'sailpoint.object.Identity.controlledScopes' created in EhcacheManager.
2025-11-25 15:17:08 INFO  org.ehcache.core.EhcacheManager - Cache 'sailpoint.object.RequestDefinition.rights' created in EhcacheManager.
2025-11-25 15:17:08 INFO  org.ehcache.core.EhcacheManager - Cache 'sailpoint.object.Rule.signature.arguments' created in EhcacheManager.
2025-11-25 15:17:08 INFO  org.ehcache.core.EhcacheManager - Cache 'sailpoint.object.EntitlementGroup.permissions' created in EhcacheManager.
2025-11-25 15:17:08 INFO  org.ehcache.core.EhcacheManager - Cache 'sailpoint.object.Bundle.permits' created in EhcacheManager.
2025-11-25 15:17:08 INFO  org.ehcache.core.EhcacheManager - Cache 'sailpoint.object.Application.secondaryOwners' created in EhcacheManager.
2025-11-25 15:17:08 INFO  org.ehcache.core.EhcacheManager - Cache 'sailpoint.object.AggregateScore' created in EhcacheManager.
2025-11-25 15:17:08 INFO  org.ehcache.core.EhcacheManager - Cache 'sailpoint.object.IdentityTrigger' created in EhcacheManager.
2025-11-25 15:17:08 INFO  org.ehcache.core.EhcacheManager - Cache 'sailpoint.object.WorkflowCase' created in EhcacheManager.
2025-11-25 15:17:08 INFO  org.ehcache.core.EhcacheManager - Cache 'sailpoint.object.Identity.mitigationExpirations' created in EhcacheManager.
2025-11-25 15:17:08 INFO  org.ehcache.core.EhcacheManager - Cache 'sailpoint.object.TaskDefinition.rights' created in EhcacheManager.
2025-11-25 15:17:08 INFO  org.ehcache.core.EhcacheManager - Cache 'sailpoint.object.Rule' created in EhcacheManager.
2025-11-25 15:17:08 INFO  org.ehcache.core.EhcacheManager - Cache 'sailpoint.object.Application.remediators' created in EhcacheManager.
2025-11-25 15:17:08 INFO  org.ehcache.core.EhcacheManager - Cache 'sailpoint.object.Bundle.requirements' created in EhcacheManager.
2025-11-25 15:17:08 INFO  org.ehcache.core.EhcacheManager - Cache 'sailpoint.object.Capability' created in EhcacheManager.
2025-11-25 15:17:08 INFO  org.ehcache.core.EhcacheManager - Cache 'sailpoint.object.QuickLink' created in EhcacheManager.
2025-11-25 15:17:08 INFO  org.ehcache.core.EhcacheManager - Cache 'sailpoint.object.AuthenticationQuestion' created in EhcacheManager.
2025-11-25 15:17:08 INFO  org.ehcache.core.EhcacheManager - Cache 'sailpoint.object.Link' created in EhcacheManager.
2025-11-25 15:17:08 INFO  org.ehcache.core.EhcacheManager - Cache 'sailpoint.object.TaskResult' created in EhcacheManager.
2025-11-25 15:17:08 INFO  org.ehcache.core.EhcacheManager - Cache 'sailpoint.object.Configuration' created in EhcacheManager.
2025-11-25 15:17:08 INFO  org.ehcache.core.EhcacheManager - Cache 'sailpoint.object.Identity.bundles' created in EhcacheManager.
2025-11-25 15:17:08 INFO  org.ehcache.core.EhcacheManager - Cache 'sailpoint.object.RuleRegistry.registry' created in EhcacheManager.
2025-11-25 15:17:08 INFO  org.ehcache.core.EhcacheManager - Cache 'sailpoint.object.Capability.inheritedCapabilities' created in EhcacheManager.
2025-11-25 15:17:08 INFO  org.ehcache.core.EhcacheManager - Cache 'sailpoint.object.Rule.signature.returns' created in EhcacheManager.
2025-11-25 15:17:08 INFO  org.ehcache.core.EhcacheManager - Cache 'sailpoint.object.MiningConfig' created in EhcacheManager.
2025-11-25 15:17:08 INFO  org.ehcache.core.EhcacheManager - Cache 'sailpoint.object.Scope' created in EhcacheManager.
2025-11-25 15:17:08 INFO  org.ehcache.core.EhcacheManager - Cache 'sailpoint.object.DatabaseVersion' created in EhcacheManager.
2025-11-25 15:17:08 INFO  org.ehcache.core.EhcacheManager - Cache 'sailpoint.object.TaskDefinition' created in EhcacheManager.
2025-11-25 15:17:08 INFO  org.ehcache.core.EhcacheManager - Cache 'sailpoint.object.AccountGroup' created in EhcacheManager.
2025-11-25 15:17:08 INFO  org.ehcache.core.EhcacheManager - Cache 'sailpoint.object.CertificationItem.bundleEntitlements' created in EhcacheManager.
2025-11-25 15:17:08 INFO  org.ehcache.core.EhcacheManager - Cache 'sailpoint.object.EntitlementGroup' created in EhcacheManager.
2025-11-25 15:17:08 INFO  org.ehcache.core.EhcacheManager - Cache 'sailpoint.object.EntitlementSnapshot' created in EhcacheManager.
2025-11-25 15:17:08 INFO  org.ehcache.core.EhcacheManager - Cache 'sailpoint.object.Application.schemas' created in EhcacheManager.
2025-11-25 15:17:08 INFO  org.ehcache.core.EhcacheManager - Cache 'sailpoint.object.GroupFactory' created in EhcacheManager.
2025-11-25 15:17:08 INFO  org.ehcache.core.EhcacheManager - Cache 'sailpoint.object.CertificationChallenge' created in EhcacheManager.
2025-11-25 15:17:08 INFO  org.ehcache.core.EhcacheManager - Cache 'sailpoint.object.AuthenticationAnswer' created in EhcacheManager.
2025-11-25 15:17:08 INFO  org.ehcache.core.EhcacheManager - Cache 'sailpoint.object.FullTextIndex' created in EhcacheManager.
2025-11-25 15:17:08 INFO  org.ehcache.core.EhcacheManager - Cache 'sailpoint.object.IntegrationConfig' created in EhcacheManager.
2025-11-25 15:17:08 INFO  org.ehcache.core.EhcacheManager - Cache 'sailpoint.object.RemediationItem.comments' created in EhcacheManager.
2025-11-25 15:17:08 INFO  org.ehcache.core.EhcacheManager - Cache 'sailpoint.object.Widget' created in EhcacheManager.
2025-11-25 15:17:08 INFO  org.ehcache.core.EhcacheManager - Cache 'sailpoint.object.Profile.permissions' created in EhcacheManager.
2025-11-25 15:17:08 INFO  org.ehcache.core.EhcacheManager - Cache 'sailpoint.object.Form' created in EhcacheManager.
2025-11-25 15:17:08 INFO  org.ehcache.core.EhcacheManager - Cache 'sailpoint.object.QuickLinkOptions' created in EhcacheManager.
2025-11-25 15:17:08 INFO  org.ehcache.core.EhcacheManager - Cache 'sailpoint.object.ApplicationScorecard' created in EhcacheManager.
2025-11-25 15:17:08 INFO  org.ehcache.core.EhcacheManager - Cache 'sailpoint.object.Certification.hibernateCertifications' created in EhcacheManager.
2025-11-25 15:17:08 INFO  org.ehcache.core.EhcacheManager - Cache 'default-update-timestamps-region' created in EhcacheManager.
2025-11-25 15:17:08 INFO  org.ehcache.core.EhcacheManager - Cache 'sailpoint.object.JasperResult' created in EhcacheManager.
2025-11-25 15:17:08 INFO  org.ehcache.core.EhcacheManager - Cache 'sailpoint.object.MitigationExpiration' created in EhcacheManager.
2025-11-25 15:17:08 INFO  org.ehcache.core.EhcacheManager - Cache 'sailpoint.object.CertificationAction' created in EhcacheManager.
2025-11-25 15:17:08 INFO  org.ehcache.core.EhcacheManager - Cache 'sailpoint.object.PasswordPolicyHolder' created in EhcacheManager.
2025-11-25 15:17:08 INFO  org.ehcache.core.EhcacheManager - Cache 'sailpoint.object.RightConfig' created in EhcacheManager.
2025-11-25 15:17:08 INFO  org.ehcache.core.EhcacheManager - Cache 'sailpoint.object.Workflow' created in EhcacheManager.
2025-11-25 15:17:08 INFO  org.ehcache.core.EhcacheManager - Cache 'sailpoint.object.Identity.capabilities' created in EhcacheManager.
2025-11-25 15:17:08 INFO  org.ehcache.core.EhcacheManager - Cache 'sailpoint.object.Profile' created in EhcacheManager.
2025-11-25 15:17:08 INFO  org.ehcache.core.EhcacheManager - Cache 'sailpoint.object.Bundle' created in EhcacheManager.
2025-11-25 15:17:08 INFO  org.ehcache.core.EhcacheManager - Cache 'sailpoint.object.Certification.tags' created in EhcacheManager.
2025-11-25 15:17:08 INFO  org.ehcache.core.EhcacheManager - Cache 'sailpoint.object.Bundle.inheritance' created in EhcacheManager.
2025-11-25 15:17:08 INFO  org.ehcache.core.EhcacheManager - Cache 'sailpoint.object.CertificationArchive' created in EhcacheManager.
2025-11-25 15:17:08 INFO  org.ehcache.core.EhcacheManager - Cache 'sailpoint.object.IdentitySnapshot' created in EhcacheManager.
2025-11-25 15:17:08 INFO  org.ehcache.core.EhcacheManager - Cache 'sailpoint.object.Application.activityDataSources' created in EhcacheManager.
2025-11-25 15:17:08 INFO  org.ehcache.core.EhcacheManager - Cache 'sailpoint.object.Identity.authenticationAnswers' created in EhcacheManager.
2025-11-25 15:17:08 INFO  org.ehcache.core.EhcacheManager - Cache 'sailpoint.object.Capability.rights' created in EhcacheManager.
2025-11-25 15:17:08 INFO  org.ehcache.core.EhcacheManager - Cache 'sailpoint.object.RequestDefinition.signature.arguments' created in EhcacheManager.
2025-11-25 15:17:08 INFO  org.ehcache.core.EhcacheManager - Cache 'sailpoint.object.ArchivedCertificationEntity' created in EhcacheManager.
2025-11-25 15:17:08 INFO  org.ehcache.core.EhcacheManager - Cache 'sailpoint.object.AbstractCertificationItem.items' created in EhcacheManager.
2025-11-25 15:17:08 INFO  org.ehcache.core.EhcacheManager - Cache 'sailpoint.object.PartitionResult' created in EhcacheManager.
2025-11-25 15:17:08 INFO  org.ehcache.core.EhcacheManager - Cache 'sailpoint.object.DynamicScope.exclusions' created in EhcacheManager.
2025-11-25 15:17:08 INFO  org.ehcache.core.EhcacheManager - Cache 'sailpoint.object.CertificationDefinition.tags' created in EhcacheManager.
2025-11-25 15:17:08 INFO  org.ehcache.core.EhcacheManager - Cache 'sailpoint.object.DynamicScope' created in EhcacheManager.
2025-11-25 15:17:08 INFO  org.ehcache.core.EhcacheManager - Cache 'sailpoint.object.Schema' created in EhcacheManager.
2025-11-25 15:17:08 INFO  org.ehcache.core.EhcacheManager - Cache 'sailpoint.object.IntegrationConfig.synchronizedRoles' created in EhcacheManager.
2025-11-25 15:17:08 INFO  org.ehcache.core.EhcacheManager - Cache 'sailpoint.object.WorkItem.comments' created in EhcacheManager.
2025-11-25 15:17:08 INFO  org.ehcache.core.EhcacheManager - Cache 'sailpoint.object.TimePeriod' created in EhcacheManager.
2025-11-25 15:17:08 INFO  org.ehcache.core.EhcacheManager - Cache 'sailpoint.object.Certification' created in EhcacheManager.
2025-11-25 15:17:08 INFO  org.ehcache.core.EhcacheManager - Cache 'sailpoint.object.EmailTemplate' created in EhcacheManager.
2025-11-25 15:17:08 INFO  org.ehcache.core.EhcacheManager - Cache 'sailpoint.object.Identity' created in EhcacheManager.
2025-11-25 15:17:08 INFO  org.ehcache.core.EhcacheManager - Cache 'sailpoint.object.Certification.archivedEntities' created in EhcacheManager.
2025-11-25 15:17:08 INFO  org.ehcache.core.EhcacheManager - Cache 'sailpoint.object.RequestDefinition' created in EhcacheManager.
2025-11-25 15:17:08 INFO  org.ehcache.core.EhcacheManager - Cache 'sailpoint.object.WorkItemConfig' created in EhcacheManager.
2025-11-25 15:17:08 INFO  org.ehcache.core.EhcacheManager - Cache 'sailpoint.object.ObjectConfig' created in EhcacheManager.
2025-11-25 15:17:08 INFO  org.ehcache.core.EhcacheManager - Cache 'sailpoint.object.WorkItemConfig.owners' created in EhcacheManager.
2025-11-25 15:17:08 INFO  org.ehcache.core.EhcacheManager - Cache 'sailpoint.object.EmailTemplate.sessionProperties' created in EhcacheManager.
2025-11-25 15:17:08 INFO  org.ehcache.jsr107.Eh107CacheManager - Registering Ehcache MBean javax.cache:type=CacheConfiguration,CacheManager=jar.file./Users/dineshjadhav/Sailpoint/rioiam-remote-test-framework/lib/identityiq.jar!/ehcache.xml,Cache=sailpoint.object.ServiceStatus
2025-11-25 15:17:08 INFO  org.ehcache.jsr107.Eh107CacheManager - Registering Ehcache MBean javax.cache:type=CacheStatistics,CacheManager=jar.file./Users/dineshjadhav/Sailpoint/rioiam-remote-test-framework/lib/identityiq.jar!/ehcache.xml,Cache=sailpoint.object.ServiceStatus
2025-11-25 15:17:08 INFO  org.ehcache.jsr107.Eh107CacheManager - Registering Ehcache MBean javax.cache:type=CacheConfiguration,CacheManager=jar.file./Users/dineshjadhav/Sailpoint/rioiam-remote-test-framework/lib/identityiq.jar!/ehcache.xml,Cache=default-query-results-region
2025-11-25 15:17:08 INFO  org.ehcache.jsr107.Eh107CacheManager - Registering Ehcache MBean javax.cache:type=CacheStatistics,CacheManager=jar.file./Users/dineshjadhav/Sailpoint/rioiam-remote-test-framework/lib/identityiq.jar!/ehcache.xml,Cache=default-query-results-region
2025-11-25 15:17:08 INFO  org.ehcache.jsr107.Eh107CacheManager - Registering Ehcache MBean javax.cache:type=CacheConfiguration,CacheManager=jar.file./Users/dineshjadhav/Sailpoint/rioiam-remote-test-framework/lib/identityiq.jar!/ehcache.xml,Cache=sailpoint.object.JasperTemplate
2025-11-25 15:17:08 INFO  org.ehcache.jsr107.Eh107CacheManager - Registering Ehcache MBean javax.cache:type=CacheStatistics,CacheManager=jar.file./Users/dineshjadhav/Sailpoint/rioiam-remote-test-framework/lib/identityiq.jar!/ehcache.xml,Cache=sailpoint.object.JasperTemplate
2025-11-25 15:17:08 INFO  org.ehcache.jsr107.Eh107CacheManager - Registering Ehcache MBean javax.cache:type=CacheConfiguration,CacheManager=jar.file./Users/dineshjadhav/Sailpoint/rioiam-remote-test-framework/lib/identityiq.jar!/ehcache.xml,Cache=sailpoint.object.TaskDefinition.signature.returns
2025-11-25 15:17:08 INFO  org.ehcache.jsr107.Eh107CacheManager - Registering Ehcache MBean javax.cache:type=CacheStatistics,CacheManager=jar.file./Users/dineshjadhav/Sailpoint/rioiam-remote-test-framework/lib/identityiq.jar!/ehcache.xml,Cache=sailpoint.object.TaskDefinition.signature.returns
2025-11-25 15:17:08 INFO  org.ehcache.jsr107.Eh107CacheManager - Registering Ehcache MBean javax.cache:type=CacheConfiguration,CacheManager=jar.file./Users/dineshjadhav/Sailpoint/rioiam-remote-test-framework/lib/identityiq.jar!/ehcache.xml,Cache=sailpoint.object.Application.passwordPolicies
2025-11-25 15:17:08 INFO  org.ehcache.jsr107.Eh107CacheManager - Registering Ehcache MBean javax.cache:type=CacheStatistics,CacheManager=jar.file./Users/dineshjadhav/Sailpoint/rioiam-remote-test-framework/lib/identityiq.jar!/ehcache.xml,Cache=sailpoint.object.Application.passwordPolicies
2025-11-25 15:17:08 INFO  org.ehcache.jsr107.Eh107CacheManager - Registering Ehcache MBean javax.cache:type=CacheConfiguration,CacheManager=jar.file./Users/dineshjadhav/Sailpoint/rioiam-remote-test-framework/lib/identityiq.jar!/ehcache.xml,Cache=sailpoint.object.IdentityArchive
2025-11-25 15:17:08 INFO  org.ehcache.jsr107.Eh107CacheManager - Registering Ehcache MBean javax.cache:type=CacheStatistics,CacheManager=jar.file./Users/dineshjadhav/Sailpoint/rioiam-remote-test-framework/lib/identityiq.jar!/ehcache.xml,Cache=sailpoint.object.IdentityArchive
2025-11-25 15:17:08 INFO  org.ehcache.jsr107.Eh107CacheManager - Registering Ehcache MBean javax.cache:type=CacheConfiguration,CacheManager=jar.file./Users/dineshjadhav/Sailpoint/rioiam-remote-test-framework/lib/identityiq.jar!/ehcache.xml,Cache=sailpoint.object.ScoreDefinition
2025-11-25 15:17:08 INFO  org.ehcache.jsr107.Eh107CacheManager - Registering Ehcache MBean javax.cache:type=CacheStatistics,CacheManager=jar.file./Users/dineshjadhav/Sailpoint/rioiam-remote-test-framework/lib/identityiq.jar!/ehcache.xml,Cache=sailpoint.object.ScoreDefinition
2025-11-25 15:17:08 INFO  org.ehcache.jsr107.Eh107CacheManager - Registering Ehcache MBean javax.cache:type=CacheConfiguration,CacheManager=jar.file./Users/dineshjadhav/Sailpoint/rioiam-remote-test-framework/lib/identityiq.jar!/ehcache.xml,Cache=sailpoint.object.GroupIndex
2025-11-25 15:17:08 INFO  org.ehcache.jsr107.Eh107CacheManager - Registering Ehcache MBean javax.cache:type=CacheStatistics,CacheManager=jar.file./Users/dineshjadhav/Sailpoint/rioiam-remote-test-framework/lib/identityiq.jar!/ehcache.xml,Cache=sailpoint.object.GroupIndex
2025-11-25 15:17:08 INFO  org.ehcache.jsr107.Eh107CacheManager - Registering Ehcache MBean javax.cache:type=CacheConfiguration,CacheManager=jar.file./Users/dineshjadhav/Sailpoint/rioiam-remote-test-framework/lib/identityiq.jar!/ehcache.xml,Cache=sailpoint.object.Bundle.profiles
2025-11-25 15:17:08 INFO  org.ehcache.jsr107.Eh107CacheManager - Registering Ehcache MBean javax.cache:type=CacheStatistics,CacheManager=jar.file./Users/dineshjadhav/Sailpoint/rioiam-remote-test-framework/lib/identityiq.jar!/ehcache.xml,Cache=sailpoint.object.Bundle.profiles
2025-11-25 15:17:08 INFO  org.ehcache.jsr107.Eh107CacheManager - Registering Ehcache MBean javax.cache:type=CacheConfiguration,CacheManager=jar.file./Users/dineshjadhav/Sailpoint/rioiam-remote-test-framework/lib/identityiq.jar!/ehcache.xml,Cache=sailpoint.object.AbstractCertificationItem
2025-11-25 15:17:08 INFO  org.ehcache.jsr107.Eh107CacheManager - Registering Ehcache MBean javax.cache:type=CacheStatistics,CacheManager=jar.file./Users/dineshjadhav/Sailpoint/rioiam-remote-test-framework/lib/identityiq.jar!/ehcache.xml,Cache=sailpoint.object.AbstractCertificationItem
2025-11-25 15:17:08 INFO  org.ehcache.jsr107.Eh107CacheManager - Registering Ehcache MBean javax.cache:type=CacheConfiguration,CacheManager=jar.file./Users/dineshjadhav/Sailpoint/rioiam-remote-test-framework/lib/identityiq.jar!/ehcache.xml,Cache=sailpoint.object.WorkItem.remediationItems
2025-11-25 15:17:08 INFO  org.ehcache.jsr107.Eh107CacheManager - Registering Ehcache MBean javax.cache:type=CacheStatistics,CacheManager=jar.file./Users/dineshjadhav/Sailpoint/rioiam-remote-test-framework/lib/identityiq.jar!/ehcache.xml,Cache=sailpoint.object.WorkItem.remediationItems
2025-11-25 15:17:08 INFO  org.ehcache.jsr107.Eh107CacheManager - Registering Ehcache MBean javax.cache:type=CacheConfiguration,CacheManager=jar.file./Users/dineshjadhav/Sailpoint/rioiam-remote-test-framework/lib/identityiq.jar!/ehcache.xml,Cache=sailpoint.object.Certification.entities
2025-11-25 15:17:08 INFO  org.ehcache.jsr107.Eh107CacheManager - Registering Ehcache MBean javax.cache:type=CacheStatistics,CacheManager=jar.file./Users/dineshjadhav/Sailpoint/rioiam-remote-test-framework/lib/identityiq.jar!/ehcache.xml,Cache=sailpoint.object.Certification.entities
2025-11-25 15:17:08 INFO  org.ehcache.jsr107.Eh107CacheManager - Registering Ehcache MBean javax.cache:type=CacheConfiguration,CacheManager=jar.file./Users/dineshjadhav/Sailpoint/rioiam-remote-test-framework/lib/identityiq.jar!/ehcache.xml,Cache=sailpoint.object.Category
2025-11-25 15:17:08 INFO  org.ehcache.jsr107.Eh107CacheManager - Registering Ehcache MBean javax.cache:type=CacheStatistics,CacheManager=jar.file./Users/dineshjadhav/Sailpoint/rioiam-remote-test-framework/lib/identityiq.jar!/ehcache.xml,Cache=sailpoint.object.Category
2025-11-25 15:17:08 INFO  org.ehcache.jsr107.Eh107CacheManager - Registering Ehcache MBean javax.cache:type=CacheConfiguration,CacheManager=jar.file./Users/dineshjadhav/Sailpoint/rioiam-remote-test-framework/lib/identityiq.jar!/ehcache.xml,Cache=sailpoint.object.CertificationDelegation
2025-11-25 15:17:08 INFO  org.ehcache.jsr107.Eh107CacheManager - Registering Ehcache MBean javax.cache:type=CacheStatistics,CacheManager=jar.file./Users/dineshjadhav/Sailpoint/rioiam-remote-test-framework/lib/identityiq.jar!/ehcache.xml,Cache=sailpoint.object.CertificationDelegation
2025-11-25 15:17:08 INFO  org.ehcache.jsr107.Eh107CacheManager - Registering Ehcache MBean javax.cache:type=CacheConfiguration,CacheManager=jar.file./Users/dineshjadhav/Sailpoint/rioiam-remote-test-framework/lib/identityiq.jar!/ehcache.xml,Cache=sailpoint.object.GroupDefinition
2025-11-25 15:17:08 INFO  org.ehcache.jsr107.Eh107CacheManager - Registering Ehcache MBean javax.cache:type=CacheStatistics,CacheManager=jar.file./Users/dineshjadhav/Sailpoint/rioiam-remote-test-framework/lib/identityiq.jar!/ehcache.xml,Cache=sailpoint.object.GroupDefinition
2025-11-25 15:17:08 INFO  org.ehcache.jsr107.Eh107CacheManager - Registering Ehcache MBean javax.cache:type=CacheConfiguration,CacheManager=jar.file./Users/dineshjadhav/Sailpoint/rioiam-remote-test-framework/lib/identityiq.jar!/ehcache.xml,Cache=sailpoint.object.Identity.links
2025-11-25 15:17:08 INFO  org.ehcache.jsr107.Eh107CacheManager - Registering Ehcache MBean javax.cache:type=CacheStatistics,CacheManager=jar.file./Users/dineshjadhav/Sailpoint/rioiam-remote-test-framework/lib/identityiq.jar!/ehcache.xml,Cache=sailpoint.object.Identity.links
2025-11-25 15:17:08 INFO  org.ehcache.jsr107.Eh107CacheManager - Registering Ehcache MBean javax.cache:type=CacheConfiguration,CacheManager=jar.file./Users/dineshjadhav/Sailpoint/rioiam-remote-test-framework/lib/identityiq.jar!/ehcache.xml,Cache=sailpoint.object.Identity.exceptions
2025-11-25 15:17:08 INFO  org.ehcache.jsr107.Eh107CacheManager - Registering Ehcache MBean javax.cache:type=CacheStatistics,CacheManager=jar.file./Users/dineshjadhav/Sailpoint/rioiam-remote-test-framework/lib/identityiq.jar!/ehcache.xml,Cache=sailpoint.object.Identity.exceptions
2025-11-25 15:17:08 INFO  org.ehcache.jsr107.Eh107CacheManager - Registering Ehcache MBean javax.cache:type=CacheConfiguration,CacheManager=jar.file./Users/dineshjadhav/Sailpoint/rioiam-remote-test-framework/lib/identityiq.jar!/ehcache.xml,Cache=sailpoint.object.Scope.childScopes
2025-11-25 15:17:08 INFO  org.ehcache.jsr107.Eh107CacheManager - Registering Ehcache MBean javax.cache:type=CacheStatistics,CacheManager=jar.file./Users/dineshjadhav/Sailpoint/rioiam-remote-test-framework/lib/identityiq.jar!/ehcache.xml,Cache=sailpoint.object.Scope.childScopes
2025-11-25 15:17:08 INFO  org.ehcache.jsr107.Eh107CacheManager - Registering Ehcache MBean javax.cache:type=CacheConfiguration,CacheManager=jar.file./Users/dineshjadhav/Sailpoint/rioiam-remote-test-framework/lib/identityiq.jar!/ehcache.xml,Cache=sailpoint.object.ManagedAttribute
2025-11-25 15:17:08 INFO  org.ehcache.jsr107.Eh107CacheManager - Registering Ehcache MBean javax.cache:type=CacheStatistics,CacheManager=jar.file./Users/dineshjadhav/Sailpoint/rioiam-remote-test-framework/lib/identityiq.jar!/ehcache.xml,Cache=sailpoint.object.ManagedAttribute
2025-11-25 15:17:08 INFO  org.ehcache.jsr107.Eh107CacheManager - Registering Ehcache MBean javax.cache:type=CacheConfiguration,CacheManager=jar.file./Users/dineshjadhav/Sailpoint/rioiam-remote-test-framework/lib/identityiq.jar!/ehcache.xml,Cache=sailpoint.object.Application
2025-11-25 15:17:08 INFO  org.ehcache.jsr107.Eh107CacheManager - Registering Ehcache MBean javax.cache:type=CacheStatistics,CacheManager=jar.file./Users/dineshjadhav/Sailpoint/rioiam-remote-test-framework/lib/identityiq.jar!/ehcache.xml,Cache=sailpoint.object.Application
2025-11-25 15:17:08 INFO  org.ehcache.jsr107.Eh107CacheManager - Registering Ehcache MBean javax.cache:type=CacheConfiguration,CacheManager=jar.file./Users/dineshjadhav/Sailpoint/rioiam-remote-test-framework/lib/identityiq.jar!/ehcache.xml,Cache=sailpoint.object.UIPreferences
2025-11-25 15:17:08 INFO  org.ehcache.jsr107.Eh107CacheManager - Registering Ehcache MBean javax.cache:type=CacheStatistics,CacheManager=jar.file./Users/dineshjadhav/Sailpoint/rioiam-remote-test-framework/lib/identityiq.jar!/ehcache.xml,Cache=sailpoint.object.UIPreferences
2025-11-25 15:17:08 INFO  org.ehcache.jsr107.Eh107CacheManager - Registering Ehcache MBean javax.cache:type=CacheConfiguration,CacheManager=jar.file./Users/dineshjadhav/Sailpoint/rioiam-remote-test-framework/lib/identityiq.jar!/ehcache.xml,Cache=sailpoint.object.Request
2025-11-25 15:17:08 INFO  org.ehcache.jsr107.Eh107CacheManager - Registering Ehcache MBean javax.cache:type=CacheStatistics,CacheManager=jar.file./Users/dineshjadhav/Sailpoint/rioiam-remote-test-framework/lib/identityiq.jar!/ehcache.xml,Cache=sailpoint.object.Request
2025-11-25 15:17:08 INFO  org.ehcache.jsr107.Eh107CacheManager - Registering Ehcache MBean javax.cache:type=CacheConfiguration,CacheManager=jar.file./Users/dineshjadhav/Sailpoint/rioiam-remote-test-framework/lib/identityiq.jar!/ehcache.xml,Cache=sailpoint.object.ScoreConfig
2025-11-25 15:17:08 INFO  org.ehcache.jsr107.Eh107CacheManager - Registering Ehcache MBean javax.cache:type=CacheStatistics,CacheManager=jar.file./Users/dineshjadhav/Sailpoint/rioiam-remote-test-framework/lib/identityiq.jar!/ehcache.xml,Cache=sailpoint.object.ScoreConfig
2025-11-25 15:17:08 INFO  org.ehcache.jsr107.Eh107CacheManager - Registering Ehcache MBean javax.cache:type=CacheConfiguration,CacheManager=jar.file./Users/dineshjadhav/Sailpoint/rioiam-remote-test-framework/lib/identityiq.jar!/ehcache.xml,Cache=sailpoint.object.DynamicScope.inclusions
2025-11-25 15:17:08 INFO  org.ehcache.jsr107.Eh107CacheManager - Registering Ehcache MBean javax.cache:type=CacheStatistics,CacheManager=jar.file./Users/dineshjadhav/Sailpoint/rioiam-remote-test-framework/lib/identityiq.jar!/ehcache.xml,Cache=sailpoint.object.DynamicScope.inclusions
2025-11-25 15:17:08 INFO  org.ehcache.jsr107.Eh107CacheManager - Registering Ehcache MBean javax.cache:type=CacheConfiguration,CacheManager=jar.file./Users/dineshjadhav/Sailpoint/rioiam-remote-test-framework/lib/identityiq.jar!/ehcache.xml,Cache=sailpoint.object.MessageTemplate
2025-11-25 15:17:08 INFO  org.ehcache.jsr107.Eh107CacheManager - Registering Ehcache MBean javax.cache:type=CacheStatistics,CacheManager=jar.file./Users/dineshjadhav/Sailpoint/rioiam-remote-test-framework/lib/identityiq.jar!/ehcache.xml,Cache=sailpoint.object.MessageTemplate
2025-11-25 15:17:08 INFO  org.ehcache.jsr107.Eh107CacheManager - Registering Ehcache MBean javax.cache:type=CacheConfiguration,CacheManager=jar.file./Users/dineshjadhav/Sailpoint/rioiam-remote-test-framework/lib/identityiq.jar!/ehcache.xml,Cache=sailpoint.object.EntitlementSnapshot.permissions
2025-11-25 15:17:08 INFO  org.ehcache.jsr107.Eh107CacheManager - Registering Ehcache MBean javax.cache:type=CacheStatistics,CacheManager=jar.file./Users/dineshjadhav/Sailpoint/rioiam-remote-test-framework/lib/identityiq.jar!/ehcache.xml,Cache=sailpoint.object.EntitlementSnapshot.permissions
2025-11-25 15:17:08 INFO  org.ehcache.jsr107.Eh107CacheManager - Registering Ehcache MBean javax.cache:type=CacheConfiguration,CacheManager=jar.file./Users/dineshjadhav/Sailpoint/rioiam-remote-test-framework/lib/identityiq.jar!/ehcache.xml,Cache=sailpoint.object.QuickLink.dynamicScopes
2025-11-25 15:17:08 INFO  org.ehcache.jsr107.Eh107CacheManager - Registering Ehcache MBean javax.cache:type=CacheStatistics,CacheManager=jar.file./Users/dineshjadhav/Sailpoint/rioiam-remote-test-framework/lib/identityiq.jar!/ehcache.xml,Cache=sailpoint.object.QuickLink.dynamicScopes
2025-11-25 15:17:08 INFO  org.ehcache.jsr107.Eh107CacheManager - Registering Ehcache MBean javax.cache:type=CacheConfiguration,CacheManager=jar.file./Users/dineshjadhav/Sailpoint/rioiam-remote-test-framework/lib/identityiq.jar!/ehcache.xml,Cache=sailpoint.object.WorkItem
2025-11-25 15:17:08 INFO  org.ehcache.jsr107.Eh107CacheManager - Registering Ehcache MBean javax.cache:type=CacheStatistics,CacheManager=jar.file./Users/dineshjadhav/Sailpoint/rioiam-remote-test-framework/lib/identityiq.jar!/ehcache.xml,Cache=sailpoint.object.WorkItem
2025-11-25 15:17:08 INFO  org.ehcache.jsr107.Eh107CacheManager - Registering Ehcache MBean javax.cache:type=CacheConfiguration,CacheManager=jar.file./Users/dineshjadhav/Sailpoint/rioiam-remote-test-framework/lib/identityiq.jar!/ehcache.xml,Cache=sailpoint.object.CertificationItem.entitlements
2025-11-25 15:17:08 INFO  org.ehcache.jsr107.Eh107CacheManager - Registering Ehcache MBean javax.cache:type=CacheStatistics,CacheManager=jar.file./Users/dineshjadhav/Sailpoint/rioiam-remote-test-framework/lib/identityiq.jar!/ehcache.xml,Cache=sailpoint.object.CertificationItem.entitlements
2025-11-25 15:17:08 INFO  org.ehcache.jsr107.Eh107CacheManager - Registering Ehcache MBean javax.cache:type=CacheConfiguration,CacheManager=jar.file./Users/dineshjadhav/Sailpoint/rioiam-remote-test-framework/lib/identityiq.jar!/ehcache.xml,Cache=sailpoint.object.BundleArchive
2025-11-25 15:17:08 INFO  org.ehcache.jsr107.Eh107CacheManager - Registering Ehcache MBean javax.cache:type=CacheStatistics,CacheManager=jar.file./Users/dineshjadhav/Sailpoint/rioiam-remote-test-framework/lib/identityiq.jar!/ehcache.xml,Cache=sailpoint.object.BundleArchive
2025-11-25 15:17:08 INFO  org.ehcache.jsr107.Eh107CacheManager - Registering Ehcache MBean javax.cache:type=CacheConfiguration,CacheManager=jar.file./Users/dineshjadhav/Sailpoint/rioiam-remote-test-framework/lib/identityiq.jar!/ehcache.xml,Cache=sailpoint.object.RuleRegistry
2025-11-25 15:17:08 INFO  org.ehcache.jsr107.Eh107CacheManager - Registering Ehcache MBean javax.cache:type=CacheStatistics,CacheManager=jar.file./Users/dineshjadhav/Sailpoint/rioiam-remote-test-framework/lib/identityiq.jar!/ehcache.xml,Cache=sailpoint.object.RuleRegistry
2025-11-25 15:17:08 INFO  org.ehcache.jsr107.Eh107CacheManager - Registering Ehcache MBean javax.cache:type=CacheConfiguration,CacheManager=jar.file./Users/dineshjadhav/Sailpoint/rioiam-remote-test-framework/lib/identityiq.jar!/ehcache.xml,Cache=sailpoint.object.RoleMiningResult
2025-11-25 15:17:08 INFO  org.ehcache.jsr107.Eh107CacheManager - Registering Ehcache MBean javax.cache:type=CacheStatistics,CacheManager=jar.file./Users/dineshjadhav/Sailpoint/rioiam-remote-test-framework/lib/identityiq.jar!/ehcache.xml,Cache=sailpoint.object.RoleMiningResult
2025-11-25 15:17:08 INFO  org.ehcache.jsr107.Eh107CacheManager - Registering Ehcache MBean javax.cache:type=CacheConfiguration,CacheManager=jar.file./Users/dineshjadhav/Sailpoint/rioiam-remote-test-framework/lib/identityiq.jar!/ehcache.xml,Cache=sailpoint.object.AuditEvent
2025-11-25 15:17:08 INFO  org.ehcache.jsr107.Eh107CacheManager - Registering Ehcache MBean javax.cache:type=CacheStatistics,CacheManager=jar.file./Users/dineshjadhav/Sailpoint/rioiam-remote-test-framework/lib/identityiq.jar!/ehcache.xml,Cache=sailpoint.object.AuditEvent
2025-11-25 15:17:08 INFO  org.ehcache.jsr107.Eh107CacheManager - Registering Ehcache MBean javax.cache:type=CacheConfiguration,CacheManager=jar.file./Users/dineshjadhav/Sailpoint/rioiam-remote-test-framework/lib/identityiq.jar!/ehcache.xml,Cache=sailpoint.object.TaskDefinition.signature.arguments
2025-11-25 15:17:08 INFO  org.ehcache.jsr107.Eh107CacheManager - Registering Ehcache MBean javax.cache:type=CacheStatistics,CacheManager=jar.file./Users/dineshjadhav/Sailpoint/rioiam-remote-test-framework/lib/identityiq.jar!/ehcache.xml,Cache=sailpoint.object.TaskDefinition.signature.arguments
2025-11-25 15:17:08 INFO  org.ehcache.jsr107.Eh107CacheManager - Registering Ehcache MBean javax.cache:type=CacheConfiguration,CacheManager=jar.file./Users/dineshjadhav/Sailpoint/rioiam-remote-test-framework/lib/identityiq.jar!/ehcache.xml,Cache=sailpoint.object.Profile.constraints
2025-11-25 15:17:08 INFO  org.ehcache.jsr107.Eh107CacheManager - Registering Ehcache MBean javax.cache:type=CacheStatistics,CacheManager=jar.file./Users/dineshjadhav/Sailpoint/rioiam-remote-test-framework/lib/identityiq.jar!/ehcache.xml,Cache=sailpoint.object.Profile.constraints
2025-11-25 15:17:08 INFO  org.ehcache.jsr107.Eh107CacheManager - Registering Ehcache MBean javax.cache:type=CacheConfiguration,CacheManager=jar.file./Users/dineshjadhav/Sailpoint/rioiam-remote-test-framework/lib/identityiq.jar!/ehcache.xml,Cache=sailpoint.object.ServiceDefinition
2025-11-25 15:17:08 INFO  org.ehcache.jsr107.Eh107CacheManager - Registering Ehcache MBean javax.cache:type=CacheStatistics,CacheManager=jar.file./Users/dineshjadhav/Sailpoint/rioiam-remote-test-framework/lib/identityiq.jar!/ehcache.xml,Cache=sailpoint.object.ServiceDefinition
2025-11-25 15:17:08 INFO  org.ehcache.jsr107.Eh107CacheManager - Registering Ehcache MBean javax.cache:type=CacheConfiguration,CacheManager=jar.file./Users/dineshjadhav/Sailpoint/rioiam-remote-test-framework/lib/identityiq.jar!/ehcache.xml,Cache=sailpoint.object.Tag
2025-11-25 15:17:08 INFO  org.ehcache.jsr107.Eh107CacheManager - Registering Ehcache MBean javax.cache:type=CacheStatistics,CacheManager=jar.file./Users/dineshjadhav/Sailpoint/rioiam-remote-test-framework/lib/identityiq.jar!/ehcache.xml,Cache=sailpoint.object.Tag
2025-11-25 15:17:08 INFO  org.ehcache.jsr107.Eh107CacheManager - Registering Ehcache MBean javax.cache:type=CacheConfiguration,CacheManager=jar.file./Users/dineshjadhav/Sailpoint/rioiam-remote-test-framework/lib/identityiq.jar!/ehcache.xml,Cache=sailpoint.object.UIConfig
2025-11-25 15:17:08 INFO  org.ehcache.jsr107.Eh107CacheManager - Registering Ehcache MBean javax.cache:type=CacheStatistics,CacheManager=jar.file./Users/dineshjadhav/Sailpoint/rioiam-remote-test-framework/lib/identityiq.jar!/ehcache.xml,Cache=sailpoint.object.UIConfig
2025-11-25 15:17:08 INFO  org.ehcache.jsr107.Eh107CacheManager - Registering Ehcache MBean javax.cache:type=CacheConfiguration,CacheManager=jar.file./Users/dineshjadhav/Sailpoint/rioiam-remote-test-framework/lib/identityiq.jar!/ehcache.xml,Cache=sailpoint.object.Schema.attributes
2025-11-25 15:17:08 INFO  org.ehcache.jsr107.Eh107CacheManager - Registering Ehcache MBean javax.cache:type=CacheStatistics,CacheManager=jar.file./Users/dineshjadhav/Sailpoint/rioiam-remote-test-framework/lib/identityiq.jar!/ehcache.xml,Cache=sailpoint.object.Schema.attributes
2025-11-25 15:17:08 INFO  org.ehcache.jsr107.Eh107CacheManager - Registering Ehcache MBean javax.cache:type=CacheConfiguration,CacheManager=jar.file./Users/dineshjadhav/Sailpoint/rioiam-remote-test-framework/lib/identityiq.jar!/ehcache.xml,Cache=sailpoint.object.Scorecard
2025-11-25 15:17:08 INFO  org.ehcache.jsr107.Eh107CacheManager - Registering Ehcache MBean javax.cache:type=CacheStatistics,CacheManager=jar.file./Users/dineshjadhav/Sailpoint/rioiam-remote-test-framework/lib/identityiq.jar!/ehcache.xml,Cache=sailpoint.object.Scorecard
2025-11-25 15:17:08 INFO  org.ehcache.jsr107.Eh107CacheManager - Registering Ehcache MBean javax.cache:type=CacheConfiguration,CacheManager=jar.file./Users/dineshjadhav/Sailpoint/rioiam-remote-test-framework/lib/identityiq.jar!/ehcache.xml,Cache=sailpoint.object.CertificationEntity.items
2025-11-25 15:17:08 INFO  org.ehcache.jsr107.Eh107CacheManager - Registering Ehcache MBean javax.cache:type=CacheStatistics,CacheManager=jar.file./Users/dineshjadhav/Sailpoint/rioiam-remote-test-framework/lib/identityiq.jar!/ehcache.xml,Cache=sailpoint.object.CertificationEntity.items
2025-11-25 15:17:08 INFO  org.ehcache.jsr107.Eh107CacheManager - Registering Ehcache MBean javax.cache:type=CacheConfiguration,CacheManager=jar.file./Users/dineshjadhav/Sailpoint/rioiam-remote-test-framework/lib/identityiq.jar!/ehcache.xml,Cache=sailpoint.object.Rule.referencedRules
2025-11-25 15:17:08 INFO  org.ehcache.jsr107.Eh107CacheManager - Registering Ehcache MBean javax.cache:type=CacheStatistics,CacheManager=jar.file./Users/dineshjadhav/Sailpoint/rioiam-remote-test-framework/lib/identityiq.jar!/ehcache.xml,Cache=sailpoint.object.Rule.referencedRules
2025-11-25 15:17:08 INFO  org.ehcache.jsr107.Eh107CacheManager - Registering Ehcache MBean javax.cache:type=CacheConfiguration,CacheManager=jar.file./Users/dineshjadhav/Sailpoint/rioiam-remote-test-framework/lib/identityiq.jar!/ehcache.xml,Cache=sailpoint.object.ActivityDataSource
2025-11-25 15:17:08 INFO  org.ehcache.jsr107.Eh107CacheManager - Registering Ehcache MBean javax.cache:type=CacheStatistics,CacheManager=jar.file./Users/dineshjadhav/Sailpoint/rioiam-remote-test-framework/lib/identityiq.jar!/ehcache.xml,Cache=sailpoint.object.ActivityDataSource
2025-11-25 15:17:08 INFO  org.ehcache.jsr107.Eh107CacheManager - Registering Ehcache MBean javax.cache:type=CacheConfiguration,CacheManager=jar.file./Users/dineshjadhav/Sailpoint/rioiam-remote-test-framework/lib/identityiq.jar!/ehcache.xml,Cache=sailpoint.object.CertificationDefinition
2025-11-25 15:17:08 INFO  org.ehcache.jsr107.Eh107CacheManager - Registering Ehcache MBean javax.cache:type=CacheStatistics,CacheManager=jar.file./Users/dineshjadhav/Sailpoint/rioiam-remote-test-framework/lib/identityiq.jar!/ehcache.xml,Cache=sailpoint.object.CertificationDefinition
2025-11-25 15:17:08 INFO  org.ehcache.jsr107.Eh107CacheManager - Registering Ehcache MBean javax.cache:type=CacheConfiguration,CacheManager=jar.file./Users/dineshjadhav/Sailpoint/rioiam-remote-test-framework/lib/identityiq.jar!/ehcache.xml,Cache=sailpoint.object.PasswordPolicy
2025-11-25 15:17:08 INFO  org.ehcache.jsr107.Eh107CacheManager - Registering Ehcache MBean javax.cache:type=CacheStatistics,CacheManager=jar.file./Users/dineshjadhav/Sailpoint/rioiam-remote-test-framework/lib/identityiq.jar!/ehcache.xml,Cache=sailpoint.object.PasswordPolicy
2025-11-25 15:17:08 INFO  org.ehcache.jsr107.Eh107CacheManager - Registering Ehcache MBean javax.cache:type=CacheConfiguration,CacheManager=jar.file./Users/dineshjadhav/Sailpoint/rioiam-remote-test-framework/lib/identityiq.jar!/ehcache.xml,Cache=sailpoint.object.RemediationItem
2025-11-25 15:17:08 INFO  org.ehcache.jsr107.Eh107CacheManager - Registering Ehcache MBean javax.cache:type=CacheStatistics,CacheManager=jar.file./Users/dineshjadhav/Sailpoint/rioiam-remote-test-framework/lib/identityiq.jar!/ehcache.xml,Cache=sailpoint.object.RemediationItem
2025-11-25 15:17:08 INFO  org.ehcache.jsr107.Eh107CacheManager - Registering Ehcache MBean javax.cache:type=CacheConfiguration,CacheManager=jar.file./Users/dineshjadhav/Sailpoint/rioiam-remote-test-framework/lib/identityiq.jar!/ehcache.xml,Cache=sailpoint.object.AuditConfig
2025-11-25 15:17:08 INFO  org.ehcache.jsr107.Eh107CacheManager - Registering Ehcache MBean javax.cache:type=CacheStatistics,CacheManager=jar.file./Users/dineshjadhav/Sailpoint/rioiam-remote-test-framework/lib/identityiq.jar!/ehcache.xml,Cache=sailpoint.object.AuditConfig
2025-11-25 15:17:08 INFO  org.ehcache.jsr107.Eh107CacheManager - Registering Ehcache MBean javax.cache:type=CacheConfiguration,CacheManager=jar.file./Users/dineshjadhav/Sailpoint/rioiam-remote-test-framework/lib/identityiq.jar!/ehcache.xml,Cache=sailpoint.object.RequestDefinition.signature.returns
2025-11-25 15:17:08 INFO  org.ehcache.jsr107.Eh107CacheManager - Registering Ehcache MBean javax.cache:type=CacheStatistics,CacheManager=jar.file./Users/dineshjadhav/Sailpoint/rioiam-remote-test-framework/lib/identityiq.jar!/ehcache.xml,Cache=sailpoint.object.RequestDefinition.signature.returns
2025-11-25 15:17:08 INFO  org.ehcache.jsr107.Eh107CacheManager - Registering Ehcache MBean javax.cache:type=CacheConfiguration,CacheManager=jar.file./Users/dineshjadhav/Sailpoint/rioiam-remote-test-framework/lib/identityiq.jar!/ehcache.xml,Cache=sailpoint.object.Identity.controlledScopes
2025-11-25 15:17:08 INFO  org.ehcache.jsr107.Eh107CacheManager - Registering Ehcache MBean javax.cache:type=CacheStatistics,CacheManager=jar.file./Users/dineshjadhav/Sailpoint/rioiam-remote-test-framework/lib/identityiq.jar!/ehcache.xml,Cache=sailpoint.object.Identity.controlledScopes
2025-11-25 15:17:08 INFO  org.ehcache.jsr107.Eh107CacheManager - Registering Ehcache MBean javax.cache:type=CacheConfiguration,CacheManager=jar.file./Users/dineshjadhav/Sailpoint/rioiam-remote-test-framework/lib/identityiq.jar!/ehcache.xml,Cache=sailpoint.object.RequestDefinition.rights
2025-11-25 15:17:08 INFO  org.ehcache.jsr107.Eh107CacheManager - Registering Ehcache MBean javax.cache:type=CacheStatistics,CacheManager=jar.file./Users/dineshjadhav/Sailpoint/rioiam-remote-test-framework/lib/identityiq.jar!/ehcache.xml,Cache=sailpoint.object.RequestDefinition.rights
2025-11-25 15:17:08 INFO  org.ehcache.jsr107.Eh107CacheManager - Registering Ehcache MBean javax.cache:type=CacheConfiguration,CacheManager=jar.file./Users/dineshjadhav/Sailpoint/rioiam-remote-test-framework/lib/identityiq.jar!/ehcache.xml,Cache=sailpoint.object.Rule.signature.arguments
2025-11-25 15:17:08 INFO  org.ehcache.jsr107.Eh107CacheManager - Registering Ehcache MBean javax.cache:type=CacheStatistics,CacheManager=jar.file./Users/dineshjadhav/Sailpoint/rioiam-remote-test-framework/lib/identityiq.jar!/ehcache.xml,Cache=sailpoint.object.Rule.signature.arguments
2025-11-25 15:17:08 INFO  org.ehcache.jsr107.Eh107CacheManager - Registering Ehcache MBean javax.cache:type=CacheConfiguration,CacheManager=jar.file./Users/dineshjadhav/Sailpoint/rioiam-remote-test-framework/lib/identityiq.jar!/ehcache.xml,Cache=sailpoint.object.EntitlementGroup.permissions
2025-11-25 15:17:08 INFO  org.ehcache.jsr107.Eh107CacheManager - Registering Ehcache MBean javax.cache:type=CacheStatistics,CacheManager=jar.file./Users/dineshjadhav/Sailpoint/rioiam-remote-test-framework/lib/identityiq.jar!/ehcache.xml,Cache=sailpoint.object.EntitlementGroup.permissions
2025-11-25 15:17:08 INFO  org.ehcache.jsr107.Eh107CacheManager - Registering Ehcache MBean javax.cache:type=CacheConfiguration,CacheManager=jar.file./Users/dineshjadhav/Sailpoint/rioiam-remote-test-framework/lib/identityiq.jar!/ehcache.xml,Cache=sailpoint.object.Bundle.permits
2025-11-25 15:17:08 INFO  org.ehcache.jsr107.Eh107CacheManager - Registering Ehcache MBean javax.cache:type=CacheStatistics,CacheManager=jar.file./Users/dineshjadhav/Sailpoint/rioiam-remote-test-framework/lib/identityiq.jar!/ehcache.xml,Cache=sailpoint.object.Bundle.permits
2025-11-25 15:17:08 INFO  org.ehcache.jsr107.Eh107CacheManager - Registering Ehcache MBean javax.cache:type=CacheConfiguration,CacheManager=jar.file./Users/dineshjadhav/Sailpoint/rioiam-remote-test-framework/lib/identityiq.jar!/ehcache.xml,Cache=sailpoint.object.Application.secondaryOwners
2025-11-25 15:17:08 INFO  org.ehcache.jsr107.Eh107CacheManager - Registering Ehcache MBean javax.cache:type=CacheStatistics,CacheManager=jar.file./Users/dineshjadhav/Sailpoint/rioiam-remote-test-framework/lib/identityiq.jar!/ehcache.xml,Cache=sailpoint.object.Application.secondaryOwners
2025-11-25 15:17:08 INFO  org.ehcache.jsr107.Eh107CacheManager - Registering Ehcache MBean javax.cache:type=CacheConfiguration,CacheManager=jar.file./Users/dineshjadhav/Sailpoint/rioiam-remote-test-framework/lib/identityiq.jar!/ehcache.xml,Cache=sailpoint.object.AggregateScore
2025-11-25 15:17:08 INFO  org.ehcache.jsr107.Eh107CacheManager - Registering Ehcache MBean javax.cache:type=CacheStatistics,CacheManager=jar.file./Users/dineshjadhav/Sailpoint/rioiam-remote-test-framework/lib/identityiq.jar!/ehcache.xml,Cache=sailpoint.object.AggregateScore
2025-11-25 15:17:08 INFO  org.ehcache.jsr107.Eh107CacheManager - Registering Ehcache MBean javax.cache:type=CacheConfiguration,CacheManager=jar.file./Users/dineshjadhav/Sailpoint/rioiam-remote-test-framework/lib/identityiq.jar!/ehcache.xml,Cache=sailpoint.object.IdentityTrigger
2025-11-25 15:17:08 INFO  org.ehcache.jsr107.Eh107CacheManager - Registering Ehcache MBean javax.cache:type=CacheStatistics,CacheManager=jar.file./Users/dineshjadhav/Sailpoint/rioiam-remote-test-framework/lib/identityiq.jar!/ehcache.xml,Cache=sailpoint.object.IdentityTrigger
2025-11-25 15:17:08 INFO  org.ehcache.jsr107.Eh107CacheManager - Registering Ehcache MBean javax.cache:type=CacheConfiguration,CacheManager=jar.file./Users/dineshjadhav/Sailpoint/rioiam-remote-test-framework/lib/identityiq.jar!/ehcache.xml,Cache=sailpoint.object.WorkflowCase
2025-11-25 15:17:08 INFO  org.ehcache.jsr107.Eh107CacheManager - Registering Ehcache MBean javax.cache:type=CacheStatistics,CacheManager=jar.file./Users/dineshjadhav/Sailpoint/rioiam-remote-test-framework/lib/identityiq.jar!/ehcache.xml,Cache=sailpoint.object.WorkflowCase
2025-11-25 15:17:08 INFO  org.ehcache.jsr107.Eh107CacheManager - Registering Ehcache MBean javax.cache:type=CacheConfiguration,CacheManager=jar.file./Users/dineshjadhav/Sailpoint/rioiam-remote-test-framework/lib/identityiq.jar!/ehcache.xml,Cache=sailpoint.object.Identity.mitigationExpirations
2025-11-25 15:17:08 INFO  org.ehcache.jsr107.Eh107CacheManager - Registering Ehcache MBean javax.cache:type=CacheStatistics,CacheManager=jar.file./Users/dineshjadhav/Sailpoint/rioiam-remote-test-framework/lib/identityiq.jar!/ehcache.xml,Cache=sailpoint.object.Identity.mitigationExpirations
2025-11-25 15:17:08 INFO  org.ehcache.jsr107.Eh107CacheManager - Registering Ehcache MBean javax.cache:type=CacheConfiguration,CacheManager=jar.file./Users/dineshjadhav/Sailpoint/rioiam-remote-test-framework/lib/identityiq.jar!/ehcache.xml,Cache=sailpoint.object.TaskDefinition.rights
2025-11-25 15:17:08 INFO  org.ehcache.jsr107.Eh107CacheManager - Registering Ehcache MBean javax.cache:type=CacheStatistics,CacheManager=jar.file./Users/dineshjadhav/Sailpoint/rioiam-remote-test-framework/lib/identityiq.jar!/ehcache.xml,Cache=sailpoint.object.TaskDefinition.rights
2025-11-25 15:17:08 INFO  org.ehcache.jsr107.Eh107CacheManager - Registering Ehcache MBean javax.cache:type=CacheConfiguration,CacheManager=jar.file./Users/dineshjadhav/Sailpoint/rioiam-remote-test-framework/lib/identityiq.jar!/ehcache.xml,Cache=sailpoint.object.Rule
2025-11-25 15:17:08 INFO  org.ehcache.jsr107.Eh107CacheManager - Registering Ehcache MBean javax.cache:type=CacheStatistics,CacheManager=jar.file./Users/dineshjadhav/Sailpoint/rioiam-remote-test-framework/lib/identityiq.jar!/ehcache.xml,Cache=sailpoint.object.Rule
2025-11-25 15:17:08 INFO  org.ehcache.jsr107.Eh107CacheManager - Registering Ehcache MBean javax.cache:type=CacheConfiguration,CacheManager=jar.file./Users/dineshjadhav/Sailpoint/rioiam-remote-test-framework/lib/identityiq.jar!/ehcache.xml,Cache=sailpoint.object.Application.remediators
2025-11-25 15:17:08 INFO  org.ehcache.jsr107.Eh107CacheManager - Registering Ehcache MBean javax.cache:type=CacheStatistics,CacheManager=jar.file./Users/dineshjadhav/Sailpoint/rioiam-remote-test-framework/lib/identityiq.jar!/ehcache.xml,Cache=sailpoint.object.Application.remediators
2025-11-25 15:17:08 INFO  org.ehcache.jsr107.Eh107CacheManager - Registering Ehcache MBean javax.cache:type=CacheConfiguration,CacheManager=jar.file./Users/dineshjadhav/Sailpoint/rioiam-remote-test-framework/lib/identityiq.jar!/ehcache.xml,Cache=sailpoint.object.Bundle.requirements
2025-11-25 15:17:08 INFO  org.ehcache.jsr107.Eh107CacheManager - Registering Ehcache MBean javax.cache:type=CacheStatistics,CacheManager=jar.file./Users/dineshjadhav/Sailpoint/rioiam-remote-test-framework/lib/identityiq.jar!/ehcache.xml,Cache=sailpoint.object.Bundle.requirements
2025-11-25 15:17:08 INFO  org.ehcache.jsr107.Eh107CacheManager - Registering Ehcache MBean javax.cache:type=CacheConfiguration,CacheManager=jar.file./Users/dineshjadhav/Sailpoint/rioiam-remote-test-framework/lib/identityiq.jar!/ehcache.xml,Cache=sailpoint.object.Capability
2025-11-25 15:17:08 INFO  org.ehcache.jsr107.Eh107CacheManager - Registering Ehcache MBean javax.cache:type=CacheStatistics,CacheManager=jar.file./Users/dineshjadhav/Sailpoint/rioiam-remote-test-framework/lib/identityiq.jar!/ehcache.xml,Cache=sailpoint.object.Capability
2025-11-25 15:17:08 INFO  org.ehcache.jsr107.Eh107CacheManager - Registering Ehcache MBean javax.cache:type=CacheConfiguration,CacheManager=jar.file./Users/dineshjadhav/Sailpoint/rioiam-remote-test-framework/lib/identityiq.jar!/ehcache.xml,Cache=sailpoint.object.QuickLink
2025-11-25 15:17:08 INFO  org.ehcache.jsr107.Eh107CacheManager - Registering Ehcache MBean javax.cache:type=CacheStatistics,CacheManager=jar.file./Users/dineshjadhav/Sailpoint/rioiam-remote-test-framework/lib/identityiq.jar!/ehcache.xml,Cache=sailpoint.object.QuickLink
2025-11-25 15:17:08 INFO  org.ehcache.jsr107.Eh107CacheManager - Registering Ehcache MBean javax.cache:type=CacheConfiguration,CacheManager=jar.file./Users/dineshjadhav/Sailpoint/rioiam-remote-test-framework/lib/identityiq.jar!/ehcache.xml,Cache=sailpoint.object.AuthenticationQuestion
2025-11-25 15:17:08 INFO  org.ehcache.jsr107.Eh107CacheManager - Registering Ehcache MBean javax.cache:type=CacheStatistics,CacheManager=jar.file./Users/dineshjadhav/Sailpoint/rioiam-remote-test-framework/lib/identityiq.jar!/ehcache.xml,Cache=sailpoint.object.AuthenticationQuestion
2025-11-25 15:17:08 INFO  org.ehcache.jsr107.Eh107CacheManager - Registering Ehcache MBean javax.cache:type=CacheConfiguration,CacheManager=jar.file./Users/dineshjadhav/Sailpoint/rioiam-remote-test-framework/lib/identityiq.jar!/ehcache.xml,Cache=sailpoint.object.Link
2025-11-25 15:17:08 INFO  org.ehcache.jsr107.Eh107CacheManager - Registering Ehcache MBean javax.cache:type=CacheStatistics,CacheManager=jar.file./Users/dineshjadhav/Sailpoint/rioiam-remote-test-framework/lib/identityiq.jar!/ehcache.xml,Cache=sailpoint.object.Link
2025-11-25 15:17:08 INFO  org.ehcache.jsr107.Eh107CacheManager - Registering Ehcache MBean javax.cache:type=CacheConfiguration,CacheManager=jar.file./Users/dineshjadhav/Sailpoint/rioiam-remote-test-framework/lib/identityiq.jar!/ehcache.xml,Cache=sailpoint.object.TaskResult
2025-11-25 15:17:08 INFO  org.ehcache.jsr107.Eh107CacheManager - Registering Ehcache MBean javax.cache:type=CacheStatistics,CacheManager=jar.file./Users/dineshjadhav/Sailpoint/rioiam-remote-test-framework/lib/identityiq.jar!/ehcache.xml,Cache=sailpoint.object.TaskResult
2025-11-25 15:17:08 INFO  org.ehcache.jsr107.Eh107CacheManager - Registering Ehcache MBean javax.cache:type=CacheConfiguration,CacheManager=jar.file./Users/dineshjadhav/Sailpoint/rioiam-remote-test-framework/lib/identityiq.jar!/ehcache.xml,Cache=sailpoint.object.Configuration
2025-11-25 15:17:08 INFO  org.ehcache.jsr107.Eh107CacheManager - Registering Ehcache MBean javax.cache:type=CacheStatistics,CacheManager=jar.file./Users/dineshjadhav/Sailpoint/rioiam-remote-test-framework/lib/identityiq.jar!/ehcache.xml,Cache=sailpoint.object.Configuration
2025-11-25 15:17:08 INFO  org.ehcache.jsr107.Eh107CacheManager - Registering Ehcache MBean javax.cache:type=CacheConfiguration,CacheManager=jar.file./Users/dineshjadhav/Sailpoint/rioiam-remote-test-framework/lib/identityiq.jar!/ehcache.xml,Cache=sailpoint.object.Identity.bundles
2025-11-25 15:17:08 INFO  org.ehcache.jsr107.Eh107CacheManager - Registering Ehcache MBean javax.cache:type=CacheStatistics,CacheManager=jar.file./Users/dineshjadhav/Sailpoint/rioiam-remote-test-framework/lib/identityiq.jar!/ehcache.xml,Cache=sailpoint.object.Identity.bundles
2025-11-25 15:17:08 INFO  org.ehcache.jsr107.Eh107CacheManager - Registering Ehcache MBean javax.cache:type=CacheConfiguration,CacheManager=jar.file./Users/dineshjadhav/Sailpoint/rioiam-remote-test-framework/lib/identityiq.jar!/ehcache.xml,Cache=sailpoint.object.RuleRegistry.registry
2025-11-25 15:17:08 INFO  org.ehcache.jsr107.Eh107CacheManager - Registering Ehcache MBean javax.cache:type=CacheStatistics,CacheManager=jar.file./Users/dineshjadhav/Sailpoint/rioiam-remote-test-framework/lib/identityiq.jar!/ehcache.xml,Cache=sailpoint.object.RuleRegistry.registry
2025-11-25 15:17:08 INFO  org.ehcache.jsr107.Eh107CacheManager - Registering Ehcache MBean javax.cache:type=CacheConfiguration,CacheManager=jar.file./Users/dineshjadhav/Sailpoint/rioiam-remote-test-framework/lib/identityiq.jar!/ehcache.xml,Cache=sailpoint.object.Capability.inheritedCapabilities
2025-11-25 15:17:08 INFO  org.ehcache.jsr107.Eh107CacheManager - Registering Ehcache MBean javax.cache:type=CacheStatistics,CacheManager=jar.file./Users/dineshjadhav/Sailpoint/rioiam-remote-test-framework/lib/identityiq.jar!/ehcache.xml,Cache=sailpoint.object.Capability.inheritedCapabilities
2025-11-25 15:17:08 INFO  org.ehcache.jsr107.Eh107CacheManager - Registering Ehcache MBean javax.cache:type=CacheConfiguration,CacheManager=jar.file./Users/dineshjadhav/Sailpoint/rioiam-remote-test-framework/lib/identityiq.jar!/ehcache.xml,Cache=sailpoint.object.Rule.signature.returns
2025-11-25 15:17:08 INFO  org.ehcache.jsr107.Eh107CacheManager - Registering Ehcache MBean javax.cache:type=CacheStatistics,CacheManager=jar.file./Users/dineshjadhav/Sailpoint/rioiam-remote-test-framework/lib/identityiq.jar!/ehcache.xml,Cache=sailpoint.object.Rule.signature.returns
2025-11-25 15:17:08 INFO  org.ehcache.jsr107.Eh107CacheManager - Registering Ehcache MBean javax.cache:type=CacheConfiguration,CacheManager=jar.file./Users/dineshjadhav/Sailpoint/rioiam-remote-test-framework/lib/identityiq.jar!/ehcache.xml,Cache=sailpoint.object.MiningConfig
2025-11-25 15:17:08 INFO  org.ehcache.jsr107.Eh107CacheManager - Registering Ehcache MBean javax.cache:type=CacheStatistics,CacheManager=jar.file./Users/dineshjadhav/Sailpoint/rioiam-remote-test-framework/lib/identityiq.jar!/ehcache.xml,Cache=sailpoint.object.MiningConfig
2025-11-25 15:17:08 INFO  org.ehcache.jsr107.Eh107CacheManager - Registering Ehcache MBean javax.cache:type=CacheConfiguration,CacheManager=jar.file./Users/dineshjadhav/Sailpoint/rioiam-remote-test-framework/lib/identityiq.jar!/ehcache.xml,Cache=sailpoint.object.Scope
2025-11-25 15:17:08 INFO  org.ehcache.jsr107.Eh107CacheManager - Registering Ehcache MBean javax.cache:type=CacheStatistics,CacheManager=jar.file./Users/dineshjadhav/Sailpoint/rioiam-remote-test-framework/lib/identityiq.jar!/ehcache.xml,Cache=sailpoint.object.Scope
2025-11-25 15:17:08 INFO  org.ehcache.jsr107.Eh107CacheManager - Registering Ehcache MBean javax.cache:type=CacheConfiguration,CacheManager=jar.file./Users/dineshjadhav/Sailpoint/rioiam-remote-test-framework/lib/identityiq.jar!/ehcache.xml,Cache=sailpoint.object.DatabaseVersion
2025-11-25 15:17:08 INFO  org.ehcache.jsr107.Eh107CacheManager - Registering Ehcache MBean javax.cache:type=CacheStatistics,CacheManager=jar.file./Users/dineshjadhav/Sailpoint/rioiam-remote-test-framework/lib/identityiq.jar!/ehcache.xml,Cache=sailpoint.object.DatabaseVersion
2025-11-25 15:17:08 INFO  org.ehcache.jsr107.Eh107CacheManager - Registering Ehcache MBean javax.cache:type=CacheConfiguration,CacheManager=jar.file./Users/dineshjadhav/Sailpoint/rioiam-remote-test-framework/lib/identityiq.jar!/ehcache.xml,Cache=sailpoint.object.TaskDefinition
2025-11-25 15:17:08 INFO  org.ehcache.jsr107.Eh107CacheManager - Registering Ehcache MBean javax.cache:type=CacheStatistics,CacheManager=jar.file./Users/dineshjadhav/Sailpoint/rioiam-remote-test-framework/lib/identityiq.jar!/ehcache.xml,Cache=sailpoint.object.TaskDefinition
2025-11-25 15:17:08 INFO  org.ehcache.jsr107.Eh107CacheManager - Registering Ehcache MBean javax.cache:type=CacheConfiguration,CacheManager=jar.file./Users/dineshjadhav/Sailpoint/rioiam-remote-test-framework/lib/identityiq.jar!/ehcache.xml,Cache=sailpoint.object.AccountGroup
2025-11-25 15:17:08 INFO  org.ehcache.jsr107.Eh107CacheManager - Registering Ehcache MBean javax.cache:type=CacheStatistics,CacheManager=jar.file./Users/dineshjadhav/Sailpoint/rioiam-remote-test-framework/lib/identityiq.jar!/ehcache.xml,Cache=sailpoint.object.AccountGroup
2025-11-25 15:17:08 INFO  org.ehcache.jsr107.Eh107CacheManager - Registering Ehcache MBean javax.cache:type=CacheConfiguration,CacheManager=jar.file./Users/dineshjadhav/Sailpoint/rioiam-remote-test-framework/lib/identityiq.jar!/ehcache.xml,Cache=sailpoint.object.CertificationItem.bundleEntitlements
2025-11-25 15:17:08 INFO  org.ehcache.jsr107.Eh107CacheManager - Registering Ehcache MBean javax.cache:type=CacheStatistics,CacheManager=jar.file./Users/dineshjadhav/Sailpoint/rioiam-remote-test-framework/lib/identityiq.jar!/ehcache.xml,Cache=sailpoint.object.CertificationItem.bundleEntitlements
2025-11-25 15:17:08 INFO  org.ehcache.jsr107.Eh107CacheManager - Registering Ehcache MBean javax.cache:type=CacheConfiguration,CacheManager=jar.file./Users/dineshjadhav/Sailpoint/rioiam-remote-test-framework/lib/identityiq.jar!/ehcache.xml,Cache=sailpoint.object.EntitlementGroup
2025-11-25 15:17:08 INFO  org.ehcache.jsr107.Eh107CacheManager - Registering Ehcache MBean javax.cache:type=CacheStatistics,CacheManager=jar.file./Users/dineshjadhav/Sailpoint/rioiam-remote-test-framework/lib/identityiq.jar!/ehcache.xml,Cache=sailpoint.object.EntitlementGroup
2025-11-25 15:17:08 INFO  org.ehcache.jsr107.Eh107CacheManager - Registering Ehcache MBean javax.cache:type=CacheConfiguration,CacheManager=jar.file./Users/dineshjadhav/Sailpoint/rioiam-remote-test-framework/lib/identityiq.jar!/ehcache.xml,Cache=sailpoint.object.EntitlementSnapshot
2025-11-25 15:17:08 INFO  org.ehcache.jsr107.Eh107CacheManager - Registering Ehcache MBean javax.cache:type=CacheStatistics,CacheManager=jar.file./Users/dineshjadhav/Sailpoint/rioiam-remote-test-framework/lib/identityiq.jar!/ehcache.xml,Cache=sailpoint.object.EntitlementSnapshot
2025-11-25 15:17:08 INFO  org.ehcache.jsr107.Eh107CacheManager - Registering Ehcache MBean javax.cache:type=CacheConfiguration,CacheManager=jar.file./Users/dineshjadhav/Sailpoint/rioiam-remote-test-framework/lib/identityiq.jar!/ehcache.xml,Cache=sailpoint.object.Application.schemas
2025-11-25 15:17:08 INFO  org.ehcache.jsr107.Eh107CacheManager - Registering Ehcache MBean javax.cache:type=CacheStatistics,CacheManager=jar.file./Users/dineshjadhav/Sailpoint/rioiam-remote-test-framework/lib/identityiq.jar!/ehcache.xml,Cache=sailpoint.object.Application.schemas
2025-11-25 15:17:08 INFO  org.ehcache.jsr107.Eh107CacheManager - Registering Ehcache MBean javax.cache:type=CacheConfiguration,CacheManager=jar.file./Users/dineshjadhav/Sailpoint/rioiam-remote-test-framework/lib/identityiq.jar!/ehcache.xml,Cache=sailpoint.object.GroupFactory
2025-11-25 15:17:08 INFO  org.ehcache.jsr107.Eh107CacheManager - Registering Ehcache MBean javax.cache:type=CacheStatistics,CacheManager=jar.file./Users/dineshjadhav/Sailpoint/rioiam-remote-test-framework/lib/identityiq.jar!/ehcache.xml,Cache=sailpoint.object.GroupFactory
2025-11-25 15:17:08 INFO  org.ehcache.jsr107.Eh107CacheManager - Registering Ehcache MBean javax.cache:type=CacheConfiguration,CacheManager=jar.file./Users/dineshjadhav/Sailpoint/rioiam-remote-test-framework/lib/identityiq.jar!/ehcache.xml,Cache=sailpoint.object.CertificationChallenge
2025-11-25 15:17:08 INFO  org.ehcache.jsr107.Eh107CacheManager - Registering Ehcache MBean javax.cache:type=CacheStatistics,CacheManager=jar.file./Users/dineshjadhav/Sailpoint/rioiam-remote-test-framework/lib/identityiq.jar!/ehcache.xml,Cache=sailpoint.object.CertificationChallenge
2025-11-25 15:17:08 INFO  org.ehcache.jsr107.Eh107CacheManager - Registering Ehcache MBean javax.cache:type=CacheConfiguration,CacheManager=jar.file./Users/dineshjadhav/Sailpoint/rioiam-remote-test-framework/lib/identityiq.jar!/ehcache.xml,Cache=sailpoint.object.AuthenticationAnswer
2025-11-25 15:17:08 INFO  org.ehcache.jsr107.Eh107CacheManager - Registering Ehcache MBean javax.cache:type=CacheStatistics,CacheManager=jar.file./Users/dineshjadhav/Sailpoint/rioiam-remote-test-framework/lib/identityiq.jar!/ehcache.xml,Cache=sailpoint.object.AuthenticationAnswer
2025-11-25 15:17:08 INFO  org.ehcache.jsr107.Eh107CacheManager - Registering Ehcache MBean javax.cache:type=CacheConfiguration,CacheManager=jar.file./Users/dineshjadhav/Sailpoint/rioiam-remote-test-framework/lib/identityiq.jar!/ehcache.xml,Cache=sailpoint.object.FullTextIndex
2025-11-25 15:17:08 INFO  org.ehcache.jsr107.Eh107CacheManager - Registering Ehcache MBean javax.cache:type=CacheStatistics,CacheManager=jar.file./Users/dineshjadhav/Sailpoint/rioiam-remote-test-framework/lib/identityiq.jar!/ehcache.xml,Cache=sailpoint.object.FullTextIndex
2025-11-25 15:17:08 INFO  org.ehcache.jsr107.Eh107CacheManager - Registering Ehcache MBean javax.cache:type=CacheConfiguration,CacheManager=jar.file./Users/dineshjadhav/Sailpoint/rioiam-remote-test-framework/lib/identityiq.jar!/ehcache.xml,Cache=sailpoint.object.IntegrationConfig
2025-11-25 15:17:08 INFO  org.ehcache.jsr107.Eh107CacheManager - Registering Ehcache MBean javax.cache:type=CacheStatistics,CacheManager=jar.file./Users/dineshjadhav/Sailpoint/rioiam-remote-test-framework/lib/identityiq.jar!/ehcache.xml,Cache=sailpoint.object.IntegrationConfig
2025-11-25 15:17:08 INFO  org.ehcache.jsr107.Eh107CacheManager - Registering Ehcache MBean javax.cache:type=CacheConfiguration,CacheManager=jar.file./Users/dineshjadhav/Sailpoint/rioiam-remote-test-framework/lib/identityiq.jar!/ehcache.xml,Cache=sailpoint.object.RemediationItem.comments
2025-11-25 15:17:08 INFO  org.ehcache.jsr107.Eh107CacheManager - Registering Ehcache MBean javax.cache:type=CacheStatistics,CacheManager=jar.file./Users/dineshjadhav/Sailpoint/rioiam-remote-test-framework/lib/identityiq.jar!/ehcache.xml,Cache=sailpoint.object.RemediationItem.comments
2025-11-25 15:17:08 INFO  org.ehcache.jsr107.Eh107CacheManager - Registering Ehcache MBean javax.cache:type=CacheConfiguration,CacheManager=jar.file./Users/dineshjadhav/Sailpoint/rioiam-remote-test-framework/lib/identityiq.jar!/ehcache.xml,Cache=sailpoint.object.Widget
[...]
2025-11-25 15:17:42 DEBUG s.p.HibernatePersistenceManager - Params: {param0=dinesh.jadhav1 - 1764064032959, param1=dinesh.jadhav1 - 1764064032959, param2=Pending}
2025-11-25 15:17:42 DEBUG sailpoint.persistence.hql - select workItemAlias from sailpoint.object.WorkItem workItemAlias left outer join workItemAlias.workflowCase workItem_workflowCaseAlias0 where ((workItem_workflowCaseAlias0.name = :param0 or workItemAlias.workflowCase.id = :param1) and workItemAlias.state = :param2)
2025-11-25 15:17:42 DEBUG sailpoint.persistence.hql - Query parameters: {param0=dinesh.jadhav1 - 1764064032959, param1=dinesh.jadhav1 - 1764064032959, param2=Pending}
2025-11-25 15:17:42 DEBUG sailpoint.server.Servicer - Starting service thread cycle
2025-11-25 15:17:42 DEBUG sailpoint.server.Servicer - Starting to process services
2025-11-25 15:17:42 DEBUG sailpoint.server.Servicer - Service Cache waiting until 11/25/2025 15:18:12 pm IST
2025-11-25 15:17:42 DEBUG sailpoint.server.Servicer - Service SMListener waiting until 11/25/2025 15:18:13 pm IST
2025-11-25 15:17:42 DEBUG sailpoint.server.Servicer - Service ResourceEvent waiting until 11/25/2025 15:18:13 pm IST
2025-11-25 15:17:42 DEBUG sailpoint.server.Servicer - Service Heartbeat waiting until 11/25/2025 15:17:43 pm IST
2025-11-25 15:17:42 DEBUG sailpoint.server.Servicer - Service Monitoring waiting until 11/25/2025 15:22:13 pm IST
2025-11-25 15:17:42 DEBUG sailpoint.server.Servicer - Service Reanimator waiting until 11/25/2025 15:18:13 pm IST
2025-11-25 15:17:42 DEBUG sailpoint.server.Servicer - Service BundleProfileRelation waiting until 11/25/2025 15:18:13 pm IST
2025-11-25 15:17:42 DEBUG sailpoint.server.Servicer - Service FullText waiting until 11/25/2025 16:17:13 pm IST
2025-11-25 15:17:42 DEBUG sailpoint.server.Servicer - Service PluginImporter waiting until 11/26/2025 15:17:13 pm IST
2025-11-25 15:17:42 DEBUG sailpoint.server.Servicer - Finished processing services
2025-11-25 15:17:42 DEBUG sailpoint.request.RequestProcessor - Starting request processing cycle
2025-11-25 15:17:42 DEBUG sailpoint.server.ResultScoper - Scoping enablement set by context: false
2025-11-25 15:17:42 DEBUG s.p.HibernatePersistenceManager - Composite before reordering 
2025-11-25 15:17:42 DEBUG s.p.HibernatePersistenceManager - <?xml version='1.0' encoding='UTF-8'?>
<!DOCTYPE CompositeFilter PUBLIC "sailpoint.dtd" "sailpoint.dtd">
<CompositeFilter operation="AND">
  <CompositeFilter operation="OR">
    <Filter operation="ISNULL" property="completed"/>
    <Filter operation="EQ" property="completed" value=""/>
  </CompositeFilter>
  <CompositeFilter operation="OR">
    <Filter operation="LE" property="nextLaunch">
      <Value>
        <Date>1764064062913</Date>
      </Value>
    </Filter>
    <Filter operation="ISNULL" property="nextLaunch"/>
  </CompositeFilter>
  <CompositeFilter operation="OR">
    <Filter operation="ISNULL" property="launched"/>
    <Filter operation="EQ" property="launched" value=""/>
  </CompositeFilter>
</CompositeFilter>

2025-11-25 15:17:42 DEBUG s.p.HibernatePersistenceManager - Composite before reordering 
2025-11-25 15:17:42 DEBUG s.p.HibernatePersistenceManager - <?xml version='1.0' encoding='UTF-8'?>
<!DOCTYPE CompositeFilter PUBLIC "sailpoint.dtd" "sailpoint.dtd">
<CompositeFilter operation="OR">
  <Filter operation="ISNULL" property="completed"/>
  <Filter operation="EQ" property="completed" value=""/>
</CompositeFilter>

2025-11-25 15:17:42 DEBUG s.p.HibernatePersistenceManager - Composite after reordering
2025-11-25 15:17:42 DEBUG s.p.HibernatePersistenceManager - <?xml version='1.0' encoding='UTF-8'?>
<!DOCTYPE CompositeFilter PUBLIC "sailpoint.dtd" "sailpoint.dtd">
<CompositeFilter operation="OR">
  <Filter operation="ISNULL" property="completed"/>
  <Filter operation="EQ" property="completed" value=""/>
</CompositeFilter>

2025-11-25 15:17:42 DEBUG s.p.HibernatePersistenceManager - Composite before reordering 
2025-11-25 15:17:42 DEBUG s.p.HibernatePersistenceManager - <?xml version='1.0' encoding='UTF-8'?>
<!DOCTYPE CompositeFilter PUBLIC "sailpoint.dtd" "sailpoint.dtd">
<CompositeFilter operation="OR">
  <Filter operation="LE" property="nextLaunch">
    <Value>
      <Date>1764064062913</Date>
    </Value>
  </Filter>
  <Filter operation="ISNULL" property="nextLaunch"/>
</CompositeFilter>

2025-11-25 15:17:42 DEBUG s.p.HibernatePersistenceManager - Composite after reordering
2025-11-25 15:17:42 DEBUG s.p.HibernatePersistenceManager - <?xml version='1.0' encoding='UTF-8'?>
<!DOCTYPE CompositeFilter PUBLIC "sailpoint.dtd" "sailpoint.dtd">
<CompositeFilter operation="OR">
  <Filter operation="LE" property="nextLaunch">
    <Value>
      <Date>1764064062913</Date>
    </Value>
  </Filter>
  <Filter operation="ISNULL" property="nextLaunch"/>
</CompositeFilter>

2025-11-25 15:17:42 DEBUG s.p.HibernatePersistenceManager - Composite before reordering 
2025-11-25 15:17:42 DEBUG s.p.HibernatePersistenceManager - <?xml version='1.0' encoding='UTF-8'?>
<!DOCTYPE CompositeFilter PUBLIC "sailpoint.dtd" "sailpoint.dtd">
<CompositeFilter operation="OR">
  <Filter operation="ISNULL" property="launched"/>
  <Filter operation="EQ" property="launched" value=""/>
</CompositeFilter>

2025-11-25 15:17:42 DEBUG s.p.HibernatePersistenceManager - Composite after reordering
2025-11-25 15:17:42 DEBUG s.p.HibernatePersistenceManager - <?xml version='1.0' encoding='UTF-8'?>
<!DOCTYPE CompositeFilter PUBLIC "sailpoint.dtd" "sailpoint.dtd">
<CompositeFilter operation="OR">
  <Filter operation="ISNULL" property="launched"/>
  <Filter operation="EQ" property="launched" value=""/>
</CompositeFilter>

2025-11-25 15:17:42 DEBUG s.p.HibernatePersistenceManager - Composite after reordering
2025-11-25 15:17:42 DEBUG s.p.HibernatePersistenceManager - <?xml version='1.0' encoding='UTF-8'?>
<!DOCTYPE CompositeFilter PUBLIC "sailpoint.dtd" "sailpoint.dtd">
<CompositeFilter operation="AND">
  <CompositeFilter operation="OR">
    <Filter operation="ISNULL" property="completed"/>
    <Filter operation="EQ" property="completed" value=""/>
  </CompositeFilter>
  <CompositeFilter operation="OR">
    <Filter operation="LE" property="nextLaunch">
      <Value>
        <Date>1764064062913</Date>
      </Value>
    </Filter>
    <Filter operation="ISNULL" property="nextLaunch"/>
  </CompositeFilter>
  <CompositeFilter operation="OR">
    <Filter operation="ISNULL" property="launched"/>
    <Filter operation="EQ" property="launched" value=""/>
  </CompositeFilter>
</CompositeFilter>

2025-11-25 15:17:42 DEBUG s.p.HibernatePersistenceManager - HQL: select requestAlias.id, requestAlias.name, request_definitionAlias0.name, requestAlias.host, requestAlias.phase, requestAlias.dependentPhase from sailpoint.object.Request requestAlias left outer join requestAlias.definition request_definitionAlias0 where ((requestAlias.completed is null or requestAlias.completed = :param0) and (requestAlias.nextLaunch <= :param1 or requestAlias.nextLaunch is null) and (requestAlias.launched is null or requestAlias.launched = :param2))
2025-11-25 15:17:42 DEBUG s.p.HibernatePersistenceManager - Params: {param0=, param1=Tue Nov 25 15:17:42 IST 2025, param2=}
2025-11-25 15:17:42 DEBUG sailpoint.persistence.hql - select requestAlias.id, requestAlias.name, request_definitionAlias0.name, requestAlias.host, requestAlias.phase, requestAlias.dependentPhase from sailpoint.object.Request requestAlias left outer join requestAlias.definition request_definitionAlias0 where ((requestAlias.completed is null or requestAlias.completed = :param0) and (requestAlias.nextLaunch <= :param1 or requestAlias.nextLaunch is null) and (requestAlias.launched is null or requestAlias.launched = :param2))
2025-11-25 15:17:42 DEBUG sailpoint.persistence.hql - Query parameters: {param0=, param1=Tue Nov 25 15:17:42 IST 2025, param2=}
2025-11-25 15:17:42 INFO  o.h.e.i.StatisticalLoggingSessionEventListener - Session Metrics {
    531875 nanoseconds spent acquiring 1 JDBC connections;
    0 nanoseconds spent releasing 0 JDBC connections;
    514708 nanoseconds spent preparing 1 JDBC statements;
    645458 nanoseconds spent executing 1 JDBC statements;
    0 nanoseconds spent executing 0 JDBC batches;
    0 nanoseconds spent performing 0 L2C puts;
    0 nanoseconds spent performing 0 L2C hits;
    0 nanoseconds spent performing 0 L2C misses;
    0 nanoseconds spent executing 0 flushes (flushing a total of 0 entities and 0 collections);
    6708 nanoseconds spent executing 1 partial-flushes (flushing a total of 0 entities and 0 collections)
}
2025-11-25 15:17:42 INFO  s.persistence.SailPointDataSource - closeConnection 23
2025-11-25 15:17:42 INFO  sailpoint.request.RequestProcessor - Cycle 4 []
2025-11-25 15:17:42 INFO  sailpoint.request.RequestProcessor - Host:Dineshs-MacBook-Air.local: 0 threads running, 0 threads queued
2025-11-25 15:17:42 DEBUG sailpoint.request.RequestProcessor - Sleeping 10 seconds
2025-11-25 15:17:42 INFO  s.persistence.SailPointDataSource - getConnection 24
2025-11-25 15:17:42 INFO  sailpoint.persistence.XmlType - XmlType::nullSafeGet Attributes
2025-11-25 15:17:42 DEBUG s.p.SailPointBaseInterceptor - Not a compressible object. No work to do.
2025-11-25 15:17:42 INFO  sailpoint.persistence.XmlType - XmlType::deepCopy Attributes
2025-11-25 15:17:42 INFO  sailpoint.server.HeartbeatService - Server heartbeat for Dineshs-MacBook-Air.local
2025-11-25 15:17:42 WARN  sailpoint.server.HeartbeatService - Early heartbeat for server Dineshs-MacBook-Air.local
2025-11-25 15:17:42 WARN  sailpoint.server.HeartbeatService - Last: 11/25/2025 15:17:38 pm IST
2025-11-25 15:17:42 WARN  sailpoint.server.HeartbeatService - Now: 11/25/2025 15:17:42 pm IST
2025-11-25 15:17:42 WARN  sailpoint.server.HeartbeatService - Expected: 11/25/2025 15:17:48 pm IST
2025-11-25 15:17:42 INFO  sailpoint.object.SailPointObject - Setting dirty flag on sailpoint.object.Server@5be03da7[id=7f00000199e3198c8199e3b99a070000,name=Dineshs-MacBook-Air.local]
2025-11-25 15:17:42 DEBUG s.p.HibernatePersistenceManager - Session before commit...
2025-11-25 15:17:42 WARN  s.p.HibernatePersistenceManager - *** Hibernate Session for thread HeartbeatThread ***
2025-11-25 15:17:42 WARN  s.p.HibernatePersistenceManager - 1 entities and 0 collections
2025-11-25 15:17:42 WARN  s.p.HibernatePersistenceManager - Entities:
2025-11-25 15:17:42 WARN  s.p.HibernatePersistenceManager -   EntityKey[sailpoint.object.Server#7f00000199e3198c8199e3b99a070000]
2025-11-25 15:17:42 WARN  s.p.HibernatePersistenceManager - Collections:
2025-11-25 15:17:42 WARN  s.p.HibernatePersistenceManager - Statistics[start time=1764064052914,sessions opened=3,sessions closed=3,transactions=4,successful transactions=1,optimistic lock failures=0,flushes=1,connections obtained=3,statements prepared=15,statements closed=0,second level cache puts=0,second level cache hits=0,second level cache misses=0,entities loaded=1,entities updated=1,entities inserted=0,entities deleted=0,entities fetched=0,collections loaded=0,collections updated=0,collections removed=0,collections recreated=0,collections fetched=0,naturalId queries executed to database=0,naturalId cache puts=0,naturalId cache hits=0,naturalId cache misses=0,naturalId max query time=0,queries executed to database=14,query cache puts=0,query cache hits=0,query cache misses=0,update timestamps cache puts=0,update timestamps cache hits=0,update timestamps cache misses=0,max query time=1,query plan cache hits=17,query plan cache misses=0]
2025-11-25 15:17:42 WARN  s.p.HibernatePersistenceManager - L2 Hits:   0
2025-11-25 15:17:42 WARN  s.p.HibernatePersistenceManager - L2 Misses: 0
2025-11-25 15:17:42 WARN  s.p.HibernatePersistenceManager - L2 Puts:   0
2025-11-25 15:17:42 WARN  s.p.HibernatePersistenceManager - QC Hits:   0
2025-11-25 15:17:42 WARN  s.p.HibernatePersistenceManager - QC Misses: 0
2025-11-25 15:17:42 WARN  s.p.HibernatePersistenceManager - QC Puts:   0
2025-11-25 15:17:42 INFO  s.persistence.SailPointInterceptor - Allowing flush of dirty object: Server: Dineshs-MacBook-Air.local
2025-11-25 15:17:42 INFO  sailpoint.persistence.DateType - DateType::equals Tue Oct 14 22:46:55 IST 2025 == Tue Oct 14 22:46:55 IST 2025 --> true
2025-11-25 15:17:42 INFO  sailpoint.persistence.DateType - DateType::equals Tue Nov 25 15:17:38 IST 2025 == Tue Nov 25 15:17:42 IST 2025 --> false
2025-11-25 15:17:42 INFO  sailpoint.persistence.DateType - DateType::equals Tue Nov 25 15:17:38 IST 2025 == Tue Nov 25 15:17:38 IST 2025 --> true
2025-11-25 15:17:42 INFO  sailpoint.persistence.DateType - DateType::equals Tue Nov 25 15:17:38 IST 2025 == Tue Nov 25 15:17:42 IST 2025 --> false
2025-11-25 15:17:42 INFO  sailpoint.persistence.XmlType - XmlType::equals Attributes/Attributes --> true
2025-11-25 15:17:42 DEBUG sailpoint.tools.RFC4180LineParser - Line to Parse[modified]
2025-11-25 15:17:42 DEBUG sailpoint.tools.RFC4180LineParser - Line to Parse[heartbeat]
2025-11-25 15:17:42 INFO  s.persistence.SailPointInterceptor - Flushing Server Dineshs-MacBook-Air.local
2025-11-25 15:17:42 DEBUG s.persistence.SailPointInterceptor - Setting modified timestamp of Server Dineshs-MacBook-Air.local to now 1764064062930
2025-11-25 15:17:42 DEBUG s.persistence.SailPointInterceptor - Setting significantModified timestamp of Server Dineshs-MacBook-Air.local to now 1764064062930
2025-11-25 15:17:42 DEBUG s.p.SailPointBaseInterceptor - Not a compressible object. No work to do.
2025-11-25 15:17:42 INFO  s.persistence.SailPointInterceptor - Allowing flush of dirty object: Server: Dineshs-MacBook-Air.local
2025-11-25 15:17:42 INFO  sailpoint.persistence.DateType - DateType::equals Tue Oct 14 22:46:55 IST 2025 == Tue Oct 14 22:46:55 IST 2025 --> true
2025-11-25 15:17:42 INFO  sailpoint.persistence.DateType - DateType::equals Tue Nov 25 15:17:38 IST 2025 == Tue Nov 25 15:17:42 IST 2025 --> false
2025-11-25 15:17:42 INFO  sailpoint.persistence.DateType - DateType::equals Tue Nov 25 15:17:38 IST 2025 == Tue Nov 25 15:17:42 IST 2025 --> false
2025-11-25 15:17:42 INFO  sailpoint.persistence.DateType - DateType::equals Tue Nov 25 15:17:38 IST 2025 == Tue Nov 25 15:17:42 IST 2025 --> false
2025-11-25 15:17:42 INFO  sailpoint.persistence.XmlType - XmlType::equals Attributes/Attributes --> true
2025-11-25 15:17:42 DEBUG sailpoint.tools.RFC4180LineParser - Line to Parse[modified]
2025-11-25 15:17:42 DEBUG sailpoint.tools.RFC4180LineParser - Line to Parse[significantModified]
2025-11-25 15:17:42 DEBUG sailpoint.tools.RFC4180LineParser - Line to Parse[heartbeat]
2025-11-25 15:17:42 INFO  sailpoint.persistence.XmlType - XmlType::deepCopy Attributes
2025-11-25 15:17:42 INFO  sailpoint.object.SailPointObject - Clearing dirty flag on sailpoint.object.Server@5be03da7[id=7f00000199e3198c8199e3b99a070000,name=Dineshs-MacBook-Air.local]
2025-11-25 15:17:42 INFO  o.h.e.i.StatisticalLoggingSessionEventListener - Session Metrics {
    364583 nanoseconds spent acquiring 1 JDBC connections;
    0 nanoseconds spent releasing 0 JDBC connections;
    534666 nanoseconds spent preparing 2 JDBC statements;
    342792 nanoseconds spent executing 1 JDBC statements;
    561167 nanoseconds spent executing 1 JDBC batches;
    0 nanoseconds spent performing 0 L2C puts;
    0 nanoseconds spent performing 0 L2C hits;
    0 nanoseconds spent performing 0 L2C misses;
    1808333 nanoseconds spent executing 1 flushes (flushing a total of 1 entities and 0 collections);
    2417 nanoseconds spent executing 1 partial-flushes (flushing a total of 0 entities and 0 collections)
}
2025-11-25 15:17:42 INFO  s.persistence.SailPointDataSource - closeConnection 24
2025-11-25 15:17:42 DEBUG sailpoint.server.HeartbeatService - Host: Dineshs-MacBook-Air.local, Heartbeat sleeping 10 seconds
2025-11-25 15:17:43 DEBUG sailpoint.server.ResultScoper - Scoping enablement set by context: false
2025-11-25 15:17:43 DEBUG s.p.HibernatePersistenceManager - Composite before reordering 
2025-11-25 15:17:43 DEBUG s.p.HibernatePersistenceManager - <?xml version='1.0' encoding='UTF-8'?>
<!DOCTYPE CompositeFilter PUBLIC "sailpoint.dtd" "sailpoint.dtd">
<CompositeFilter operation="AND">
  <CompositeFilter operation="OR">
    <Filter operation="EQ" property="workflowCase.name" value="dinesh.jadhav1 - 1764064032959"/>
    <Filter operation="EQ" property="workflowCase.id" value="dinesh.jadhav1 - 1764064032959"/>
  </CompositeFilter>
  <Filter operation="EQ" property="state">
    <Value>
      <WorkItemState>Pending</WorkItemState>
    </Value>
  </Filter>
</CompositeFilter>

2025-11-25 15:17:43 DEBUG s.p.HibernatePersistenceManager - Composite before reordering 
2025-11-25 15:17:43 DEBUG s.p.HibernatePersistenceManager - <?xml version='1.0' encoding='UTF-8'?>
<!DOCTYPE CompositeFilter PUBLIC "sailpoint.dtd" "sailpoint.dtd">
<CompositeFilter operation="OR">
  <Filter operation="EQ" property="workflowCase.name" value="dinesh.jadhav1 - 1764064032959"/>
  <Filter operation="EQ" property="workflowCase.id" value="dinesh.jadhav1 - 1764064032959"/>
</CompositeFilter>

2025-11-25 15:17:43 DEBUG s.p.HibernatePersistenceManager - Composite after reordering
2025-11-25 15:17:43 DEBUG s.p.HibernatePersistenceManager - <?xml version='1.0' encoding='UTF-8'?>
<!DOCTYPE CompositeFilter PUBLIC "sailpoint.dtd" "sailpoint.dtd">
<CompositeFilter operation="OR">
  <Filter operation="EQ" property="workflowCase.name" value="dinesh.jadhav1 - 1764064032959"/>
  <Filter operation="EQ" property="workflowCase.id" value="dinesh.jadhav1 - 1764064032959"/>
</CompositeFilter>

2025-11-25 15:17:43 DEBUG s.p.HibernatePersistenceManager - Composite after reordering
2025-11-25 15:17:43 DEBUG s.p.HibernatePersistenceManager - <?xml version='1.0' encoding='UTF-8'?>
<!DOCTYPE CompositeFilter PUBLIC "sailpoint.dtd" "sailpoint.dtd">
<CompositeFilter operation="AND">
  <CompositeFilter operation="OR">
    <Filter operation="EQ" property="workflowCase.name" value="dinesh.jadhav1 - 1764064032959"/>
    <Filter operation="EQ" property="workflowCase.id" value="dinesh.jadhav1 - 1764064032959"/>
  </CompositeFilter>
  <Filter operation="EQ" property="state">
    <Value>
      <WorkItemState>Pending</WorkItemState>
    </Value>
  </Filter>
</CompositeFilter>

2025-11-25 15:17:43 DEBUG s.p.HibernatePersistenceManager - HQL: select workItemAlias from sailpoint.object.WorkItem workItemAlias left outer join workItemAlias.workflowCase workItem_workflowCaseAlias0 where ((workItem_workflowCaseAlias0.name = :param0 or workItemAlias.workflowCase.id = :param1) and workItemAlias.state = :param2)
2025-11-25 15:17:43 DEBUG s.p.HibernatePersistenceManager - Params: {param0=dinesh.jadhav1 - 1764064032959, param1=dinesh.jadhav1 - 1764064032959, param2=Pending}
2025-11-25 15:17:43 DEBUG sailpoint.persistence.hql - select workItemAlias from sailpoint.object.WorkItem workItemAlias left outer join workItemAlias.workflowCase workItem_workflowCaseAlias0 where ((workItem_workflowCaseAlias0.name = :param0 or workItemAlias.workflowCase.id = :param1) and workItemAlias.state = :param2)
2025-11-25 15:17:43 DEBUG sailpoint.persistence.hql - Query parameters: {param0=dinesh.jadhav1 - 1764064032959, param1=dinesh.jadhav1 - 1764064032959, param2=Pending}
2025-11-25 15:17:43 WARN  c.r.iiq.workflow.WorkItemHandler - ✗ Timeout waiting for Form work item
2025-11-25 15:17:43 INFO  c.r.i.w.a.ActivateDeactivateIdentityCompleteTest - Cleaning up workflow test environment
2025-11-25 15:17:43 INFO  c.r.i.w.a.ActivateDeactivateIdentityCompleteTest - ========================================
2025-11-25 15:17:43 INFO  c.r.i.w.a.ActivateDeactivateIdentityCompleteTest - Test completed: ActivateDeactivateIdentityCompleteTest
2025-11-25 15:17:43 INFO  c.r.i.w.a.ActivateDeactivateIdentityCompleteTest - ========================================
]]></system-out>
  </testcase>
</testsuite>